Remove Pin from Net: Failed to remove Pin
Removed Pin From Net: NetName=GND Pin=U?-5
Removed Pin From Net: NetName=nSLEEP Pin=U?-13
Removed Pin From Net: NetName=R_EN Pin=U?-14
Change Component Designator: OldDesignator=C? NewDesignator=C1
Change Component Designator: OldDesignator=C? NewDesignator=C2
Change Component Designator: OldDesignator=C? NewDesignator=C3
Change Component Designator: OldDesignator=C? NewDesignator=C4
Change Component Designator: OldDesignator=C? NewDesignator=C5
Change Component Designator: OldDesignator=C? NewDesignator=C6
Change Component Designator: OldDesignator=C? NewDesignator=C7
Change Component Designator: OldDesignator=C? NewDesignator=C8
Change Component Designator: OldDesignator=C? NewDesignator=C9
Change Component Designator: OldDesignator=C? NewDesignator=C10
Change Component Designator: OldDesignator=C? NewDesignator=C11
Change Component Designator: OldDesignator=C? NewDesignator=C12
Change Component Designator: OldDesignator=D? NewDesignator=D1
Change Component Designator: OldDesignator=D? NewDesignator=D2
Change Component Designator: OldDesignator=D? NewDesignator=D3
Change Component Designator: OldDesignator=D? NewDesignator=D5
Change Component Designator: OldDesignator=J? NewDesignator=J1
Change Component Designator: OldDesignator=J? NewDesignator=J2
Change Component Designator: OldDesignator=J? NewDesignator=J3
Change Component Designator: OldDesignator=Q? NewDesignator=Q1
Change Component Designator: OldDesignator=Q? NewDesignator=Q2
Change Component Designator: OldDesignator=Q? NewDesignator=Q3
Change Component Designator: OldDesignator=Q? NewDesignator=Q4
Change Component Designator: OldDesignator=Q? NewDesignator=Q5
Change Component Designator: OldDesignator=Q? NewDesignator=Q6
Change Component Designator: OldDesignator=Q? NewDesignator=Q7
Change Component Designator: OldDesignator=Q? NewDesignator=Q8
Change Component Designator: OldDesignator=R? NewDesignator=R1
Change Component Designator: OldDesignator=R? NewDesignator=R2
Change Component Designator: OldDesignator=R? NewDesignator=R3
Change Component Designator: OldDesignator=R? NewDesignator=R4
Change Component Designator: OldDesignator=R? NewDesignator=R5
Change Component Designator: OldDesignator=R? NewDesignator=R6
Change Component Designator: OldDesignator=R? NewDesignator=R7
Change Component Designator: OldDesignator=U? NewDesignator=U2
Change Component Designator: OldDesignator=XH? NewDesignator=XH1
Add Component: Footprint Not Found SOD-123
Add Component: Footprint Not Found CT 2.0*5*8 - C
Add Component: Footprint Not Found SS-12F23
Add Component: Footprint Not Found QFN24-4*4_M
Add Component: Footprint Not Found QFN24-4*4_M
Add Pin To Net: Unknown Pin: Pin D4-A
Add Pin To Net: Unknown Pin: Pin D4-K
Add Pin To Net: Unknown Pin: Pin E1-1
Add Pin To Net: Unknown Pin: Pin E1-2
Add Pin To Net: Unknown Pin: Pin S1-1
Add Pin To Net: Unknown Pin: Pin S1-2
Add Pin To Net: Unknown Pin: Pin U1-0
Add Pin To Net: Unknown Pin: Pin U1-1
Add Pin To Net: Unknown Pin: Pin U1-5
Add Pin To Net: Unknown Pin: Pin U1-8
Add Pin To Net: Unknown Pin: Pin U1-13
Add Pin To Net: Unknown Pin: Pin U1-14
Add Pin To Net: Unknown Pin: Pin U1-15
Add Pin To Net: Unknown Pin: Pin U1-16
Add Pin To Net: Unknown Pin: Pin U1-18
Add Pin To Net: Unknown Pin: Pin U1-20
Add Pin To Net: Unknown Pin: Pin U1-21
Add Pin To Net: Unknown Pin: Pin U1-23
Added Pin To Net: NetName=GND Pin=U2-1
Added Pin To Net: NetName=L_EN_IN Pin=U2-5
Added Pin To Net: NetName=R_EN Pin=U2-8
Added Pin To Net: NetName=GND Pin=U2-13
Added Pin To Net: NetName=DVDD Pin=U2-14
Add Pin To Net: Unknown Pin: Pin U3-0
Add Pin To Net: Unknown Pin: Pin U3-1
Add Pin To Net: Unknown Pin: Pin U3-5
Add Pin To Net: Unknown Pin: Pin U3-13
Add Pin To Net: Unknown Pin: Pin U3-14
Add Pin To Net: Unknown Pin: Pin U3-15
Add Pin To Net: Unknown Pin: Pin U3-16
Add Pin To Net: Unknown Pin: Pin U3-18
Add Pin To Net: Unknown Pin: Pin U3-20
Add Pin To Net: Unknown Pin: Pin U3-21
Add Pin To Net: Unknown Pin: Pin U3-23
Change Net Name : Old Net Name=NetC?_1 New Net Name=NetC2_2
Change Net Name : Old Net Name=NetC?_1 New Net Name=NetC8_2
Change Net Name : Old Net Name=NetD?_1 New Net Name=NetD2_1
Change Net Name : Old Net Name=NetD?_1 New Net Name=NetD5_1
Added Pin To Net: NetName=NetC1_1 Pin=C1-1
Added Net: Name=NetC1_1
Added Pin To Net: NetName=NetC1_2 Pin=C1-2
Added Net: Name=NetC1_2
Added Pin To Net: NetName=NetC2_1 Pin=C2-1
Added Net: Name=NetC2_1
Added Pin To Net: NetName=NetC5_2 Pin=C5-2
Added Net: Name=NetC5_2
Added Pin To Net: NetName=NetC7_1 Pin=C7-1
Added Net: Name=NetC7_1
Added Pin To Net: NetName=NetC7_2 Pin=C7-2
Added Net: Name=NetC7_2
Added Pin To Net: NetName=NetC8_1 Pin=C8-1
Added Net: Name=NetC8_1
Added Pin To Net: NetName=NetC11_2 Pin=C11-2
Added Net: Name=NetC11_2
Added Pin To Net: NetName=NetC12_2 Pin=C12-2
Added Net: Name=NetC12_2
Added Pin To Net: NetName=NetQ1_2 Pin=Q1-2
Added Net: Name=NetQ1_2
Added Pin To Net: NetName=NetQ2_2 Pin=Q2-2
Added Net: Name=NetQ2_2
Added Pin To Net: NetName=NetQ3_2 Pin=Q3-2
Added Net: Name=NetQ3_2
Added Pin To Net: NetName=NetQ4_2 Pin=Q4-2
Added Net: Name=NetQ4_2
Added Pin To Net: NetName=NetQ5_2 Pin=Q5-2
Added Net: Name=NetQ5_2
Added Pin To Net: NetName=NetQ6_2 Pin=Q6-2
Added Net: Name=NetQ6_2
Added Pin To Net: NetName=NetQ7_2 Pin=Q7-2
Added Net: Name=NetQ7_2
Added Pin To Net: NetName=NetQ8_2 Pin=Q8-2
Added Net: Name=NetQ8_2
Added Member To Class: ClassName=DRV8701ESheet Member=Component C1 100nF
Added Member To Class: ClassName=DRV8701ESheet Member=Component C2 1uF
Added Member To Class: ClassName=DRV8701ESheet Member=Component C3 10uF
Added Member To Class: ClassName=DRV8701ESheet Member=Component C4 100nF
Added Member To Class: ClassName=DRV8701ESheet Member=Component C5 1uF
Added Member To Class: ClassName=DRV8701ESheet Member=Component C7 100nF
Added Member To Class: ClassName=DRV8701ESheet Member=Component C8 1uF
Added Member To Class: ClassName=DRV8701ESheet Member=Component C9 10uF
Added Member To Class: ClassName=DRV8701ESheet Member=Component C10 100nF
Added Member To Class: ClassName=DRV8701ESheet Member=Component C11 1uF
Added Member To Class: ClassName=DRV8701ESheet Member=Component C12 1uF
Added Member To Class: ClassName=DRV8701ESheet Member=Component D1 1N5819
Added Member To Class: ClassName=DRV8701ESheet Member=Component D2 LED
Added Member To Class: ClassName=DRV8701ESheet Member=Component D3 1N5819
Add Class Member: Failed to add class member : Component D4 BZT52C3V3
Add Class Member: Failed to add class member : Component E1 220uF/25V
Added Member To Class: ClassName=DRV8701ESheet Member=Component J1 XT30
Added Member To Class: ClassName=DRV8701ESheet Member=Component J3 XT30
Added Member To Class: ClassName=DRV8701ESheet Member=Component Q1 TPH1R403NL
Added Member To Class: ClassName=DRV8701ESheet Member=Component Q2 TPH1R403NL
Added Member To Class: ClassName=DRV8701ESheet Member=Component Q3 TPH1R403NL
Added Member To Class: ClassName=DRV8701ESheet Member=Component Q4 TPH1R403NL
Added Member To Class: ClassName=DRV8701ESheet Member=Component Q5 TPH1R403NL
Added Member To Class: ClassName=DRV8701ESheet Member=Component Q6 TPH1R403NL
Added Member To Class: ClassName=DRV8701ESheet Member=Component Q8 TPH1R403NL
Added Member To Class: ClassName=DRV8701ESheet Member=Component R2 2.2K
Added Member To Class: ClassName=DRV8701ESheet Member=Component R3 1K
Added Member To Class: ClassName=DRV8701ESheet Member=Component R4 10K
Added Member To Class: ClassName=DRV8701ESheet Member=Component R5 10K
Added Member To Class: ClassName=DRV8701ESheet Member=Component R6 10K
Added Member To Class: ClassName=DRV8701ESheet Member=Component R7 10K
Add Class Member: Failed to add class member : Component S1 SS-12F23
Add Class Member: Failed to add class member : Component U1 DRV8701E
Add Class Member: Failed to add class member : Component U3 DRV8701E
