Change Component Footprint: Designator=编码器1 Old Footprint=IDC2.54-6P New Footprint=DC3-6P-2.54mm
Change Component Footprint: Designator=M1 Old Footprint=M3-MountHole New Footprint=M3x12+6_N
Change Component Footprint: Designator=M2 Old Footprint=M3-MountHole New Footprint=M3x12+6_N
Change Component Footprint: Designator=M3 Old Footprint=M3-MountHole New Footprint=M3x12+6_N
Change Component Footprint: Designator=M4 Old Footprint=M3-MountHole New Footprint=M3x12+6_N
Change Component Footprint: Designator=P5 Old Footprint=XT30-M New Footprint=DC3-6P-2.54mm
Change Component Footprint: Designator=P13 Old Footprint=XT30-M New Footprint=DC3-6P-2.54mm
Change Component Footprint: Designator=P10 Old Footprint=XT30-M New Footprint=KF/WJ/DG 301-2p-5.0mm
Change Component Footprint: Designator=P17 Old Footprint=XT30-M New Footprint=KF/WJ/DG 301-2p-5.0mm
Change Component Comment : Designator=P5 Old Comment=KF/WJ/DG 30x connecter New Comment=Header-D-M 2x3P
Change Component Comment : Designator=P13 Old Comment=KF/WJ/DG 30x connecter New Comment=Header-D-M 2x3P
Change Component Designator: OldDesignator=3V3电源指示灯 NewDesignator=LED4
Change Component Designator: OldDesignator=5V*EXT电源指示灯 NewDesignator=LED2
Change Component Designator: OldDesignator=5V电源指示灯 NewDesignator=LED3
Change Component Designator: OldDesignator=CSI_3V3电源指示灯 NewDesignator=LED5
Change Component Designator: OldDesignator=CSI摄像头接口 NewDesignator=P1
Change Component Designator: OldDesignator=UART1 NewDesignator=UART2
Change Component Designator: OldDesignator=UART2 NewDesignator=UART1
Change Component Designator: OldDesignator=主板电源开关 NewDesignator=S1
Change Component Designator: OldDesignator=姿态传感器接口 NewDesignator=P3
Change Component Designator: OldDesignator=屏幕接口 NewDesignator=P6
Change Component Designator: OldDesignator=总电源接口 NewDesignator=DCIN1
Change Component Designator: OldDesignator=无线串口 NewDesignator=P11
Change Component Designator: OldDesignator=电磁铁接口1 NewDesignator=P2
Change Component Designator: OldDesignator=电磁铁接口2 NewDesignator=P7
Change Component Designator: OldDesignator=电磁锁接口 NewDesignator=P29
Change Component Designator: OldDesignator=编码器1 NewDesignator=P9
Change Component Designator: OldDesignator=舵机接口1 NewDesignator=P18
Change Component Designator: OldDesignator=舵机接口2 NewDesignator=P12
Change Component Designator: OldDesignator=舵机接口3 NewDesignator=P15
Change Component Designator: OldDesignator=舵机电源指示灯 NewDesignator=LED1
Change Component Designator: OldDesignator=蓝牙数据发接口 NewDesignator=P20
Change component parameters: Designator = "P5" ("P5"); Footprint = "XT30-M"; UniqueID = "\IBEKYOND" ("\IBEKYOND")
Change component parameters (AddParameter): Name = "Revision"; Value = "V1.0"; VariantName = "[No Variations]"
Change component parameters (AddParameter): Name = "Value"; Value = "Header-D-M 2x3P"; VariantName = "[No Variations]"
Change component parameters: Designator = "P13" ("P13"); Footprint = "XT30-M"; UniqueID = "\PRQYBTPK" ("\PRQYBTPK")
Change component parameters (AddParameter): Name = "Revision"; Value = "V1.0"; VariantName = "[No Variations]"
Change component parameters (AddParameter): Name = "Value"; Value = "Header-D-M 2x3P"; VariantName = "[No Variations]"
Added Component: Designator=P4(DC3-6P-2.54mm)
Add component (AddParameter): Name = "Revision"; Value = "V1.0"; VariantName = "[No Variations]"
Add component (AddParameter): Name = "Value"; Value = "Header-D-M 2x3P"; VariantName = "[No Variations]"
Added Component: Designator=P8(DC3-6P-2.54mm)
Add component (AddParameter): Name = "Revision"; Value = "V1.0"; VariantName = "[No Variations]"
Add component (AddParameter): Name = "Value"; Value = "Header-D-M 2x3P"; VariantName = "[No Variations]"
Added Component: Designator=P14(DC3-6P-2.54mm)
Add component (AddParameter): Name = "Revision"; Value = "V1.0"; VariantName = "[No Variations]"
Add component (AddParameter): Name = "Value"; Value = "Header-D-M 2x3P"; VariantName = "[No Variations]"
Added Pin To Net: NetName=3V3 Pin=C6-1
Added Pin To Net: NetName=3V3 Pin=C8-2
Added Pin To Net: NetName=3V3 Pin=P3-1
Added Pin To Net: NetName=3V3 Pin=P6-2
Added Pin To Net: NetName=3V3 Pin=P8-2
Added Pin To Net: NetName=3V3 Pin=P9-2
Added Pin To Net: NetName=3V3 Pin=P13-2
Added Pin To Net: NetName=3V3 Pin=P14-2
Added Pin To Net: NetName=3V3 Pin=P20-1
Added Pin To Net: NetName=3V3 Pin=R6-2
Added Pin To Net: NetName=3V3 Pin=R7-2
Added Pin To Net: NetName=3V3 Pin=R19-2
Added Pin To Net: NetName=3V3 Pin=R23-1
Added Pin To Net: NetName=3V3 Pin=R24-1
Added Pin To Net: NetName=3V3 Pin=R25-1
Added Pin To Net: NetName=3V3 Pin=R26-1
Added Pin To Net: NetName=3V3 Pin=R51-2
Added Pin To Net: NetName=3V3 Pin=U2-5
Added Net: Name=3V3
Added Pin To Net: NetName=B0 Pin=P6-3
Added Pin To Net: NetName=B0 Pin=U1-23
Added Net: Name=B0
Added Pin To Net: NetName=B1 Pin=P6-4
Added Pin To Net: NetName=B1 Pin=U1-24
Added Net: Name=B1
Added Pin To Net: NetName=B2 Pin=P6-5
Added Pin To Net: NetName=B2 Pin=U1-25
Added Net: Name=B2
Added Pin To Net: NetName=B3 Pin=P6-7
Added Pin To Net: NetName=B3 Pin=U1-26
Added Net: Name=B3
Added Pin To Net: NetName=B11 Pin=R20-2
Added Pin To Net: NetName=B11 Pin=R21-2
Added Pin To Net: NetName=B11 Pin=U1-47
Added Net: Name=B11
Added Pin To Net: NetName=B12 Pin=U1-29
Added Pin To Net: NetName=B12 Pin=UART1-4
Added Net: Name=B12
Added Pin To Net: NetName=B13 Pin=U1-27
Added Pin To Net: NetName=B13 Pin=UART1-3
Added Net: Name=B13
Added Pin To Net: NetName=B14 Pin=R28-2
Added Pin To Net: NetName=B14 Pin=U1-30
Added Net: Name=B14
Added Pin To Net: NetName=B16 Pin=R30-2
Added Pin To Net: NetName=B16 Pin=U1-32
Added Net: Name=B16
Added Pin To Net: NetName=B17 Pin=R32-2
Added Pin To Net: NetName=B17 Pin=U1-31
Added Net: Name=B17
Added Pin To Net: NetName=B18 Pin=P20-3
Added Pin To Net: NetName=B18 Pin=U1-34
Added Net: Name=B18
Added Pin To Net: NetName=B19 Pin=P20-4
Added Pin To Net: NetName=B19 Pin=U1-33
Added Net: Name=B19
Added Pin To Net: NetName=B20 Pin=P1-15
Added Pin To Net: NetName=B20 Pin=U1-36
Added Net: Name=B20
Added Pin To Net: NetName=B22 Pin=P1-5
Added Pin To Net: NetName=B22 Pin=U1-38
Added Net: Name=B22
Added Pin To Net: NetName=B24 Pin=P1-2
Added Pin To Net: NetName=B24 Pin=U1-40
Added Net: Name=B24
Added Pin To Net: NetName=B25 Pin=P1-4
Added Pin To Net: NetName=B25 Pin=U1-39
Added Net: Name=B25
Added Pin To Net: NetName=B26 Pin=P1-6
Added Pin To Net: NetName=B26 Pin=U1-42
Added Net: Name=B26
Added Pin To Net: NetName=B27 Pin=P1-8
Added Pin To Net: NetName=B27 Pin=U1-41
Added Net: Name=B27
Added Pin To Net: NetName=B28 Pin=P1-10
Added Pin To Net: NetName=B28 Pin=U1-46
Added Net: Name=B28
Added Pin To Net: NetName=B29 Pin=P1-12
Added Pin To Net: NetName=B29 Pin=U1-45
Added Net: Name=B29
Added Pin To Net: NetName=B30 Pin=P1-14
Added Pin To Net: NetName=B30 Pin=U1-43
Added Net: Name=B30
Added Pin To Net: NetName=B31 Pin=P1-16
Added Pin To Net: NetName=B31 Pin=U1-44
Added Net: Name=B31
Added Pin To Net: NetName=C0 Pin=P14-3
Added Pin To Net: NetName=C0 Pin=U1-82
Added Net: Name=C0
Added Pin To Net: NetName=C1 Pin=P14-4
Added Pin To Net: NetName=C1 Pin=U1-79
Added Net: Name=C1
Added Pin To Net: NetName=C2 Pin=P13-3
Added Pin To Net: NetName=C2 Pin=U1-80
Added Net: Name=C2
Added Pin To Net: NetName=C3 Pin=P8-3
Added Pin To Net: NetName=C3 Pin=U1-77
Added Net: Name=C3
Added Pin To Net: NetName=C4 Pin=P8-4
Added Pin To Net: NetName=C4 Pin=U1-78
Added Net: Name=C4
Added Pin To Net: NetName=C5 Pin=P9-3
Added Pin To Net: NetName=C5 Pin=U1-75
Added Net: Name=C5
Added Pin To Net: NetName=C6 Pin=R18-2
Added Pin To Net: NetName=C6 Pin=U1-76
Added Net: Name=C6
Added Pin To Net: NetName=C9 Pin=R1-2
Added Pin To Net: NetName=C9 Pin=U1-71
Added Net: Name=C9
Added Pin To Net: NetName=C10 Pin=R5-2
Added Pin To Net: NetName=C10 Pin=U1-72
Added Net: Name=C10
Added Pin To Net: NetName=C12 Pin=R26-2
Added Pin To Net: NetName=C12 Pin=R34-2
Added Pin To Net: NetName=C12 Pin=U1-70
Added Net: Name=C12
Added Pin To Net: NetName=C13 Pin=R24-2
Added Pin To Net: NetName=C13 Pin=R31-2
Added Pin To Net: NetName=C13 Pin=U1-67
Added Net: Name=C13
Added Pin To Net: NetName=C14 Pin=R25-2
Added Pin To Net: NetName=C14 Pin=R33-2
Added Pin To Net: NetName=C14 Pin=U1-68
Added Net: Name=C14
Added Pin To Net: NetName=C15 Pin=R23-2
Added Pin To Net: NetName=C15 Pin=R29-2
Added Pin To Net: NetName=C15 Pin=U1-65
Added Net: Name=C15
Added Pin To Net: NetName=C16 Pin=U1-66
Added Pin To Net: NetName=C16 Pin=UART2-4
Added Net: Name=C16
Added Pin To Net: NetName=C17 Pin=U1-63
Added Pin To Net: NetName=C17 Pin=UART2-3
Added Net: Name=C17
Added Pin To Net: NetName=C18 Pin=P6-8
Added Pin To Net: NetName=C18 Pin=U1-64
Added Net: Name=C18
Added Pin To Net: NetName=C19 Pin=P6-6
Added Pin To Net: NetName=C19 Pin=U1-61
Added Net: Name=C19
Added Pin To Net: NetName=C20 Pin=P3-6
Added Pin To Net: NetName=C20 Pin=U1-62
Added Net: Name=C20
Added Pin To Net: NetName=C21 Pin=P3-5
Added Pin To Net: NetName=C21 Pin=U1-59
Added Net: Name=C21
Added Pin To Net: NetName=C22 Pin=P3-4
Added Pin To Net: NetName=C22 Pin=U1-60
Added Net: Name=C22
Added Pin To Net: NetName=C23 Pin=P3-3
Added Pin To Net: NetName=C23 Pin=U1-57
Added Net: Name=C23
Added Pin To Net: NetName=C24 Pin=P13-4
Added Pin To Net: NetName=C24 Pin=U1-58
Added Net: Name=C24
Added Pin To Net: NetName=C25 Pin=P9-4
Added Pin To Net: NetName=C25 Pin=U1-55
Added Net: Name=C25
Added Pin To Net: NetName=C26 Pin=R27-2
Added Pin To Net: NetName=C26 Pin=U1-56
Added Net: Name=C26
Added Pin To Net: NetName=C27 Pin=R22-2
Added Pin To Net: NetName=C27 Pin=U1-53
Added Net: Name=C27
Added Pin To Net: NetName=C28 Pin=P1-9
Added Pin To Net: NetName=C28 Pin=U1-54
Added Net: Name=C28
Added Pin To Net: NetName=C29 Pin=P1-11
Added Pin To Net: NetName=C29 Pin=U1-51
Added Net: Name=C29
Added Pin To Net: NetName=C30 Pin=R10-2
Added Pin To Net: NetName=C30 Pin=U1-52
Added Net: Name=C30
Added Pin To Net: NetName=C31 Pin=R14-2
Added Pin To Net: NetName=C31 Pin=U1-50
Added Net: Name=C31
Added Pin To Net: NetName=CR Pin=U1-9
Added Pin To Net: NetName=CR Pin=U2-3
Added Pin To Net: NetName=CR Pin=U4-3
Added Pin To Net: NetName=CR Pin=U6-4
Added Net: Name=CR
Added Pin To Net: NetName=CSI_3V3 Pin=C13-1
Added Pin To Net: NetName=CSI_3V3 Pin=C15-2
Added Pin To Net: NetName=CSI_3V3 Pin=P1-1
Added Pin To Net: NetName=CSI_3V3 Pin=R52-2
Added Pin To Net: NetName=CSI_3V3 Pin=U4-5
Added Net: Name=CSI_3V3
Added Pin To Net: NetName=D0 Pin=R8-1
Added Pin To Net: NetName=D0 Pin=U1-14
Added Net: Name=D0
Added Pin To Net: NetName=D1 Pin=R9-1
Added Pin To Net: NetName=D1 Pin=U1-13
Added Net: Name=D1
Added Pin To Net: NetName=D2 Pin=R2-1
Added Pin To Net: NetName=D2 Pin=U1-12
Added Net: Name=D2
Added Pin To Net: NetName=D3 Pin=R3-1
Added Pin To Net: NetName=D3 Pin=U1-11
Added Net: Name=D3
Added Pin To Net: NetName=D4 Pin=P11-2
Added Pin To Net: NetName=D4 Pin=U1-10
Added Net: Name=D4
Added Pin To Net: NetName=D12 Pin=R15-1
Added Pin To Net: NetName=D12 Pin=U1-15
Added Net: Name=D12
Added Pin To Net: NetName=D13 Pin=R13-1
Added Pin To Net: NetName=D13 Pin=U1-16
Added Net: Name=D13
Added Pin To Net: NetName=D14 Pin=R12-1
Added Pin To Net: NetName=D14 Pin=U1-17
Added Net: Name=D14
Added Pin To Net: NetName=D15 Pin=R11-1
Added Pin To Net: NetName=D15 Pin=U1-18
Added Net: Name=D15
Added Pin To Net: NetName=D16 Pin=P11-1
Added Pin To Net: NetName=D16 Pin=R6-1
Added Pin To Net: NetName=D16 Pin=U1-19
Added Net: Name=D16
Added Pin To Net: NetName=D17 Pin=P11-3
Added Pin To Net: NetName=D17 Pin=U1-20
Added Net: Name=D17
Added Pin To Net: NetName=D26 Pin=P11-4
Added Pin To Net: NetName=D26 Pin=U1-84
Added Net: Name=D26
Added Pin To Net: NetName=D27 Pin=P11-8
Added Pin To Net: NetName=D27 Pin=R7-1
Added Pin To Net: NetName=D27 Pin=U1-81
Added Net: Name=D27
Added Pin To Net: NetName=GND Pin=C1-2
Added Pin To Net: NetName=GND Pin=C2-1
Added Pin To Net: NetName=GND Pin=C6-2
Added Pin To Net: NetName=GND Pin=C7-1
Added Pin To Net: NetName=GND Pin=C8-1
Added Pin To Net: NetName=GND Pin=C13-2
Added Pin To Net: NetName=GND Pin=C14-1
Added Pin To Net: NetName=GND Pin=C15-1
Added Pin To Net: NetName=GND Pin=C17-2
Added Pin To Net: NetName=GND Pin=C18-1
Added Pin To Net: NetName=GND Pin=C22-1
Added Pin To Net: NetName=GND Pin=LED2-C
Added Pin To Net: NetName=GND Pin=LED3-C
Added Pin To Net: NetName=GND Pin=LED4-C
Added Pin To Net: NetName=GND Pin=LED5-C
Added Pin To Net: NetName=GND Pin=P1-3
Added Pin To Net: NetName=GND Pin=P1-13
Added Pin To Net: NetName=GND Pin=P3-2
Added Pin To Net: NetName=GND Pin=P6-1
Added Pin To Net: NetName=GND Pin=P8-1
Added Pin To Net: NetName=GND Pin=P9-1
Added Pin To Net: NetName=GND Pin=P11-5
Added Pin To Net: NetName=GND Pin=P11-6
Added Pin To Net: NetName=GND Pin=P13-1
Added Pin To Net: NetName=GND Pin=P14-1
Added Pin To Net: NetName=GND Pin=P20-2
Added Pin To Net: NetName=GND Pin=R4-2
Added Pin To Net: NetName=GND Pin=R43-1
Added Pin To Net: NetName=GND Pin=R44-1
Added Pin To Net: NetName=GND Pin=R45-1
Added Pin To Net: NetName=GND Pin=R46-2
Added Pin To Net: NetName=GND Pin=R47-2
Added Pin To Net: NetName=GND Pin=S2-3
Added Pin To Net: NetName=GND Pin=S2-4
Added Pin To Net: NetName=GND Pin=S3-1
Added Pin To Net: NetName=GND Pin=S3-1
Added Pin To Net: NetName=GND Pin=S4-1
Added Pin To Net: NetName=GND Pin=S4-1
Added Pin To Net: NetName=GND Pin=S5-1
Added Pin To Net: NetName=GND Pin=S5-1
Added Pin To Net: NetName=GND Pin=S6-1
Added Pin To Net: NetName=GND Pin=S6-1
Added Pin To Net: NetName=GND Pin=U1-1
Added Pin To Net: NetName=GND Pin=U1-2
Added Pin To Net: NetName=GND Pin=U1-83
Added Pin To Net: NetName=GND Pin=U2-2
Added Pin To Net: NetName=GND Pin=U4-2
Added Pin To Net: NetName=GND Pin=U5-0
Added Pin To Net: NetName=GND Pin=U5-7
Added Pin To Net: NetName=GND Pin=U6-2
Added Pin To Net: NetName=GND Pin=UART1-2
Added Pin To Net: NetName=GND Pin=UART2-2
Added Net: Name=GND
Added Pin To Net: NetName=NetB1_1 Pin=B1-1
Added Pin To Net: NetName=NetB1_1 Pin=R19-1
Added Net: Name=NetB1_1
Added Pin To Net: NetName=NetB1_2 Pin=B1-2
Added Pin To Net: NetName=NetB1_2 Pin=Q2-3
Added Net: Name=NetB1_2
Added Pin To Net: NetName=NetC3_1 Pin=C3-1
Added Pin To Net: NetName=NetC3_1 Pin=L1-1
Added Pin To Net: NetName=NetC3_1 Pin=U3-8
Added Net: Name=NetC3_1
Added Pin To Net: NetName=NetC3_2 Pin=C3-2
Added Pin To Net: NetName=NetC3_2 Pin=U3-1
Added Net: Name=NetC3_2
Added Pin To Net: NetName=NetC12_2 Pin=C12-2
Added Pin To Net: NetName=NetC12_2 Pin=R36-1
Added Net: Name=NetC12_2
Added Pin To Net: NetName=NetC16_1 Pin=C16-1
Added Pin To Net: NetName=NetC16_1 Pin=L2-1
Added Pin To Net: NetName=NetC16_1 Pin=U5-8
Added Net: Name=NetC16_1
Added Pin To Net: NetName=NetC16_2 Pin=C16-2
Added Pin To Net: NetName=NetC16_2 Pin=U5-1
Added Net: Name=NetC16_2
Added Pin To Net: NetName=NetC19_1 Pin=C19-1
Added Pin To Net: NetName=NetC19_1 Pin=C20-2
Added Pin To Net: NetName=NetC19_1 Pin=C21-2
Added Pin To Net: NetName=NetC19_1 Pin=D2-K
Added Pin To Net: NetName=NetC19_1 Pin=U5-2
Added Pin To Net: NetName=NetC19_1 Pin=U5-3
Added Net: Name=NetC19_1
Added Pin To Net: NetName=NetC22_2 Pin=C22-2
Added Pin To Net: NetName=NetC22_2 Pin=R41-1
Added Net: Name=NetC22_2
Added Pin To Net: NetName=NetD1_A Pin=D1-A
Added Pin To Net: NetName=NetD1_A Pin=R16-2
Added Pin To Net: NetName=NetD1_A Pin=S1-1
Added Net: Name=NetD1_A
Added Pin To Net: NetName=NetD1_K Pin=D1-K
Added Pin To Net: NetName=NetD1_K Pin=DCIN1-1
Added Pin To Net: NetName=NetD1_K Pin=Q1-3
Added Pin To Net: NetName=NetD1_K Pin=S1-3
Added Net: Name=NetD1_K
Added Pin To Net: NetName=NetLED1_A Pin=LED1-A
Added Pin To Net: NetName=NetLED1_A Pin=R48-1
Added Net: Name=NetLED1_A
Added Pin To Net: NetName=NetLED2_A Pin=LED2-A
Added Pin To Net: NetName=NetLED2_A Pin=R49-1
Added Net: Name=NetLED2_A
Added Pin To Net: NetName=NetLED3_A Pin=LED3-A
Added Pin To Net: NetName=NetLED3_A Pin=R50-1
Added Net: Name=NetLED3_A
Added Pin To Net: NetName=NetLED4_A Pin=LED4-A
Added Pin To Net: NetName=NetLED4_A Pin=R51-1
Added Net: Name=NetLED4_A
Added Pin To Net: NetName=NetLED5_A Pin=LED5-A
Added Pin To Net: NetName=NetLED5_A Pin=R52-1
Added Net: Name=NetLED5_A
Added Pin To Net: NetName=NetP1_7 Pin=P1-7
Added Pin To Net: NetName=NetP1_7 Pin=R4-1
Added Net: Name=NetP1_7
Added Pin To Net: NetName=NetP2_1 Pin=P2-1
Added Pin To Net: NetName=NetP2_1 Pin=R1-1
Added Net: Name=NetP2_1
Added Pin To Net: NetName=NetP4_1 Pin=P4-1
Added Pin To Net: NetName=NetP4_1 Pin=R8-2
Added Net: Name=NetP4_1
Added Pin To Net: NetName=NetP4_2 Pin=P4-2
Added Pin To Net: NetName=NetP4_2 Pin=R9-2
Added Net: Name=NetP4_2
Added Pin To Net: NetName=NetP4_5 Pin=P4-5
Added Pin To Net: NetName=NetP4_5 Pin=R3-2
Added Net: Name=NetP4_5
Added Pin To Net: NetName=NetP4_6 Pin=P4-6
Added Pin To Net: NetName=NetP4_6 Pin=R2-2
Added Net: Name=NetP4_6
Added Pin To Net: NetName=NetP5_1 Pin=P5-1
Added Pin To Net: NetName=NetP5_1 Pin=R15-2
Added Net: Name=NetP5_1
Added Pin To Net: NetName=NetP5_2 Pin=P5-2
Added Pin To Net: NetName=NetP5_2 Pin=R13-2
Added Net: Name=NetP5_2
Added Pin To Net: NetName=NetP5_5 Pin=P5-5
Added Pin To Net: NetName=NetP5_5 Pin=R12-2
Added Net: Name=NetP5_5
Added Pin To Net: NetName=NetP5_6 Pin=P5-6
Added Pin To Net: NetName=NetP5_6 Pin=R11-2
Added Net: Name=NetP5_6
Added Pin To Net: NetName=NetP7_1 Pin=P7-1
Added Pin To Net: NetName=NetP7_1 Pin=R5-1
Added Net: Name=NetP7_1
Added Pin To Net: NetName=NetP12_1 Pin=P12-1
Added Pin To Net: NetName=NetP12_1 Pin=R10-1
Added Net: Name=NetP12_1
Added Pin To Net: NetName=NetP15_1 Pin=P15-1
Added Pin To Net: NetName=NetP15_1 Pin=R14-1
Added Net: Name=NetP15_1
Added Pin To Net: NetName=NetP18_1 Pin=P18-1
Added Pin To Net: NetName=NetP18_1 Pin=R18-1
Added Net: Name=NetP18_1
Added Pin To Net: NetName=NetP29_1 Pin=P29-1
Added Pin To Net: NetName=NetP29_1 Pin=R28-1
Added Net: Name=NetP29_1
Added Pin To Net: NetName=NetP29_2 Pin=P29-2
Added Pin To Net: NetName=NetP29_2 Pin=R30-1
Added Net: Name=NetP29_2
Added Pin To Net: NetName=NetP29_3 Pin=P29-3
Added Pin To Net: NetName=NetP29_3 Pin=R32-1
Added Net: Name=NetP29_3
Added Pin To Net: NetName=NetQ1_2 Pin=Q1-2
Added Pin To Net: NetName=NetQ1_2 Pin=S1-2
Added Net: Name=NetQ1_2
Added Pin To Net: NetName=NetQ2_1 Pin=Q2-1
Added Pin To Net: NetName=NetQ2_1 Pin=R20-1
Added Net: Name=NetQ2_1
Added Pin To Net: NetName=NetQ2_2 Pin=Q2-2
Added Pin To Net: NetName=NetQ2_2 Pin=R21-1
Added Net: Name=NetQ2_2
Added Pin To Net: NetName=NetR22_1 Pin=R22-1
Added Pin To Net: NetName=NetR22_1 Pin=S2-1
Added Net: Name=NetR22_1
Added Pin To Net: NetName=NetR27_1 Pin=R27-1
Added Pin To Net: NetName=NetR27_1 Pin=S2-2
Added Net: Name=NetR27_1
Added Pin To Net: NetName=NetR29_1 Pin=R29-1
Added Pin To Net: NetName=NetR29_1 Pin=S3-2
Added Pin To Net: NetName=NetR29_1 Pin=S3-2
Added Net: Name=NetR29_1
Added Pin To Net: NetName=NetR31_1 Pin=R31-1
Added Pin To Net: NetName=NetR31_1 Pin=S4-2
Added Pin To Net: NetName=NetR31_1 Pin=S4-2
Added Net: Name=NetR31_1
Added Pin To Net: NetName=NetR33_1 Pin=R33-1
Added Pin To Net: NetName=NetR33_1 Pin=S5-2
Added Pin To Net: NetName=NetR33_1 Pin=S5-2
Added Net: Name=NetR33_1
Added Pin To Net: NetName=NetR34_1 Pin=R34-1
Added Pin To Net: NetName=NetR34_1 Pin=S6-2
Added Pin To Net: NetName=NetR34_1 Pin=S6-2
Added Net: Name=NetR34_1
Added Pin To Net: NetName=NetR35_1 Pin=R35-1
Added Pin To Net: NetName=NetR35_1 Pin=R37-1
Added Pin To Net: NetName=NetR35_1 Pin=R37-ADJ
Added Net: Name=NetR35_1
Added Pin To Net: NetName=NetR36_2 Pin=R36-2
Added Pin To Net: NetName=NetR36_2 Pin=U3-6
Added Net: Name=NetR36_2
Added Pin To Net: NetName=NetR37_2 Pin=R37-2
Added Pin To Net: NetName=NetR37_2 Pin=R39-2
Added Pin To Net: NetName=NetR37_2 Pin=U3-5
Added Net: Name=NetR37_2
Added Pin To Net: NetName=NetR38_2 Pin=R38-2
Added Pin To Net: NetName=NetR38_2 Pin=U3-4
Added Net: Name=NetR38_2
Added Pin To Net: NetName=NetR40_1 Pin=R40-1
Added Pin To Net: NetName=NetR40_1 Pin=R42-2
Added Net: Name=NetR40_1
Added Pin To Net: NetName=NetR41_2 Pin=R41-2
Added Pin To Net: NetName=NetR41_2 Pin=U5-6
Added Net: Name=NetR41_2
Added Pin To Net: NetName=NetR42_1 Pin=R42-1
Added Pin To Net: NetName=NetR42_1 Pin=R45-2
Added Pin To Net: NetName=NetR42_1 Pin=U5-5
Added Net: Name=NetR42_1
Added Pin To Net: NetName=NetR43_2 Pin=R43-2
Added Pin To Net: NetName=NetR43_2 Pin=U5-4
Added Net: Name=NetR43_2
Added Pin To Net: NetName=NetR44_2 Pin=R44-2
Added Pin To Net: NetName=NetR44_2 Pin=U6-3
Added Net: Name=NetR44_2
Added Pin To Net: NetName=PGND Pin=C4-2
Added Pin To Net: NetName=PGND Pin=C5-1
Added Pin To Net: NetName=PGND Pin=C9-2
Added Pin To Net: NetName=PGND Pin=C10-1
Added Pin To Net: NetName=PGND Pin=C11-1
Added Pin To Net: NetName=PGND Pin=C12-1
Added Pin To Net: NetName=PGND Pin=C19-2
Added Pin To Net: NetName=PGND Pin=C20-1
Added Pin To Net: NetName=PGND Pin=C21-1
Added Pin To Net: NetName=PGND Pin=DCIN1-2
Added Pin To Net: NetName=PGND Pin=LED1-C
Added Pin To Net: NetName=PGND Pin=P2-3
Added Pin To Net: NetName=PGND Pin=P4-3
Added Pin To Net: NetName=PGND Pin=P4-4
Added Pin To Net: NetName=PGND Pin=P5-3
Added Pin To Net: NetName=PGND Pin=P5-4
Added Pin To Net: NetName=PGND Pin=P7-3
Added Pin To Net: NetName=PGND Pin=P10-2
Added Pin To Net: NetName=PGND Pin=P12-3
Added Pin To Net: NetName=PGND Pin=P15-3
Added Pin To Net: NetName=PGND Pin=P17-2
Added Pin To Net: NetName=PGND Pin=P18-3
Added Pin To Net: NetName=PGND Pin=P29-5
Added Pin To Net: NetName=PGND Pin=R16-1
Added Pin To Net: NetName=PGND Pin=R38-1
Added Pin To Net: NetName=PGND Pin=R39-1
Added Pin To Net: NetName=PGND Pin=R46-1
Added Pin To Net: NetName=PGND Pin=R47-1
Added Pin To Net: NetName=PGND Pin=U3-0
Added Pin To Net: NetName=PGND Pin=U3-7
Added Net: Name=PGND
Added Pin To Net: NetName=VCC_5V_EXT Pin=P11-7
Added Pin To Net: NetName=VCC_5V_EXT Pin=R49-2
Added Pin To Net: NetName=VCC_5V_EXT Pin=U6-1
Added Pin To Net: NetName=VCC_5V_EXT Pin=UART1-1
Added Pin To Net: NetName=VCC_5V_EXT Pin=UART2-1
Added Net: Name=VCC_5V_EXT
Added Pin To Net: NetName=VCC_5V Pin=C1-1
Added Pin To Net: NetName=VCC_5V Pin=C2-2
Added Pin To Net: NetName=VCC_5V Pin=C7-2
Added Pin To Net: NetName=VCC_5V Pin=C14-2
Added Pin To Net: NetName=VCC_5V Pin=C17-1
Added Pin To Net: NetName=VCC_5V Pin=C18-2
Added Pin To Net: NetName=VCC_5V Pin=L2-2
Added Pin To Net: NetName=VCC_5V Pin=R40-2
Added Pin To Net: NetName=VCC_5V Pin=R50-2
Added Pin To Net: NetName=VCC_5V Pin=U1-5
Added Pin To Net: NetName=VCC_5V Pin=U1-6
Added Pin To Net: NetName=VCC_5V Pin=U2-1
Added Pin To Net: NetName=VCC_5V Pin=U4-1
Added Pin To Net: NetName=VCC_5V Pin=U6-5
Added Net: Name=VCC_5V
Added Pin To Net: NetName=VCC_Servo Pin=C4-1
Added Pin To Net: NetName=VCC_Servo Pin=C5-2
Added Pin To Net: NetName=VCC_Servo Pin=L1-2
Added Pin To Net: NetName=VCC_Servo Pin=P12-2
Added Pin To Net: NetName=VCC_Servo Pin=P15-2
Added Pin To Net: NetName=VCC_Servo Pin=P18-2
Added Pin To Net: NetName=VCC_Servo Pin=R35-2
Added Pin To Net: NetName=VCC_Servo Pin=R48-2
Added Net: Name=VCC_Servo
Added Pin To Net: NetName=VCCBAT Pin=C9-1
Added Pin To Net: NetName=VCCBAT Pin=C10-2
Added Pin To Net: NetName=VCCBAT Pin=C11-2
Added Pin To Net: NetName=VCCBAT Pin=D2-A
Added Pin To Net: NetName=VCCBAT Pin=P2-2
Added Pin To Net: NetName=VCCBAT Pin=P7-2
Added Pin To Net: NetName=VCCBAT Pin=P10-1
Added Pin To Net: NetName=VCCBAT Pin=P17-1
Added Pin To Net: NetName=VCCBAT Pin=P29-4
Added Pin To Net: NetName=VCCBAT Pin=Q1-1
Added Pin To Net: NetName=VCCBAT Pin=U3-2
Added Pin To Net: NetName=VCCBAT Pin=U3-3
Added Net: Name=VCCBAT
Added Class: Name=RT1064_CoreBoard
Added Class: Name=RT1064_Device
Added Class: Name=RT1064_Interaction
Added Class: Name=RT1064_Power
