Added Component: Designator=C1(C0603_L)
Add component (AddParameter): Name = "BOM名称"; Value = "无极性贴片电容"; VariantName = "[No Variations]"
Added Component: Designator=C2(C0603_L)
Add component (AddParameter): Name = "BOM名称"; Value = "无极性贴片电容"; VariantName = "[No Variations]"
Added Component: Designator=C3(C0603_L)
Add component (AddParameter): Name = "BOM名称"; Value = "无极性贴片电容"; VariantName = "[No Variations]"
Added Component: Designator=C4(C0603_L)
Add component (AddParameter): Name = "BOM名称"; Value = "无极性贴片电容"; VariantName = "[No Variations]"
Added Component: Designator=C5(C0603_L)
Add component (AddParameter): Name = "BOM名称"; Value = "无极性贴片电容"; VariantName = "[No Variations]"
Added Component: Designator=C6(C0603_L)
Add component (AddParameter): Name = "BOM名称"; Value = "无极性贴片电容"; VariantName = "[No Variations]"
Added Component: Designator=C7(C0603_L)
Add component (AddParameter): Name = "BOM名称"; Value = "无极性贴片电容"; VariantName = "[No Variations]"
Added Component: Designator=C8(C0603_L)
Add component (AddParameter): Name = "BOM名称"; Value = "无极性贴片电容"; VariantName = "[No Variations]"
Added Component: Designator=C9(C0603_L)
Add component (AddParameter): Name = "BOM名称"; Value = "无极性贴片电容"; VariantName = "[No Variations]"
Added Component: Designator=C10(C0603_L)
Add component (AddParameter): Name = "BOM名称"; Value = "无极性贴片电容"; VariantName = "[No Variations]"
Added Component: Designator=C11(C0603_L)
Add component (AddParameter): Name = "BOM名称"; Value = "无极性贴片电容"; VariantName = "[No Variations]"
Added Component: Designator=C12(C0603_L)
Add component (AddParameter): Name = "BOM名称"; Value = "无极性贴片电容"; VariantName = "[No Variations]"
Added Component: Designator=D1(SOD-323)
Add component (AddParameter): Name = "BOM名称"; Value = "肖特基二极管"; VariantName = "[No Variations]"
Added Component: Designator=D2(LED-0603_R)
Added Component: Designator=D3(SOD-323)
Add component (AddParameter): Name = "BOM名称"; Value = "肖特基二极管"; VariantName = "[No Variations]"
Added Component: Designator=D4(SOD-123-L)
Add component (AddParameter): Name = "Price(RMB)"; Value = "0.000"; VariantName = "[No Variations]"
Add component (AddParameter): Name = "Published"; Value = "8-Jun-2000"; VariantName = "[No Variations]"
Add component (AddParameter): Name = "Publisher"; Value = "Altium Limited"; VariantName = "[No Variations]"
Add component (AddParameter): Name = "Revision"; Value = "July-2002: Re-released for DXP Platform."; VariantName = "[No Variations]"
Added Component: Designator=D5(LED-0603_R)
Added Component: Designator=E1(CT-2.0*5*8-R)
Add component (AddParameter): Name = "BOM名称"; Value = "直插固态电容"; VariantName = "[No Variations]"
Added Component: Designator=J1(XT30-M)
Add component (AddParameter): Name = "Arrow Part Number"; Value = ""; VariantName = "[No Variations]"
Add component (AddParameter): Name = "Arrow Price/Stock"; Value = ""; VariantName = "[No Variations]"
Add component (AddParameter): Name = "Datasheet Link"; Value = "https://www.tme.eu/sl/Document/ce4077e36b79046da520ca73227e15de/XT30PW%20SPEC.pdf"; VariantName = "[No Variations]"
Add component (AddParameter): Name = "Geometry.Height"; Value = "5mm"; VariantName = "[No Variations]"
Add component (AddParameter): Name = "Manufacturer_Name"; Value = "Amass"; VariantName = "[No Variations]"
Add component (AddParameter): Name = "Manufacturer_Part_Number"; Value = "XT30PW-M"; VariantName = "[No Variations]"
Add component (AddParameter): Name = "Mouser Part Number"; Value = ""; VariantName = "[No Variations]"
Add component (AddParameter): Name = "Mouser Price/Stock"; Value = ""; VariantName = "[No Variations]"
Added Component: Designator=J2(CZ-5.08-L-Z-2P)
Add component (AddParameter): Name = "Arrow Part Number"; Value = ""; VariantName = "[No Variations]"
Add component (AddParameter): Name = "Arrow Price/Stock"; Value = ""; VariantName = "[No Variations]"
Add component (AddParameter): Name = "Datasheet Link"; Value = "https://www.tme.eu/sl/Document/ce4077e36b79046da520ca73227e15de/XT30PW%20SPEC.pdf"; VariantName = "[No Variations]"
Add component (AddParameter): Name = "Geometry.Height"; Value = "5mm"; VariantName = "[No Variations]"
Add component (AddParameter): Name = "Manufacturer_Name"; Value = "Amass"; VariantName = "[No Variations]"
Add component (AddParameter): Name = "Manufacturer_Part_Number"; Value = "XT30PW-M"; VariantName = "[No Variations]"
Add component (AddParameter): Name = "Mouser Part Number"; Value = ""; VariantName = "[No Variations]"
Add component (AddParameter): Name = "Mouser Price/Stock"; Value = ""; VariantName = "[No Variations]"
Added Component: Designator=J3(XT30-M)
Add component (AddParameter): Name = "Arrow Part Number"; Value = ""; VariantName = "[No Variations]"
Add component (AddParameter): Name = "Arrow Price/Stock"; Value = ""; VariantName = "[No Variations]"
Add component (AddParameter): Name = "Datasheet Link"; Value = "https://www.tme.eu/sl/Document/ce4077e36b79046da520ca73227e15de/XT30PW%20SPEC.pdf"; VariantName = "[No Variations]"
Add component (AddParameter): Name = "Geometry.Height"; Value = "5mm"; VariantName = "[No Variations]"
Add component (AddParameter): Name = "Manufacturer_Name"; Value = "Amass"; VariantName = "[No Variations]"
Add component (AddParameter): Name = "Manufacturer_Part_Number"; Value = "XT30PW-M"; VariantName = "[No Variations]"
Add component (AddParameter): Name = "Mouser Part Number"; Value = ""; VariantName = "[No Variations]"
Add component (AddParameter): Name = "Mouser Price/Stock"; Value = ""; VariantName = "[No Variations]"
Added Component: Designator=Q1(DFN5x6)
Added Component: Designator=Q2(DFN5x6)
Added Component: Designator=Q3(DFN5x6)
Added Component: Designator=Q4(DFN5x6)
Added Component: Designator=Q5(DFN5x6)
Added Component: Designator=Q6(DFN5x6)
Added Component: Designator=Q7(DFN5x6)
Added Component: Designator=Q8(DFN5x6)
Added Component: Designator=R1(R0603_L)
Add component (AddParameter): Name = "BOM名称"; Value = "贴片电阻"; VariantName = "[No Variations]"
Added Component: Designator=R2(R0603_L)
Add component (AddParameter): Name = "BOM名称"; Value = "贴片电阻"; VariantName = "[No Variations]"
Added Component: Designator=R3(R0603_L)
Add component (AddParameter): Name = "BOM名称"; Value = "贴片电阻"; VariantName = "[No Variations]"
Added Component: Designator=R4(R0603_L)
Add component (AddParameter): Name = "BOM名称"; Value = "贴片电阻"; VariantName = "[No Variations]"
Added Component: Designator=R5(R0603_L)
Add component (AddParameter): Name = "BOM名称"; Value = "贴片电阻"; VariantName = "[No Variations]"
Added Component: Designator=R6(R0603_L)
Add component (AddParameter): Name = "BOM名称"; Value = "贴片电阻"; VariantName = "[No Variations]"
Added Component: Designator=R7(R0603_L)
Add component (AddParameter): Name = "BOM名称"; Value = "贴片电阻"; VariantName = "[No Variations]"
Added Component: Designator=S1(MSK-12C01-07)
Add component (AddParameter): Name = "BOM名称"; Value = "波动开关"; VariantName = "[No Variations]"
Added Component: Designator=U1(QFN24-4x4)
Added Component: Designator=U2(TSSOP14)
Added Component: Designator=U3(QFN24-4x4)
Added Component: Designator=XH1(XH2.54-6P-WI)
Added Pin To Net: NetName=3V3 Pin=D4-K
Added Pin To Net: NetName=3V3 Pin=R2-2
Added Pin To Net: NetName=3V3 Pin=R3-2
Added Pin To Net: NetName=3V3 Pin=S1-1
Added Net: Name=3V3
Added Pin To Net: NetName=DVDD Pin=C6-2
Added Pin To Net: NetName=DVDD Pin=U1-8
Added Pin To Net: NetName=DVDD Pin=U2-14
Added Net: Name=DVDD
Added Pin To Net: NetName=GND Pin=C3-2
Added Pin To Net: NetName=GND Pin=C4-2
Added Pin To Net: NetName=GND Pin=C5-1
Added Pin To Net: NetName=GND Pin=C6-1
Added Pin To Net: NetName=GND Pin=C9-2
Added Pin To Net: NetName=GND Pin=C10-2
Added Pin To Net: NetName=GND Pin=C11-1
Added Pin To Net: NetName=GND Pin=C12-1
Added Pin To Net: NetName=GND Pin=D2-2
Added Pin To Net: NetName=GND Pin=D4-A
Added Pin To Net: NetName=GND Pin=D5-2
Added Pin To Net: NetName=GND Pin=E1-2
Added Pin To Net: NetName=GND Pin=J2-2
Added Pin To Net: NetName=GND Pin=Q3-3
Added Pin To Net: NetName=GND Pin=Q3-3
Added Pin To Net: NetName=GND Pin=Q3-3
Added Pin To Net: NetName=GND Pin=Q4-3
Added Pin To Net: NetName=GND Pin=Q4-3
Added Pin To Net: NetName=GND Pin=Q4-3
Added Pin To Net: NetName=GND Pin=Q7-3
Added Pin To Net: NetName=GND Pin=Q7-3
Added Pin To Net: NetName=GND Pin=Q7-3
Added Pin To Net: NetName=GND Pin=Q8-3
Added Pin To Net: NetName=GND Pin=Q8-3
Added Pin To Net: NetName=GND Pin=Q8-3
Added Pin To Net: NetName=GND Pin=R4-2
Added Pin To Net: NetName=GND Pin=R5-1
Added Pin To Net: NetName=GND Pin=R6-2
Added Pin To Net: NetName=GND Pin=R7-1
Added Pin To Net: NetName=GND Pin=U1-0
Added Pin To Net: NetName=GND Pin=U1-5
Added Pin To Net: NetName=GND Pin=U1-16
Added Pin To Net: NetName=GND Pin=U1-20
Added Pin To Net: NetName=GND Pin=U1-21
Added Pin To Net: NetName=GND Pin=U2-1
Added Pin To Net: NetName=GND Pin=U2-4
Added Pin To Net: NetName=GND Pin=U2-7
Added Pin To Net: NetName=GND Pin=U2-10
Added Pin To Net: NetName=GND Pin=U2-13
Added Pin To Net: NetName=GND Pin=U3-0
Added Pin To Net: NetName=GND Pin=U3-5
Added Pin To Net: NetName=GND Pin=U3-16
Added Pin To Net: NetName=GND Pin=U3-20
Added Pin To Net: NetName=GND Pin=U3-21
Added Pin To Net: NetName=GND Pin=XH1-3
Added Pin To Net: NetName=GND Pin=XH1-4
Added Net: Name=GND
Added Pin To Net: NetName=L_EN_IN Pin=R6-1
Added Pin To Net: NetName=L_EN_IN Pin=U2-5
Added Pin To Net: NetName=L_EN_IN Pin=XH1-1
Added Net: Name=L_EN_IN
Added Pin To Net: NetName=L_EN Pin=U1-14
Added Pin To Net: NetName=L_EN Pin=U2-6
Added Net: Name=L_EN
Added Pin To Net: NetName=L_PH_IN Pin=R4-1
Added Pin To Net: NetName=L_PH_IN Pin=U2-2
Added Pin To Net: NetName=L_PH_IN Pin=XH1-5
Added Net: Name=L_PH_IN
Added Pin To Net: NetName=L_PH Pin=U1-15
Added Pin To Net: NetName=L_PH Pin=U2-3
Added Net: Name=L_PH
Added Pin To Net: NetName=L  A Pin=J1-1
Added Pin To Net: NetName=L  A Pin=Q2-3
Added Pin To Net: NetName=L  A Pin=Q2-3
Added Pin To Net: NetName=L  A Pin=Q2-3
Added Pin To Net: NetName=L  A Pin=Q4-1
Added Pin To Net: NetName=L  A Pin=Q4-1
Added Pin To Net: NetName=L  A Pin=Q4-1
Added Pin To Net: NetName=L  A Pin=Q4-1
Added Pin To Net: NetName=L  A Pin=Q4-1
Added Pin To Net: NetName=L  A Pin=Q4-1
Added Pin To Net: NetName=L  A Pin=U1-23
Added Net: Name=L  A
Added Pin To Net: NetName=L  B Pin=J1-2
Added Pin To Net: NetName=L  B Pin=Q1-3
Added Pin To Net: NetName=L  B Pin=Q1-3
Added Pin To Net: NetName=L  B Pin=Q1-3
Added Pin To Net: NetName=L  B Pin=Q3-1
Added Pin To Net: NetName=L  B Pin=Q3-1
Added Pin To Net: NetName=L  B Pin=Q3-1
Added Pin To Net: NetName=L  B Pin=Q3-1
Added Pin To Net: NetName=L  B Pin=Q3-1
Added Pin To Net: NetName=L  B Pin=Q3-1
Added Pin To Net: NetName=L  B Pin=U1-18
Added Net: Name=L  B
Added Pin To Net: NetName=NetC1_1 Pin=C1-1
Added Pin To Net: NetName=NetC1_1 Pin=U1-4
Added Net: Name=NetC1_1
Added Pin To Net: NetName=NetC1_2 Pin=C1-2
Added Pin To Net: NetName=NetC1_2 Pin=U1-3
Added Net: Name=NetC1_2
Added Pin To Net: NetName=NetC2_1 Pin=C2-1
Added Pin To Net: NetName=NetC2_1 Pin=U1-2
Added Net: Name=NetC2_1
Added Pin To Net: NetName=NetC2_2 Pin=C2-2
Added Pin To Net: NetName=NetC2_2 Pin=C3-1
Added Pin To Net: NetName=NetC2_2 Pin=C4-1
Added Pin To Net: NetName=NetC2_2 Pin=D1-2
Added Pin To Net: NetName=NetC2_2 Pin=U1-1
Added Net: Name=NetC2_2
Added Pin To Net: NetName=NetC5_2 Pin=C5-2
Added Pin To Net: NetName=NetC5_2 Pin=U1-6
Added Pin To Net: NetName=NetC5_2 Pin=U1-7
Added Pin To Net: NetName=NetC5_2 Pin=U1-12
Added Net: Name=NetC5_2
Added Pin To Net: NetName=NetC7_1 Pin=C7-1
Added Pin To Net: NetName=NetC7_1 Pin=U3-4
Added Net: Name=NetC7_1
Added Pin To Net: NetName=NetC7_2 Pin=C7-2
Added Pin To Net: NetName=NetC7_2 Pin=U3-3
Added Net: Name=NetC7_2
Added Pin To Net: NetName=NetC8_1 Pin=C8-1
Added Pin To Net: NetName=NetC8_1 Pin=U3-2
Added Net: Name=NetC8_1
Added Pin To Net: NetName=NetC8_2 Pin=C8-2
Added Pin To Net: NetName=NetC8_2 Pin=C9-1
Added Pin To Net: NetName=NetC8_2 Pin=C10-1
Added Pin To Net: NetName=NetC8_2 Pin=D3-2
Added Pin To Net: NetName=NetC8_2 Pin=U3-1
Added Net: Name=NetC8_2
Added Pin To Net: NetName=NetC11_2 Pin=C11-2
Added Pin To Net: NetName=NetC11_2 Pin=U3-6
Added Pin To Net: NetName=NetC11_2 Pin=U3-7
Added Pin To Net: NetName=NetC11_2 Pin=U3-12
Added Net: Name=NetC11_2
Added Pin To Net: NetName=NetC12_2 Pin=C12-2
Added Pin To Net: NetName=NetC12_2 Pin=U3-8
Added Net: Name=NetC12_2
Added Pin To Net: NetName=NetD2_1 Pin=D2-1
Added Pin To Net: NetName=NetD2_1 Pin=R1-2
Added Net: Name=NetD2_1
Added Pin To Net: NetName=NetD5_1 Pin=D5-1
Added Pin To Net: NetName=NetD5_1 Pin=R3-1
Added Net: Name=NetD5_1
Added Pin To Net: NetName=NetQ1_2 Pin=Q1-2
Added Pin To Net: NetName=NetQ1_2 Pin=U1-17
Added Net: Name=NetQ1_2
Added Pin To Net: NetName=NetQ2_2 Pin=Q2-2
Added Pin To Net: NetName=NetQ2_2 Pin=U1-24
Added Net: Name=NetQ2_2
Added Pin To Net: NetName=NetQ3_2 Pin=Q3-2
Added Pin To Net: NetName=NetQ3_2 Pin=U1-19
Added Net: Name=NetQ3_2
Added Pin To Net: NetName=NetQ4_2 Pin=Q4-2
Added Pin To Net: NetName=NetQ4_2 Pin=U1-22
Added Net: Name=NetQ4_2
Added Pin To Net: NetName=NetQ5_2 Pin=Q5-2
Added Pin To Net: NetName=NetQ5_2 Pin=U3-17
Added Net: Name=NetQ5_2
Added Pin To Net: NetName=NetQ6_2 Pin=Q6-2
Added Pin To Net: NetName=NetQ6_2 Pin=U3-24
Added Net: Name=NetQ6_2
Added Pin To Net: NetName=NetQ7_2 Pin=Q7-2
Added Pin To Net: NetName=NetQ7_2 Pin=U3-19
Added Net: Name=NetQ7_2
Added Pin To Net: NetName=NetQ8_2 Pin=Q8-2
Added Pin To Net: NetName=NetQ8_2 Pin=U3-22
Added Net: Name=NetQ8_2
Added Pin To Net: NetName=nSLEEP Pin=R1-1
Added Pin To Net: NetName=nSLEEP Pin=S1-2
Added Pin To Net: NetName=nSLEEP Pin=U1-13
Added Pin To Net: NetName=nSLEEP Pin=U3-13
Added Net: Name=nSLEEP
Added Pin To Net: NetName=R_EN_IN Pin=R7-2
Added Pin To Net: NetName=R_EN_IN Pin=U2-9
Added Pin To Net: NetName=R_EN_IN Pin=XH1-2
Added Net: Name=R_EN_IN
Added Pin To Net: NetName=R_EN Pin=U2-8
Added Pin To Net: NetName=R_EN Pin=U3-14
Added Net: Name=R_EN
Added Pin To Net: NetName=R_PH_IN Pin=R5-2
Added Pin To Net: NetName=R_PH_IN Pin=U2-12
Added Pin To Net: NetName=R_PH_IN Pin=XH1-6
Added Net: Name=R_PH_IN
Added Pin To Net: NetName=R_PH Pin=U2-11
Added Pin To Net: NetName=R_PH Pin=U3-15
Added Net: Name=R_PH
Added Pin To Net: NetName=R  A Pin=J3-1
Added Pin To Net: NetName=R  A Pin=Q6-3
Added Pin To Net: NetName=R  A Pin=Q6-3
Added Pin To Net: NetName=R  A Pin=Q6-3
Added Pin To Net: NetName=R  A Pin=Q8-1
Added Pin To Net: NetName=R  A Pin=Q8-1
Added Pin To Net: NetName=R  A Pin=Q8-1
Added Pin To Net: NetName=R  A Pin=Q8-1
Added Pin To Net: NetName=R  A Pin=Q8-1
Added Pin To Net: NetName=R  A Pin=Q8-1
Added Pin To Net: NetName=R  A Pin=U3-23
Added Net: Name=R  A
Added Pin To Net: NetName=R  B Pin=J3-2
Added Pin To Net: NetName=R  B Pin=Q5-3
Added Pin To Net: NetName=R  B Pin=Q5-3
Added Pin To Net: NetName=R  B Pin=Q5-3
Added Pin To Net: NetName=R  B Pin=Q7-1
Added Pin To Net: NetName=R  B Pin=Q7-1
Added Pin To Net: NetName=R  B Pin=Q7-1
Added Pin To Net: NetName=R  B Pin=Q7-1
Added Pin To Net: NetName=R  B Pin=Q7-1
Added Pin To Net: NetName=R  B Pin=Q7-1
Added Pin To Net: NetName=R  B Pin=U3-18
Added Net: Name=R  B
Added Pin To Net: NetName=VM Pin=D1-1
Added Pin To Net: NetName=VM Pin=D3-1
Added Pin To Net: NetName=VM Pin=E1-1
Added Pin To Net: NetName=VM Pin=J2-1
Added Pin To Net: NetName=VM Pin=Q1-1
Added Pin To Net: NetName=VM Pin=Q1-1
Added Pin To Net: NetName=VM Pin=Q1-1
Added Pin To Net: NetName=VM Pin=Q1-1
Added Pin To Net: NetName=VM Pin=Q1-1
Added Pin To Net: NetName=VM Pin=Q1-1
Added Pin To Net: NetName=VM Pin=Q2-1
Added Pin To Net: NetName=VM Pin=Q2-1
Added Pin To Net: NetName=VM Pin=Q2-1
Added Pin To Net: NetName=VM Pin=Q2-1
Added Pin To Net: NetName=VM Pin=Q2-1
Added Pin To Net: NetName=VM Pin=Q2-1
Added Pin To Net: NetName=VM Pin=Q5-1
Added Pin To Net: NetName=VM Pin=Q5-1
Added Pin To Net: NetName=VM Pin=Q5-1
Added Pin To Net: NetName=VM Pin=Q5-1
Added Pin To Net: NetName=VM Pin=Q5-1
Added Pin To Net: NetName=VM Pin=Q5-1
Added Pin To Net: NetName=VM Pin=Q6-1
Added Pin To Net: NetName=VM Pin=Q6-1
Added Pin To Net: NetName=VM Pin=Q6-1
Added Pin To Net: NetName=VM Pin=Q6-1
Added Pin To Net: NetName=VM Pin=Q6-1
Added Pin To Net: NetName=VM Pin=Q6-1
Added Pin To Net: NetName=VM Pin=R2-1
Added Net: Name=VM
Added Class: Name=DRV8701ESheet
