Add Component: Footprint Not Found SOD-123
Add Component: Footprint Not Found CT 2.0*5*8 - C
Added Component: Designator=S1(MSK-12C01-07)
Add component (AddParameter): Name = "BOM名称"; Value = "波动开关"; VariantName = "[No Variations]"
Add Component: Footprint Not Found QFN24-4*4_M
Add Component: Footprint Not Found QFN24-4*4_M
Add Pin To Net: Unknown Pin: Pin D4-A
Add Pin To Net: Unknown Pin: Pin D4-K
Add Pin To Net: Unknown Pin: Pin E1-1
Add Pin To Net: Unknown Pin: Pin E1-2
Added Pin To Net: NetName=3V3 Pin=S1-1
Added Pin To Net: NetName=nSLEEP Pin=S1-2
Add Pin To Net: Unknown Pin: Pin U1-0
Add Pin To Net: Unknown Pin: Pin U1-1
Add Pin To Net: Unknown Pin: Pin U1-2
Add Pin To Net: Unknown Pin: Pin U1-3
Add Pin To Net: Unknown Pin: Pin U1-4
Add Pin To Net: Unknown Pin: Pin U1-5
Add Pin To Net: Unknown Pin: Pin U1-6
Add Pin To Net: Unknown Pin: Pin U1-7
Add Pin To Net: Unknown Pin: Pin U1-8
Add Pin To Net: Unknown Pin: Pin U1-12
Add Pin To Net: Unknown Pin: Pin U1-13
Add Pin To Net: Unknown Pin: Pin U1-14
Add Pin To Net: Unknown Pin: Pin U1-15
Add Pin To Net: Unknown Pin: Pin U1-16
Add Pin To Net: Unknown Pin: Pin U1-17
Add Pin To Net: Unknown Pin: Pin U1-18
Add Pin To Net: Unknown Pin: Pin U1-19
Add Pin To Net: Unknown Pin: Pin U1-20
Add Pin To Net: Unknown Pin: Pin U1-21
Add Pin To Net: Unknown Pin: Pin U1-22
Add Pin To Net: Unknown Pin: Pin U1-23
Add Pin To Net: Unknown Pin: Pin U1-24
Add Pin To Net: Unknown Pin: Pin U3-0
Add Pin To Net: Unknown Pin: Pin U3-1
Add Pin To Net: Unknown Pin: Pin U3-2
Add Pin To Net: Unknown Pin: Pin U3-3
Add Pin To Net: Unknown Pin: Pin U3-4
Add Pin To Net: Unknown Pin: Pin U3-5
Add Pin To Net: Unknown Pin: Pin U3-6
Add Pin To Net: Unknown Pin: Pin U3-7
Add Pin To Net: Unknown Pin: Pin U3-8
Add Pin To Net: Unknown Pin: Pin U3-12
Add Pin To Net: Unknown Pin: Pin U3-13
Add Pin To Net: Unknown Pin: Pin U3-14
Add Pin To Net: Unknown Pin: Pin U3-15
Add Pin To Net: Unknown Pin: Pin U3-16
Add Pin To Net: Unknown Pin: Pin U3-17
Add Pin To Net: Unknown Pin: Pin U3-18
Add Pin To Net: Unknown Pin: Pin U3-19
Add Pin To Net: Unknown Pin: Pin U3-20
Add Pin To Net: Unknown Pin: Pin U3-21
Add Pin To Net: Unknown Pin: Pin U3-22
Add Pin To Net: Unknown Pin: Pin U3-23
Add Pin To Net: Unknown Pin: Pin U3-24
Added Member To Class: ClassName=DRV8701ESheet Member=Component C6 1uF
Add Class Member: Failed to add class member : Component D4 BZT52C3V3
Added Member To Class: ClassName=DRV8701ESheet Member=Component D5 LED
Add Class Member: Failed to add class member : Component E1 220uF/25V
Added Member To Class: ClassName=DRV8701ESheet Member=Component J2 HT-2P
Added Member To Class: ClassName=DRV8701ESheet Member=Component Q7 TPH1R403NL
Added Member To Class: ClassName=DRV8701ESheet Member=Component R1 330R
Added Member To Class: ClassName=DRV8701ESheet Member=Component S1 SS-12F23
Add Class Member: Failed to add class member : Component U1 DRV8701E
Add Class Member: Failed to add class member : Component U3 DRV8701E
