Added Component: Designator=C1(C0603_L)
Add component (AddParameter): Name = "BOM名称"; Value = "无极性贴片电容"; VariantName = "[No Variations]"
Added Component: Designator=C2(C0603_L)
Add component (AddParameter): Name = "BOM名称"; Value = "无极性贴片电容"; VariantName = "[No Variations]"
Added Component: Designator=C3(C0603_L)
Add component (AddParameter): Name = "BOM名称"; Value = "无极性贴片电容"; VariantName = "[No Variations]"
Added Component: Designator=C4(C0603_L)
Add component (AddParameter): Name = "BOM名称"; Value = "无极性贴片电容"; VariantName = "[No Variations]"
Added Component: Designator=C5(C0603_L)
Add component (AddParameter): Name = "BOM名称"; Value = "无极性贴片电容"; VariantName = "[No Variations]"
Added Component: Designator=C6(C0603_L)
Add component (AddParameter): Name = "BOM名称"; Value = "无极性贴片电容"; VariantName = "[No Variations]"
Added Component: Designator=C7(C0603_L)
Add component (AddParameter): Name = "BOM名称"; Value = "无极性贴片电容"; VariantName = "[No Variations]"
Added Component: Designator=C8(C0603_L)
Add component (AddParameter): Name = "BOM名称"; Value = "无极性贴片电容"; VariantName = "[No Variations]"
Added Component: Designator=C9(C0603_L)
Add component (AddParameter): Name = "BOM名称"; Value = "无极性贴片电容"; VariantName = "[No Variations]"
Added Component: Designator=C10(C0603_L)
Add component (AddParameter): Name = "BOM名称"; Value = "无极性贴片电容"; VariantName = "[No Variations]"
Added Component: Designator=C11(C0603_L)
Add component (AddParameter): Name = "BOM名称"; Value = "无极性贴片电容"; VariantName = "[No Variations]"
Added Component: Designator=C12(C0603_L)
Add component (AddParameter): Name = "BOM名称"; Value = "无极性贴片电容"; VariantName = "[No Variations]"
Added Component: Designator=D1(SOD-323)
Add component (AddParameter): Name = "BOM名称"; Value = "肖特基二极管"; VariantName = "[No Variations]"
Added Component: Designator=D2(LED-0603_R)
Added Component: Designator=D3(SOD-323)
Add component (AddParameter): Name = "BOM名称"; Value = "肖特基二极管"; VariantName = "[No Variations]"
Add Component: Footprint Not Found SOD-123
Added Component: Designator=D5(LED-0603_R)
Add Component: Footprint Not Found CT 2.0*5*8 - C
Added Component: Designator=J1(XT30-M)
Add component (AddParameter): Name = "Arrow Part Number"; Value = ""; VariantName = "[No Variations]"
Add component (AddParameter): Name = "Arrow Price/Stock"; Value = ""; VariantName = "[No Variations]"
Add component (AddParameter): Name = "Datasheet Link"; Value = "https://www.tme.eu/sl/Document/ce4077e36b79046da520ca73227e15de/XT30PW%20SPEC.pdf"; VariantName = "[No Variations]"
Add component (AddParameter): Name = "Geometry.Height"; Value = "5mm"; VariantName = "[No Variations]"
Add component (AddParameter): Name = "Manufacturer_Name"; Value = "Amass"; VariantName = "[No Variations]"
Add component (AddParameter): Name = "Manufacturer_Part_Number"; Value = "XT30PW-M"; VariantName = "[No Variations]"
Add component (AddParameter): Name = "Mouser Part Number"; Value = ""; VariantName = "[No Variations]"
Add component (AddParameter): Name = "Mouser Price/Stock"; Value = ""; VariantName = "[No Variations]"
Added Component: Designator=J2(CZ-5.08-L-Z-2P)
Add component (AddParameter): Name = "Arrow Part Number"; Value = ""; VariantName = "[No Variations]"
Add component (AddParameter): Name = "Arrow Price/Stock"; Value = ""; VariantName = "[No Variations]"
Add component (AddParameter): Name = "Datasheet Link"; Value = "https://www.tme.eu/sl/Document/ce4077e36b79046da520ca73227e15de/XT30PW%20SPEC.pdf"; VariantName = "[No Variations]"
Add component (AddParameter): Name = "Geometry.Height"; Value = "5mm"; VariantName = "[No Variations]"
Add component (AddParameter): Name = "Manufacturer_Name"; Value = "Amass"; VariantName = "[No Variations]"
Add component (AddParameter): Name = "Manufacturer_Part_Number"; Value = "XT30PW-M"; VariantName = "[No Variations]"
Add component (AddParameter): Name = "Mouser Part Number"; Value = ""; VariantName = "[No Variations]"
Add component (AddParameter): Name = "Mouser Price/Stock"; Value = ""; VariantName = "[No Variations]"
Added Component: Designator=J3(XT30-M)
Add component (AddParameter): Name = "Arrow Part Number"; Value = ""; VariantName = "[No Variations]"
Add component (AddParameter): Name = "Arrow Price/Stock"; Value = ""; VariantName = "[No Variations]"
Add component (AddParameter): Name = "Datasheet Link"; Value = "https://www.tme.eu/sl/Document/ce4077e36b79046da520ca73227e15de/XT30PW%20SPEC.pdf"; VariantName = "[No Variations]"
Add component (AddParameter): Name = "Geometry.Height"; Value = "5mm"; VariantName = "[No Variations]"
Add component (AddParameter): Name = "Manufacturer_Name"; Value = "Amass"; VariantName = "[No Variations]"
Add component (AddParameter): Name = "Manufacturer_Part_Number"; Value = "XT30PW-M"; VariantName = "[No Variations]"
Add component (AddParameter): Name = "Mouser Part Number"; Value = ""; VariantName = "[No Variations]"
Add component (AddParameter): Name = "Mouser Price/Stock"; Value = ""; VariantName = "[No Variations]"
Added Component: Designator=Q1(DFN5x6)
Added Component: Designator=Q2(DFN5x6)
Added Component: Designator=Q3(DFN5x6)
Added Component: Designator=Q4(DFN5x6)
Added Component: Designator=Q5(DFN5x6)
Added Component: Designator=Q6(DFN5x6)
Added Component: Designator=Q7(DFN5x6)
Added Component: Designator=Q8(DFN5x6)
Added Component: Designator=R1(R0603_L)
Add component (AddParameter): Name = "BOM名称"; Value = "贴片电阻"; VariantName = "[No Variations]"
Added Component: Designator=R2(R0603_L)
Add component (AddParameter): Name = "BOM名称"; Value = "贴片电阻"; VariantName = "[No Variations]"
Added Component: Designator=R3(R0603_L)
Add component (AddParameter): Name = "BOM名称"; Value = "贴片电阻"; VariantName = "[No Variations]"
Added Component: Designator=R4(R0603_L)
Add component (AddParameter): Name = "BOM名称"; Value = "贴片电阻"; VariantName = "[No Variations]"
Added Component: Designator=R5(R0603_L)
Add component (AddParameter): Name = "BOM名称"; Value = "贴片电阻"; VariantName = "[No Variations]"
Added Component: Designator=R6(R0603_L)
Add component (AddParameter): Name = "BOM名称"; Value = "贴片电阻"; VariantName = "[No Variations]"
Added Component: Designator=R7(R0603_L)
Add component (AddParameter): Name = "BOM名称"; Value = "贴片电阻"; VariantName = "[No Variations]"
Added Component: Designator=S1(MSK-12C01-07)
Add component (AddParameter): Name = "BOM名称"; Value = "波动开关"; VariantName = "[No Variations]"
Add Component: Footprint Not Found QFN24-4*4_M
Added Component: Designator=U2(TSSOP14)
Add Component: Footprint Not Found QFN24-4*4_M
Added Component: Designator=XH1(XH2.54-6P-WI)
Added Pin To Net: NetName=NetC1_1 Pin=C1-1
Added Pin To Net: NetName=NetC1_2 Pin=C1-2
Added Pin To Net: NetName=NetC2_1 Pin=C2-1
Added Pin To Net: NetName=NetC2_2 Pin=C2-2
Added Pin To Net: NetName=NetC2_2 Pin=C3-1
Added Pin To Net: NetName=GND Pin=C3-2
Added Pin To Net: NetName=NetC2_2 Pin=C4-1
Added Pin To Net: NetName=GND Pin=C4-2
Added Pin To Net: NetName=GND Pin=C5-1
Added Pin To Net: NetName=NetC5_2 Pin=C5-2
Added Pin To Net: NetName=GND Pin=C6-1
Added Pin To Net: NetName=DVDD Pin=C6-2
Added Pin To Net: NetName=NetC7_1 Pin=C7-1
Added Pin To Net: NetName=NetC7_2 Pin=C7-2
Added Pin To Net: NetName=NetC8_1 Pin=C8-1
Added Pin To Net: NetName=NetC8_2 Pin=C8-2
Added Pin To Net: NetName=NetC8_2 Pin=C9-1
Added Pin To Net: NetName=GND Pin=C9-2
Added Pin To Net: NetName=NetC8_2 Pin=C10-1
Added Pin To Net: NetName=GND Pin=C10-2
Added Pin To Net: NetName=GND Pin=C11-1
Added Pin To Net: NetName=NetC11_2 Pin=C11-2
Added Pin To Net: NetName=GND Pin=C12-1
Added Pin To Net: NetName=NetC12_2 Pin=C12-2
Added Pin To Net: NetName=VM Pin=D1-1
Added Pin To Net: NetName=NetC2_2 Pin=D1-2
Added Pin To Net: NetName=NetD2_1 Pin=D2-1
Added Pin To Net: NetName=GND Pin=D2-2
Added Pin To Net: NetName=VM Pin=D3-1
Added Pin To Net: NetName=NetC8_2 Pin=D3-2
Add Pin To Net: Unknown Pin: Pin D4-A
Add Pin To Net: Unknown Pin: Pin D4-K
Added Pin To Net: NetName=NetD5_1 Pin=D5-1
Added Pin To Net: NetName=GND Pin=D5-2
Add Pin To Net: Unknown Pin: Pin E1-1
Add Pin To Net: Unknown Pin: Pin E1-2
Added Pin To Net: NetName=L  A Pin=J1-1
Added Pin To Net: NetName=L  B Pin=J1-2
Added Pin To Net: NetName=VM Pin=J2-1
Added Pin To Net: NetName=GND Pin=J2-2
Added Pin To Net: NetName=R  A Pin=J3-1
Added Pin To Net: NetName=R  B Pin=J3-2
Added Pin To Net: NetName=VM Pin=Q1-1
Added Pin To Net: NetName=VM Pin=Q1-1
Added Pin To Net: NetName=VM Pin=Q1-1
Added Pin To Net: NetName=VM Pin=Q1-1
Added Pin To Net: NetName=VM Pin=Q1-1
Added Pin To Net: NetName=VM Pin=Q1-1
Added Pin To Net: NetName=NetQ1_2 Pin=Q1-2
Added Pin To Net: NetName=L  B Pin=Q1-3
Added Pin To Net: NetName=L  B Pin=Q1-3
Added Pin To Net: NetName=L  B Pin=Q1-3
Added Pin To Net: NetName=VM Pin=Q2-1
Added Pin To Net: NetName=VM Pin=Q2-1
Added Pin To Net: NetName=VM Pin=Q2-1
Added Pin To Net: NetName=VM Pin=Q2-1
Added Pin To Net: NetName=VM Pin=Q2-1
Added Pin To Net: NetName=VM Pin=Q2-1
Added Pin To Net: NetName=NetQ2_2 Pin=Q2-2
Added Pin To Net: NetName=L  A Pin=Q2-3
Added Pin To Net: NetName=L  A Pin=Q2-3
Added Pin To Net: NetName=L  A Pin=Q2-3
Added Pin To Net: NetName=L  B Pin=Q3-1
Added Pin To Net: NetName=L  B Pin=Q3-1
Added Pin To Net: NetName=L  B Pin=Q3-1
Added Pin To Net: NetName=L  B Pin=Q3-1
Added Pin To Net: NetName=L  B Pin=Q3-1
Added Pin To Net: NetName=L  B Pin=Q3-1
Added Pin To Net: NetName=NetQ3_2 Pin=Q3-2
Added Pin To Net: NetName=GND Pin=Q3-3
Added Pin To Net: NetName=GND Pin=Q3-3
Added Pin To Net: NetName=GND Pin=Q3-3
Added Pin To Net: NetName=L  A Pin=Q4-1
Added Pin To Net: NetName=L  A Pin=Q4-1
Added Pin To Net: NetName=L  A Pin=Q4-1
Added Pin To Net: NetName=L  A Pin=Q4-1
Added Pin To Net: NetName=L  A Pin=Q4-1
Added Pin To Net: NetName=L  A Pin=Q4-1
Added Pin To Net: NetName=NetQ4_2 Pin=Q4-2
Added Pin To Net: NetName=GND Pin=Q4-3
Added Pin To Net: NetName=GND Pin=Q4-3
Added Pin To Net: NetName=GND Pin=Q4-3
Added Pin To Net: NetName=VM Pin=Q5-1
Added Pin To Net: NetName=VM Pin=Q5-1
Added Pin To Net: NetName=VM Pin=Q5-1
Added Pin To Net: NetName=VM Pin=Q5-1
Added Pin To Net: NetName=VM Pin=Q5-1
Added Pin To Net: NetName=VM Pin=Q5-1
Added Pin To Net: NetName=NetQ5_2 Pin=Q5-2
Added Pin To Net: NetName=R  B Pin=Q5-3
Added Pin To Net: NetName=R  B Pin=Q5-3
Added Pin To Net: NetName=R  B Pin=Q5-3
Added Pin To Net: NetName=VM Pin=Q6-1
Added Pin To Net: NetName=VM Pin=Q6-1
Added Pin To Net: NetName=VM Pin=Q6-1
Added Pin To Net: NetName=VM Pin=Q6-1
Added Pin To Net: NetName=VM Pin=Q6-1
Added Pin To Net: NetName=VM Pin=Q6-1
Added Pin To Net: NetName=NetQ6_2 Pin=Q6-2
Added Pin To Net: NetName=R  A Pin=Q6-3
Added Pin To Net: NetName=R  A Pin=Q6-3
Added Pin To Net: NetName=R  A Pin=Q6-3
Added Pin To Net: NetName=R  B Pin=Q7-1
Added Pin To Net: NetName=R  B Pin=Q7-1
Added Pin To Net: NetName=R  B Pin=Q7-1
Added Pin To Net: NetName=R  B Pin=Q7-1
Added Pin To Net: NetName=R  B Pin=Q7-1
Added Pin To Net: NetName=R  B Pin=Q7-1
Added Pin To Net: NetName=NetQ7_2 Pin=Q7-2
Added Pin To Net: NetName=GND Pin=Q7-3
Added Pin To Net: NetName=GND Pin=Q7-3
Added Pin To Net: NetName=GND Pin=Q7-3
Added Pin To Net: NetName=R  A Pin=Q8-1
Added Pin To Net: NetName=R  A Pin=Q8-1
Added Pin To Net: NetName=R  A Pin=Q8-1
Added Pin To Net: NetName=R  A Pin=Q8-1
Added Pin To Net: NetName=R  A Pin=Q8-1
Added Pin To Net: NetName=R  A Pin=Q8-1
Added Pin To Net: NetName=NetQ8_2 Pin=Q8-2
Added Pin To Net: NetName=GND Pin=Q8-3
Added Pin To Net: NetName=GND Pin=Q8-3
Added Pin To Net: NetName=GND Pin=Q8-3
Added Pin To Net: NetName=nSLEEP Pin=R1-1
Added Pin To Net: NetName=NetD2_1 Pin=R1-2
Added Pin To Net: NetName=VM Pin=R2-1
Added Pin To Net: NetName=3V3 Pin=R2-2
Added Pin To Net: NetName=NetD5_1 Pin=R3-1
Added Pin To Net: NetName=3V3 Pin=R3-2
Added Pin To Net: NetName=L_PH_IN Pin=R4-1
Added Pin To Net: NetName=GND Pin=R4-2
Added Pin To Net: NetName=GND Pin=R5-1
Added Pin To Net: NetName=R_PH_IN Pin=R5-2
Added Pin To Net: NetName=L_EN_IN Pin=R6-1
Added Pin To Net: NetName=GND Pin=R6-2
Added Pin To Net: NetName=GND Pin=R7-1
Added Pin To Net: NetName=R_EN_IN Pin=R7-2
Added Pin To Net: NetName=3V3 Pin=S1-1
Added Pin To Net: NetName=nSLEEP Pin=S1-2
Add Pin To Net: Unknown Pin: Pin U1-0
Add Pin To Net: Unknown Pin: Pin U1-1
Add Pin To Net: Unknown Pin: Pin U1-2
Add Pin To Net: Unknown Pin: Pin U1-3
Add Pin To Net: Unknown Pin: Pin U1-4
Add Pin To Net: Unknown Pin: Pin U1-5
Add Pin To Net: Unknown Pin: Pin U1-6
Add Pin To Net: Unknown Pin: Pin U1-7
Add Pin To Net: Unknown Pin: Pin U1-8
Add Pin To Net: Unknown Pin: Pin U1-12
Add Pin To Net: Unknown Pin: Pin U1-13
Add Pin To Net: Unknown Pin: Pin U1-14
Add Pin To Net: Unknown Pin: Pin U1-15
Add Pin To Net: Unknown Pin: Pin U1-16
Add Pin To Net: Unknown Pin: Pin U1-17
Add Pin To Net: Unknown Pin: Pin U1-18
Add Pin To Net: Unknown Pin: Pin U1-19
Add Pin To Net: Unknown Pin: Pin U1-20
Add Pin To Net: Unknown Pin: Pin U1-21
Add Pin To Net: Unknown Pin: Pin U1-22
Add Pin To Net: Unknown Pin: Pin U1-23
Add Pin To Net: Unknown Pin: Pin U1-24
Added Pin To Net: NetName=GND Pin=U2-1
Added Pin To Net: NetName=L_PH_IN Pin=U2-2
Added Pin To Net: NetName=L_PH Pin=U2-3
Added Pin To Net: NetName=GND Pin=U2-4
Added Pin To Net: NetName=L_EN_IN Pin=U2-5
Added Pin To Net: NetName=L_EN Pin=U2-6
Added Pin To Net: NetName=GND Pin=U2-7
Added Pin To Net: NetName=R_EN Pin=U2-8
Added Pin To Net: NetName=R_EN_IN Pin=U2-9
Added Pin To Net: NetName=GND Pin=U2-10
Added Pin To Net: NetName=R_PH Pin=U2-11
Added Pin To Net: NetName=R_PH_IN Pin=U2-12
Added Pin To Net: NetName=GND Pin=U2-13
Added Pin To Net: NetName=DVDD Pin=U2-14
Add Pin To Net: Unknown Pin: Pin U3-0
Add Pin To Net: Unknown Pin: Pin U3-1
Add Pin To Net: Unknown Pin: Pin U3-2
Add Pin To Net: Unknown Pin: Pin U3-3
Add Pin To Net: Unknown Pin: Pin U3-4
Add Pin To Net: Unknown Pin: Pin U3-5
Add Pin To Net: Unknown Pin: Pin U3-6
Add Pin To Net: Unknown Pin: Pin U3-7
Add Pin To Net: Unknown Pin: Pin U3-8
Add Pin To Net: Unknown Pin: Pin U3-12
Add Pin To Net: Unknown Pin: Pin U3-13
Add Pin To Net: Unknown Pin: Pin U3-14
Add Pin To Net: Unknown Pin: Pin U3-15
Add Pin To Net: Unknown Pin: Pin U3-16
Add Pin To Net: Unknown Pin: Pin U3-17
Add Pin To Net: Unknown Pin: Pin U3-18
Add Pin To Net: Unknown Pin: Pin U3-19
Add Pin To Net: Unknown Pin: Pin U3-20
Add Pin To Net: Unknown Pin: Pin U3-21
Add Pin To Net: Unknown Pin: Pin U3-22
Add Pin To Net: Unknown Pin: Pin U3-23
Add Pin To Net: Unknown Pin: Pin U3-24
Added Pin To Net: NetName=L_EN_IN Pin=XH1-1
Added Pin To Net: NetName=R_EN_IN Pin=XH1-2
Added Pin To Net: NetName=GND Pin=XH1-3
Added Pin To Net: NetName=GND Pin=XH1-4
Added Pin To Net: NetName=L_PH_IN Pin=XH1-5
Added Pin To Net: NetName=R_PH_IN Pin=XH1-6
Added Member To Class: ClassName=DRV8701ESheet Member=Component C1 100nF
Added Member To Class: ClassName=DRV8701ESheet Member=Component C2 1uF
Added Member To Class: ClassName=DRV8701ESheet Member=Component C3 10uF
Added Member To Class: ClassName=DRV8701ESheet Member=Component C4 100nF
Added Member To Class: ClassName=DRV8701ESheet Member=Component C5 1uF
Added Member To Class: ClassName=DRV8701ESheet Member=Component C6 1uF
Added Member To Class: ClassName=DRV8701ESheet Member=Component C7 100nF
Added Member To Class: ClassName=DRV8701ESheet Member=Component C8 1uF
Added Member To Class: ClassName=DRV8701ESheet Member=Component C9 10uF
Added Member To Class: ClassName=DRV8701ESheet Member=Component C10 100nF
Added Member To Class: ClassName=DRV8701ESheet Member=Component C11 1uF
Added Member To Class: ClassName=DRV8701ESheet Member=Component C12 1uF
Added Member To Class: ClassName=DRV8701ESheet Member=Component D1 1N5819
Added Member To Class: ClassName=DRV8701ESheet Member=Component D2 LED
Added Member To Class: ClassName=DRV8701ESheet Member=Component D3 1N5819
Add Class Member: Failed to add class member : Component D4 BZT52C3V3
Added Member To Class: ClassName=DRV8701ESheet Member=Component D5 LED
Add Class Member: Failed to add class member : Component E1 220uF/25V
Added Member To Class: ClassName=DRV8701ESheet Member=Component J1 XT30
Added Member To Class: ClassName=DRV8701ESheet Member=Component J2 HT-2P
Added Member To Class: ClassName=DRV8701ESheet Member=Component J3 XT30
Added Member To Class: ClassName=DRV8701ESheet Member=Component Q1 TPH1R403NL
Added Member To Class: ClassName=DRV8701ESheet Member=Component Q2 TPH1R403NL
Added Member To Class: ClassName=DRV8701ESheet Member=Component Q3 TPH1R403NL
Added Member To Class: ClassName=DRV8701ESheet Member=Component Q4 TPH1R403NL
Added Member To Class: ClassName=DRV8701ESheet Member=Component Q5 TPH1R403NL
Added Member To Class: ClassName=DRV8701ESheet Member=Component Q6 TPH1R403NL
Added Member To Class: ClassName=DRV8701ESheet Member=Component Q7 TPH1R403NL
Added Member To Class: ClassName=DRV8701ESheet Member=Component Q8 TPH1R403NL
Added Member To Class: ClassName=DRV8701ESheet Member=Component R1 330R
Added Member To Class: ClassName=DRV8701ESheet Member=Component R2 2.2K
Added Member To Class: ClassName=DRV8701ESheet Member=Component R3 1K
Added Member To Class: ClassName=DRV8701ESheet Member=Component R4 10K
Added Member To Class: ClassName=DRV8701ESheet Member=Component R5 10K
Added Member To Class: ClassName=DRV8701ESheet Member=Component R6 10K
Added Member To Class: ClassName=DRV8701ESheet Member=Component R7 10K
Added Member To Class: ClassName=DRV8701ESheet Member=Component S1 SS-12F23
Add Class Member: Failed to add class member : Component U1 DRV8701E
Added Member To Class: ClassName=DRV8701ESheet Member=Component U2 SN74HC125PWR
Add Class Member: Failed to add class member : Component U3 DRV8701E
Added Member To Class: ClassName=DRV8701ESheet Member=Component XH1 XH2.54-6P
