Change Physical Footprint: Designator=B1 Old Footprint=BEEP 9x5.5mm New Footprint=BEEP 9x5.5mm
Change Physical Footprint: Designator=C1 Old Footprint=CAP-T-S 3216 New Footprint=CAP-T-S 3216
Change Physical Footprint: Designator=C2 Old Footprint=CAPC1608[0603]S-L New Footprint=CAPC1608[0603]S-L
Change Physical Footprint: Designator=C3 Old Footprint=CAPC1608[0603]S-L New Footprint=CAPC1608[0603]S-L
Change Physical Footprint: Designator=C4 Old Footprint=CAP-E-S 6.3 New Footprint=CAP-E-S 6.3
Change Physical Footprint: Designator=C5 Old Footprint=CAPC3216[1206]S New Footprint=CAPC3216[1206]S
Change Physical Footprint: Designator=C6 Old Footprint=CAP-T-S 3216 New Footprint=CAP-T-S 3216
Change Physical Footprint: Designator=C7 Old Footprint=CAPC1608[0603]S-L New Footprint=CAPC1608[0603]S-L
Change Physical Footprint: Designator=C8 Old Footprint=CAPC1608[0603]S-L New Footprint=CAPC1608[0603]S-L
Change Physical Footprint: Designator=C9 Old Footprint=CAP-E-S 6.3 New Footprint=CAP-E-S 6.3
Change Physical Footprint: Designator=C10 Old Footprint=CAPC3216[1206]S New Footprint=CAPC3216[1206]S
Change Physical Footprint: Designator=C11 Old Footprint=CAPC1608[0603]S-L New Footprint=CAPC1608[0603]S-L
Change Physical Footprint: Designator=C12 Old Footprint=CAPC1608[0603]S-L New Footprint=CAPC1608[0603]S-L
Change Physical Footprint: Designator=C13 Old Footprint=CAP-T-S 3216 New Footprint=CAP-T-S 3216
Change Physical Footprint: Designator=C14 Old Footprint=CAPC1608[0603]S-L New Footprint=CAPC1608[0603]S-L
Change Physical Footprint: Designator=C15 Old Footprint=CAPC1608[0603]S-L New Footprint=CAPC1608[0603]S-L
Change Physical Footprint: Designator=C16 Old Footprint=CAPC1608[0603]S-L New Footprint=CAPC1608[0603]S-L
Change Physical Footprint: Designator=C17 Old Footprint=CAP-E-S 6.3 New Footprint=CAP-E-S 6.3
Change Physical Footprint: Designator=C18 Old Footprint=CAPC3216[1206]S New Footprint=CAPC3216[1206]S
Change Physical Footprint: Designator=C19 Old Footprint=CAP-E-S 6.3 New Footprint=CAP-E-S 6.3
Change Physical Footprint: Designator=C20 Old Footprint=CAPC3216[1206]S New Footprint=CAPC3216[1206]S
Change Physical Footprint: Designator=C21 Old Footprint=CAPC1608[0603]S-L New Footprint=CAPC1608[0603]S-L
Change Physical Footprint: Designator=C22 Old Footprint=CAPC1608[0603]S-L New Footprint=CAPC1608[0603]S-L
Change Physical Footprint: Designator=D1 Old Footprint=SOD-123-L New Footprint=SOD-123-L
Change Physical Footprint: Designator=D2 Old Footprint=SMA-L[DO-214AC] New Footprint=SMA-L[DO-214AC]
Change Physical Footprint: Designator=DCIN1 Old Footprint=PCBComponent_1 New Footprint=PCBComponent_1
Change Physical Footprint: Designator=J1 Old Footprint=Fe-HDR1X12/2.54-S New Footprint=Fe-HDR1X12/2.54-S
Change Physical Footprint: Designator=J2 Old Footprint=Fe-HDR1X12/2.54-S New Footprint=Fe-HDR1X12/2.54-S
Change Physical Footprint: Designator=J3 Old Footprint=Fe-HDR1X12/2.54-S New Footprint=Fe-HDR1X12/2.54-S
Change Physical Footprint: Designator=J4 Old Footprint=Fe-HDR1X12/2.54-S New Footprint=Fe-HDR1X12/2.54-S
Change Physical Footprint: Designator=J5 Old Footprint=Fe-HDR1X12/2.54-S New Footprint=Fe-HDR1X12/2.54-S
Change Physical Footprint: Designator=J6 Old Footprint=Fe-HDR1X12/2.54-S New Footprint=Fe-HDR1X12/2.54-S
Change Physical Footprint: Designator=J7 Old Footprint=Fe-HDR1X12/2.54-S New Footprint=Fe-HDR1X12/2.54-S
Change Physical Footprint: Designator=J8 Old Footprint=Fe-HDR1X12/2.54-S New Footprint=Fe-HDR1X12/2.54-S
Change Physical Footprint: Designator=L1 Old Footprint=0630 TPC 7*7*3 New Footprint=0630 TPC 7*7*3
Change Physical Footprint: Designator=L2 Old Footprint=0630 TPC 7*7*3 New Footprint=0630 TPC 7*7*3
Change Physical Footprint: Designator=LED1 Old Footprint=LEDC1608(0603)-L New Footprint=LEDC1608(0603)-L
Change Physical Footprint: Designator=LED2 Old Footprint=LEDC1608(0603)-L New Footprint=LEDC1608(0603)-L
Change Physical Footprint: Designator=LED3 Old Footprint=LEDC1608(0603)-L New Footprint=LEDC1608(0603)-L
Change Physical Footprint: Designator=LED4 Old Footprint=LEDC1608(0603)-L New Footprint=LEDC1608(0603)-L
Change Physical Footprint: Designator=LED5 Old Footprint=LEDC1608(0603)-L New Footprint=LEDC1608(0603)-L
Change Physical Footprint: Designator=M1 Old Footprint=M3-MountHole New Footprint=M3-MountHole
Change Physical Footprint: Designator=M2 Old Footprint=M3-MountHole New Footprint=M3-MountHole
Change Physical Footprint: Designator=M3 Old Footprint=M3-MountHole New Footprint=M3-MountHole
Change Physical Footprint: Designator=M4 Old Footprint=M3-MountHole New Footprint=M3-MountHole
Change Physical Footprint: Designator=P1 Old Footprint=Cam_HDR2X8-F-SMT New Footprint=Cam_HDR2X8-F-SMT
Change Physical Footprint: Designator=P2 Old Footprint=HDR1X3-M New Footprint=HDR1X3-M
Change Physical Footprint: Designator=P3 Old Footprint=Fe-HDR1X8/2.54-S New Footprint=Fe-HDR1X8/2.54-S
Change Physical Footprint: Designator=P4 Old Footprint=PH2.0W-4P New Footprint=PH2.0W-4P
Change Physical Footprint: Designator=P5 Old Footprint=XT30-M New Footprint=XT30-M
Change Physical Footprint: Designator=P6 Old Footprint=Fe-HDR1X8/2.54-S New Footprint=Fe-HDR1X8/2.54-S
Change Physical Footprint: Designator=P7 Old Footprint=HDR1X3-M New Footprint=HDR1X3-M
Change Physical Footprint: Designator=P8 Old Footprint=PH2.0W-4P New Footprint=PH2.0W-4P
Change Physical Footprint: Designator=P9 Old Footprint=IDC2.54-6P New Footprint=IDC2.54-6P
Change Physical Footprint: Designator=P10 Old Footprint=XT30-M New Footprint=XT30-M
Change Physical Footprint: Designator=P11 Old Footprint=HDR2X4-F-SMT New Footprint=HDR2X4-F-SMT
Change Physical Footprint: Designator=P12 Old Footprint=Fe-HDR1X3/2.54-S New Footprint=Fe-HDR1X3/2.54-S
Change Physical Footprint: Designator=P13 Old Footprint=XT30-M New Footprint=XT30-M
Change Physical Footprint: Designator=P14 Old Footprint=IDC2.54-6P New Footprint=IDC2.54-6P
Change Physical Footprint: Designator=P15 Old Footprint=Fe-HDR1X3/2.54-S New Footprint=Fe-HDR1X3/2.54-S
Change Physical Footprint: Designator=P16 Old Footprint=IDC2.54-6P New Footprint=IDC2.54-6P
Change Physical Footprint: Designator=P17 Old Footprint=XT30-M New Footprint=XT30-M
Change Physical Footprint: Designator=P18 Old Footprint=Fe-HDR1X3/2.54-S New Footprint=Fe-HDR1X3/2.54-S
Change Physical Footprint: Designator=P19 Old Footprint=IDC2.54-6P New Footprint=IDC2.54-6P
Change Physical Footprint: Designator=P20 Old Footprint=HDR1X4-M New Footprint=HDR1X4-M
Change Physical Footprint: Designator=P29 Old Footprint=HDR1X5 New Footprint=HDR1X5
Change Physical Footprint: Designator=Q1 Old Footprint=TO-252AA New Footprint=TO-252AA
Change Physical Footprint: Designator=Q2 Old Footprint=SOT-23 New Footprint=SOT-23
Change Physical Footprint: Designator=R1 Old Footprint=RESC1608[0603]S-L New Footprint=RESC1608[0603]S-L
Change Physical Footprint: Designator=R2 Old Footprint=RESC1608[0603]S-L New Footprint=RESC1608[0603]S-L
Change Physical Footprint: Designator=R3 Old Footprint=RESC1608[0603]S-L New Footprint=RESC1608[0603]S-L
Change Physical Footprint: Designator=R4 Old Footprint=RESC1608[0603]S-L New Footprint=RESC1608[0603]S-L
Change Physical Footprint: Designator=R5 Old Footprint=RESC1608[0603]S-L New Footprint=RESC1608[0603]S-L
Change Physical Footprint: Designator=R6 Old Footprint=RESC1608[0603]S-L New Footprint=RESC1608[0603]S-L
Change Physical Footprint: Designator=R7 Old Footprint=RESC1608[0603]S-L New Footprint=RESC1608[0603]S-L
Change Physical Footprint: Designator=R8 Old Footprint=RESC1608[0603]S-L New Footprint=RESC1608[0603]S-L
Change Physical Footprint: Designator=R9 Old Footprint=RESC1608[0603]S-L New Footprint=RESC1608[0603]S-L
Change Physical Footprint: Designator=R10 Old Footprint=RESC1608[0603]S-L New Footprint=RESC1608[0603]S-L
Change Physical Footprint: Designator=R11 Old Footprint=RESC1608[0603]S-L New Footprint=RESC1608[0603]S-L
Change Physical Footprint: Designator=R12 Old Footprint=RESC1608[0603]S-L New Footprint=RESC1608[0603]S-L
Change Physical Footprint: Designator=R13 Old Footprint=RESC1608[0603]S-L New Footprint=RESC1608[0603]S-L
Change Physical Footprint: Designator=R14 Old Footprint=RESC1608[0603]S-L New Footprint=RESC1608[0603]S-L
Change Physical Footprint: Designator=R15 Old Footprint=RESC1608[0603]S-L New Footprint=RESC1608[0603]S-L
Change Physical Footprint: Designator=R16 Old Footprint=RESC1608[0603]S-L New Footprint=RESC1608[0603]S-L
Change Physical Footprint: Designator=R18 Old Footprint=RESC1608[0603]S-L New Footprint=RESC1608[0603]S-L
Change Physical Footprint: Designator=R19 Old Footprint=RESC1608[0603]S-L New Footprint=RESC1608[0603]S-L
Change Physical Footprint: Designator=R20 Old Footprint=RESC1608[0603]S-L New Footprint=RESC1608[0603]S-L
Change Physical Footprint: Designator=R21 Old Footprint=RESC1608[0603]S-L New Footprint=RESC1608[0603]S-L
Change Physical Footprint: Designator=R22 Old Footprint=RESC1608[0603]S-L New Footprint=RESC1608[0603]S-L
Change Physical Footprint: Designator=R23 Old Footprint=RESC1608[0603]S-L New Footprint=RESC1608[0603]S-L
Change Physical Footprint: Designator=R24 Old Footprint=RESC1608[0603]S-L New Footprint=RESC1608[0603]S-L
Change Physical Footprint: Designator=R25 Old Footprint=RESC1608[0603]S-L New Footprint=RESC1608[0603]S-L
Change Physical Footprint: Designator=R26 Old Footprint=RESC1608[0603]S-L New Footprint=RESC1608[0603]S-L
Change Physical Footprint: Designator=R27 Old Footprint=RESC1608[0603]S-L New Footprint=RESC1608[0603]S-L
Change Physical Footprint: Designator=R28 Old Footprint=RESC1608[0603]S-L New Footprint=RESC1608[0603]S-L
Change Physical Footprint: Designator=R29 Old Footprint=RESC1608[0603]S-L New Footprint=RESC1608[0603]S-L
Change Physical Footprint: Designator=R30 Old Footprint=RESC1608[0603]S-L New Footprint=RESC1608[0603]S-L
Change Physical Footprint: Designator=R31 Old Footprint=RESC1608[0603]S-L New Footprint=RESC1608[0603]S-L
Change Physical Footprint: Designator=R32 Old Footprint=RESC1608[0603]S-L New Footprint=RESC1608[0603]S-L
Change Physical Footprint: Designator=R33 Old Footprint=RESC1608[0603]S-L New Footprint=RESC1608[0603]S-L
Change Physical Footprint: Designator=R34 Old Footprint=RESC1608[0603]S-L New Footprint=RESC1608[0603]S-L
Change Physical Footprint: Designator=R35 Old Footprint=RESC1608[0603]S-L New Footprint=RESC1608[0603]S-L
Change Physical Footprint: Designator=R36 Old Footprint=RESC1608[0603]S-L New Footprint=RESC1608[0603]S-L
Change Physical Footprint: Designator=R37 Old Footprint=RESPOT3296W New Footprint=RESPOT3296W
Change Physical Footprint: Designator=R38 Old Footprint=RESC1608[0603]S-L New Footprint=RESC1608[0603]S-L
Change Physical Footprint: Designator=R39 Old Footprint=RESC1608[0603]S-L New Footprint=RESC1608[0603]S-L
Change Physical Footprint: Designator=R40 Old Footprint=RESC1608[0603]S-L New Footprint=RESC1608[0603]S-L
Change Physical Footprint: Designator=R41 Old Footprint=RESC1608[0603]S-L New Footprint=RESC1608[0603]S-L
Change Physical Footprint: Designator=R42 Old Footprint=RESC1608[0603]S-L New Footprint=RESC1608[0603]S-L
Change Physical Footprint: Designator=R43 Old Footprint=RESC1608[0603]S-L New Footprint=RESC1608[0603]S-L
Change Physical Footprint: Designator=R44 Old Footprint=RESC1608[0603]S-L New Footprint=RESC1608[0603]S-L
Change Physical Footprint: Designator=R45 Old Footprint=RESC1608[0603]S-L New Footprint=RESC1608[0603]S-L
Change Physical Footprint: Designator=R46 Old Footprint=RESC1608[0603]S-L New Footprint=RESC1608[0603]S-L
Change Physical Footprint: Designator=R47 Old Footprint=RESC1608[0603]S-L New Footprint=RESC1608[0603]S-L
Change Physical Footprint: Designator=R48 Old Footprint=RESC1608[0603]S-L New Footprint=RESC1608[0603]S-L
Change Physical Footprint: Designator=R49 Old Footprint=RESC1608[0603]S-L New Footprint=RESC1608[0603]S-L
Change Physical Footprint: Designator=R50 Old Footprint=RESC1608[0603]S-L New Footprint=RESC1608[0603]S-L
Change Physical Footprint: Designator=R51 Old Footprint=RESC1608[0603]S-L New Footprint=RESC1608[0603]S-L
Change Physical Footprint: Designator=R52 Old Footprint=RESC1608[0603]S-L New Footprint=RESC1608[0603]S-L
Change Physical Footprint: Designator=S1 Old Footprint=SS12D10 New Footprint=SS12D10
Change Physical Footprint: Designator=S2 Old Footprint=Code SW-2-DIP-2.54 New Footprint=Code SW-2-DIP-2.54
Change Physical Footprint: Designator=S3 Old Footprint=PTS810-3*4-CurvePin New Footprint=PTS810-3*4-CurvePin
Change Physical Footprint: Designator=S4 Old Footprint=PTS810-3*4-CurvePin New Footprint=PTS810-3*4-CurvePin
Change Physical Footprint: Designator=S5 Old Footprint=PTS810-3*4-CurvePin New Footprint=PTS810-3*4-CurvePin
Change Physical Footprint: Designator=S6 Old Footprint=PTS810-3*4-CurvePin New Footprint=PTS810-3*4-CurvePin
Change Physical Footprint: Designator=S7 Old Footprint=SS12D10 New Footprint=SS12D10
Change Physical Footprint: Designator=U1 Old Footprint=MIMXRT1064xVL_CoreBoard - 3D New Footprint=MIMXRT1064xVL_CoreBoard - 3D
Change Physical Footprint: Designator=U2 Old Footprint=SOT-23-5 New Footprint=SOT-23-5
Change Physical Footprint: Designator=U3 Old Footprint=SOP-8E New Footprint=SOP-8E
Change Physical Footprint: Designator=U4 Old Footprint=SOT-23-5 New Footprint=SOT-23-5
Change Physical Footprint: Designator=U5 Old Footprint=SOP-8E New Footprint=SOP-8E
Change Physical Footprint: Designator=U6 Old Footprint=SOT-23-5 New Footprint=SOT-23-5
