Change Component Footprint: Designator=C5 Old Footprint=CAPC3216[1206]S New Footprint=CAPC1608[0603]S-L
Change Component Footprint: Designator=C10 Old Footprint=CAPC3216[1206]S New Footprint=CAPC1608[0603]S-L
Change Component Footprint: Designator=C18 Old Footprint=CAPC3216[1206]S New Footprint=CAPC1608[0603]S-L
Change Component Footprint: Designator=C20 Old Footprint=CAPC3216[1206]S New Footprint=CAPC1608[0603]S-L
Change Component Comment : Designator=C10 Old Comment=4.7uF 25V X5R New Comment=4.7uF 50V X7R
Change Component Comment : Designator=C20 Old Comment=4.7uF 25V X5R New Comment=4.7uF 50V X7R
Change Component Comment : Designator=C5 Old Comment=47uF 10V X5R New Comment=47uF 50V X7R
Change Component Comment : Designator=C18 Old Comment=47uF 10V X5R New Comment=47uF 50V X7R
Change component parameters: Designator = "C5" ("C5"); Footprint = "CAPC3216[1206]S"; UniqueID = "\SLBDDQHD" ("\SLBDDQHD")
Change component parameters (AddParameter): Name = "Revision"; Value = "V1.0"; VariantName = "[No Variations]"
Change component parameters (AddParameter): Name = "Type"; Value = "X7R"; VariantName = "[No Variations]"
Change component parameters (AddParameter): Name = "Value"; Value = "47uF"; VariantName = "[No Variations]"
Change component parameters (AddParameter): Name = "Voltage"; Value = "50V"; VariantName = "[No Variations]"
Change component parameters: Designator = "C10" ("C10"); Footprint = "CAPC3216[1206]S"; UniqueID = "\LWPTBITB" ("\LWPTBITB")
Change component parameters (AddParameter): Name = "Revision"; Value = "V1.0"; VariantName = "[No Variations]"
Change component parameters (AddParameter): Name = "Type"; Value = "X7R"; VariantName = "[No Variations]"
Change component parameters (AddParameter): Name = "Value"; Value = "4.7uF"; VariantName = "[No Variations]"
Change component parameters (AddParameter): Name = "Voltage"; Value = "50V"; VariantName = "[No Variations]"
Change component parameters: Designator = "C18" ("C18"); Footprint = "CAPC3216[1206]S"; UniqueID = "\MQILORVZ" ("\MQILORVZ")
Change component parameters (AddParameter): Name = "Revision"; Value = "V1.0"; VariantName = "[No Variations]"
Change component parameters (AddParameter): Name = "Type"; Value = "X7R"; VariantName = "[No Variations]"
Change component parameters (AddParameter): Name = "Value"; Value = "47uF"; VariantName = "[No Variations]"
Change component parameters (AddParameter): Name = "Voltage"; Value = "50V"; VariantName = "[No Variations]"
Change component parameters: Designator = "C20" ("C20"); Footprint = "CAPC3216[1206]S"; UniqueID = "\LOJQHFZX" ("\LOJQHFZX")
Change component parameters (AddParameter): Name = "Revision"; Value = "V1.0"; VariantName = "[No Variations]"
Change component parameters (AddParameter): Name = "Type"; Value = "X7R"; VariantName = "[No Variations]"
Change component parameters (AddParameter): Name = "Value"; Value = "4.7uF"; VariantName = "[No Variations]"
Change component parameters (AddParameter): Name = "Voltage"; Value = "50V"; VariantName = "[No Variations]"
