Added Component: Designator=B1(BEEP 9x5.5mm)
Added Component: Designator=C1(CAP-T-S 3216)
Add component (AddParameter): Name = "Revision"; Value = "July-2002: Re-released for DXP Platform."; VariantName = "[No Variations]"
Add component (AddParameter): Name = "Type"; Value = "TanCap"; VariantName = "[No Variations]"
Add component (AddParameter): Name = "Value"; Value = "10uF"; VariantName = "[No Variations]"
Add component (AddParameter): Name = "Voltage"; Value = "16V"; VariantName = "[No Variations]"
Added Component: Designator=C2(CAPC1608[0603]S-L)
Add component (AddParameter): Name = "Revision"; Value = "V1.0"; VariantName = "[No Variations]"
Add component (AddParameter): Name = "Type"; Value = "X7R"; VariantName = "[No Variations]"
Add component (AddParameter): Name = "Value"; Value = "1uF"; VariantName = "[No Variations]"
Add component (AddParameter): Name = "Voltage"; Value = "16V"; VariantName = "[No Variations]"
Added Component: Designator=C3(CAPC1608[0603]S-L)
Add component (AddParameter): Name = "Revision"; Value = "V1.0"; VariantName = "[No Variations]"
Add component (AddParameter): Name = "Type"; Value = "X7R"; VariantName = "[No Variations]"
Add component (AddParameter): Name = "Value"; Value = "100nF"; VariantName = "[No Variations]"
Add component (AddParameter): Name = "Voltage"; Value = "50V"; VariantName = "[No Variations]"
Added Component: Designator=C4(CAP-E-S 6.3)
Add component (AddParameter): Name = "Revision"; Value = "V1.0"; VariantName = "[No Variations]"
Add component (AddParameter): Name = "Type"; Value = "铝电解"; VariantName = "[No Variations]"
Add component (AddParameter): Name = "Value"; Value = "220uF"; VariantName = "[No Variations]"
Add component (AddParameter): Name = "Voltage"; Value = "25V"; VariantName = "[No Variations]"
Added Component: Designator=C5(CAPC3216[1206]S)
Add component (AddParameter): Name = "Revision"; Value = "V1.0"; VariantName = "[No Variations]"
Add component (AddParameter): Name = "Type"; Value = "X5R"; VariantName = "[No Variations]"
Add component (AddParameter): Name = "Value"; Value = "47uF"; VariantName = "[No Variations]"
Add component (AddParameter): Name = "Voltage"; Value = "10V"; VariantName = "[No Variations]"
Added Component: Designator=C6(CAP-T-S 3216)
Add component (AddParameter): Name = "Revision"; Value = "July-2002: Re-released for DXP Platform."; VariantName = "[No Variations]"
Add component (AddParameter): Name = "Type"; Value = "TanCap"; VariantName = "[No Variations]"
Add component (AddParameter): Name = "Value"; Value = "10uF"; VariantName = "[No Variations]"
Add component (AddParameter): Name = "Voltage"; Value = "16V"; VariantName = "[No Variations]"
Added Component: Designator=C7(CAPC1608[0603]S-L)
Add component (AddParameter): Name = "Revision"; Value = "V1.0"; VariantName = "[No Variations]"
Add component (AddParameter): Name = "Type"; Value = "X7R"; VariantName = "[No Variations]"
Add component (AddParameter): Name = "Value"; Value = "100nF"; VariantName = "[No Variations]"
Add component (AddParameter): Name = "Voltage"; Value = "50V"; VariantName = "[No Variations]"
Added Component: Designator=C8(CAPC1608[0603]S-L)
Add component (AddParameter): Name = "Revision"; Value = "V1.0"; VariantName = "[No Variations]"
Add component (AddParameter): Name = "Type"; Value = "X7R"; VariantName = "[No Variations]"
Add component (AddParameter): Name = "Value"; Value = "100nF"; VariantName = "[No Variations]"
Add component (AddParameter): Name = "Voltage"; Value = "50V"; VariantName = "[No Variations]"
Added Component: Designator=C9(CAP-E-S 6.3)
Add component (AddParameter): Name = "Revision"; Value = "V1.0"; VariantName = "[No Variations]"
Add component (AddParameter): Name = "Type"; Value = "铝电解"; VariantName = "[No Variations]"
Add component (AddParameter): Name = "Value"; Value = "220uF"; VariantName = "[No Variations]"
Add component (AddParameter): Name = "Voltage"; Value = "25V"; VariantName = "[No Variations]"
Added Component: Designator=C10(CAPC3216[1206]S)
Add component (AddParameter): Name = "Revision"; Value = "V1.0"; VariantName = "[No Variations]"
Add component (AddParameter): Name = "Type"; Value = "X5R"; VariantName = "[No Variations]"
Add component (AddParameter): Name = "Value"; Value = "4.7uF"; VariantName = "[No Variations]"
Add component (AddParameter): Name = "Voltage"; Value = "25V"; VariantName = "[No Variations]"
Added Component: Designator=C11(CAPC1608[0603]S-L)
Add component (AddParameter): Name = "Revision"; Value = "V1.0"; VariantName = "[No Variations]"
Add component (AddParameter): Name = "Type"; Value = "X7R"; VariantName = "[No Variations]"
Add component (AddParameter): Name = "Value"; Value = "100nF"; VariantName = "[No Variations]"
Add component (AddParameter): Name = "Voltage"; Value = "50V"; VariantName = "[No Variations]"
Added Component: Designator=C12(CAPC1608[0603]S-L)
Add component (AddParameter): Name = "Revision"; Value = "V1.0"; VariantName = "[No Variations]"
Add component (AddParameter): Name = "Type"; Value = "X7R"; VariantName = "[No Variations]"
Add component (AddParameter): Name = "Value"; Value = "4.7nF"; VariantName = "[No Variations]"
Add component (AddParameter): Name = "Voltage"; Value = "50V"; VariantName = "[No Variations]"
Added Component: Designator=C13(CAP-T-S 3216)
Add component (AddParameter): Name = "Revision"; Value = "July-2002: Re-released for DXP Platform."; VariantName = "[No Variations]"
Add component (AddParameter): Name = "Type"; Value = "TanCap"; VariantName = "[No Variations]"
Add component (AddParameter): Name = "Value"; Value = "10uF"; VariantName = "[No Variations]"
Add component (AddParameter): Name = "Voltage"; Value = "16V"; VariantName = "[No Variations]"
Added Component: Designator=C14(CAPC1608[0603]S-L)
Add component (AddParameter): Name = "Revision"; Value = "V1.0"; VariantName = "[No Variations]"
Add component (AddParameter): Name = "Type"; Value = "X7R"; VariantName = "[No Variations]"
Add component (AddParameter): Name = "Value"; Value = "100nF"; VariantName = "[No Variations]"
Add component (AddParameter): Name = "Voltage"; Value = "50V"; VariantName = "[No Variations]"
Added Component: Designator=C15(CAPC1608[0603]S-L)
Add component (AddParameter): Name = "Revision"; Value = "V1.0"; VariantName = "[No Variations]"
Add component (AddParameter): Name = "Type"; Value = "X7R"; VariantName = "[No Variations]"
Add component (AddParameter): Name = "Value"; Value = "100nF"; VariantName = "[No Variations]"
Add component (AddParameter): Name = "Voltage"; Value = "50V"; VariantName = "[No Variations]"
Added Component: Designator=C16(CAPC1608[0603]S-L)
Add component (AddParameter): Name = "Revision"; Value = "V1.0"; VariantName = "[No Variations]"
Add component (AddParameter): Name = "Type"; Value = "X7R"; VariantName = "[No Variations]"
Add component (AddParameter): Name = "Value"; Value = "100nF"; VariantName = "[No Variations]"
Add component (AddParameter): Name = "Voltage"; Value = "50V"; VariantName = "[No Variations]"
Added Component: Designator=C17(CAP-E-S 6.3)
Add component (AddParameter): Name = "Revision"; Value = "V1.0"; VariantName = "[No Variations]"
Add component (AddParameter): Name = "Type"; Value = "铝电解"; VariantName = "[No Variations]"
Add component (AddParameter): Name = "Value"; Value = "220uF"; VariantName = "[No Variations]"
Add component (AddParameter): Name = "Voltage"; Value = "25V"; VariantName = "[No Variations]"
Added Component: Designator=C18(CAPC3216[1206]S)
Add component (AddParameter): Name = "Revision"; Value = "V1.0"; VariantName = "[No Variations]"
Add component (AddParameter): Name = "Type"; Value = "X5R"; VariantName = "[No Variations]"
Add component (AddParameter): Name = "Value"; Value = "47uF"; VariantName = "[No Variations]"
Add component (AddParameter): Name = "Voltage"; Value = "10V"; VariantName = "[No Variations]"
Added Component: Designator=C19(CAP-E-S 6.3)
Add component (AddParameter): Name = "Revision"; Value = "V1.0"; VariantName = "[No Variations]"
Add component (AddParameter): Name = "Type"; Value = "铝电解"; VariantName = "[No Variations]"
Add component (AddParameter): Name = "Value"; Value = "220uF"; VariantName = "[No Variations]"
Add component (AddParameter): Name = "Voltage"; Value = "25V"; VariantName = "[No Variations]"
Added Component: Designator=C20(CAPC3216[1206]S)
Add component (AddParameter): Name = "Revision"; Value = "V1.0"; VariantName = "[No Variations]"
Add component (AddParameter): Name = "Type"; Value = "X5R"; VariantName = "[No Variations]"
Add component (AddParameter): Name = "Value"; Value = "4.7uF"; VariantName = "[No Variations]"
Add component (AddParameter): Name = "Voltage"; Value = "25V"; VariantName = "[No Variations]"
Added Component: Designator=C21(CAPC1608[0603]S-L)
Add component (AddParameter): Name = "Revision"; Value = "V1.0"; VariantName = "[No Variations]"
Add component (AddParameter): Name = "Type"; Value = "X7R"; VariantName = "[No Variations]"
Add component (AddParameter): Name = "Value"; Value = "100nF"; VariantName = "[No Variations]"
Add component (AddParameter): Name = "Voltage"; Value = "50V"; VariantName = "[No Variations]"
Added Component: Designator=C22(CAPC1608[0603]S-L)
Add component (AddParameter): Name = "Revision"; Value = "V1.0"; VariantName = "[No Variations]"
Add component (AddParameter): Name = "Type"; Value = "X7R"; VariantName = "[No Variations]"
Add component (AddParameter): Name = "Value"; Value = "4.7nF"; VariantName = "[No Variations]"
Add component (AddParameter): Name = "Voltage"; Value = "50V"; VariantName = "[No Variations]"
Added Component: Designator=D1(SOD-123-L)
Add component (AddParameter): Name = "Price(RMB)"; Value = "0.000"; VariantName = "[No Variations]"
Add component (AddParameter): Name = "Published"; Value = "8-Jun-2000"; VariantName = "[No Variations]"
Add component (AddParameter): Name = "Publisher"; Value = "Altium Limited"; VariantName = "[No Variations]"
Add component (AddParameter): Name = "Revision"; Value = "July-2002: Re-released for DXP Platform."; VariantName = "[No Variations]"
Added Component: Designator=D2(SMA-L[DO-214AC])
Add component (AddParameter): Name = "Revision"; Value = "V1.0"; VariantName = "[No Variations]"
Add component (AddParameter): Name = "Value"; Value = "SS54"; VariantName = "[No Variations]"
Added Component: Designator=DCIN1(Wired T-Header ThroughHole)
Added Component: Designator=L1(0630 TPC 7*7*3)
Add component (AddParameter): Name = "DCR"; Value = ".5m"; VariantName = "[No Variations]"
Add component (AddParameter): Name = "Imax"; Value = "5A"; VariantName = "[No Variations]"
Add component (AddParameter): Name = "Price(RMB)"; Value = "0.000"; VariantName = "[No Variations]"
Add component (AddParameter): Name = "Published"; Value = "8-Jun-2000"; VariantName = "[No Variations]"
Add component (AddParameter): Name = "Publisher"; Value = "Altium Limited"; VariantName = "[No Variations]"
Add component (AddParameter): Name = "Revision"; Value = "July-2002: Re-released for DXP Platform."; VariantName = "[No Variations]"
Add component (AddParameter): Name = "Value"; Value = "4.7uH"; VariantName = "[No Variations]"
Added Component: Designator=L2(0630 TPC 7*7*3)
Add component (AddParameter): Name = "DCR"; Value = ".5m"; VariantName = "[No Variations]"
Add component (AddParameter): Name = "Imax"; Value = "5A"; VariantName = "[No Variations]"
Add component (AddParameter): Name = "Price(RMB)"; Value = "0.000"; VariantName = "[No Variations]"
Add component (AddParameter): Name = "Published"; Value = "8-Jun-2000"; VariantName = "[No Variations]"
Add component (AddParameter): Name = "Publisher"; Value = "Altium Limited"; VariantName = "[No Variations]"
Add component (AddParameter): Name = "Revision"; Value = "July-2002: Re-released for DXP Platform."; VariantName = "[No Variations]"
Add component (AddParameter): Name = "Value"; Value = "4.7uH"; VariantName = "[No Variations]"
Added Component: Designator=LED1(LEDC1608(0603)-L)
Add component (AddParameter): Name = "PartNumber"; Value = ""; VariantName = "[No Variations]"
Add component (AddParameter): Name = "Price(RMB)"; Value = "0.00"; VariantName = "[No Variations]"
Add component (AddParameter): Name = "Published"; Value = "8-Jun-2000"; VariantName = "[No Variations]"
Add component (AddParameter): Name = "Publisher"; Value = "Altium Limited"; VariantName = "[No Variations]"
Add component (AddParameter): Name = "Revision"; Value = "July-2002: Re-released for DXP Platform."; VariantName = "[No Variations]"
Added Component: Designator=LED2(LEDC1608(0603)-L)
Add component (AddParameter): Name = "PartNumber"; Value = ""; VariantName = "[No Variations]"
Add component (AddParameter): Name = "Price(RMB)"; Value = "0.00"; VariantName = "[No Variations]"
Add component (AddParameter): Name = "Published"; Value = "8-Jun-2000"; VariantName = "[No Variations]"
Add component (AddParameter): Name = "Publisher"; Value = "Altium Limited"; VariantName = "[No Variations]"
Add component (AddParameter): Name = "Revision"; Value = "July-2002: Re-released for DXP Platform."; VariantName = "[No Variations]"
Added Component: Designator=LED3(LEDC1608(0603)-L)
Add component (AddParameter): Name = "PartNumber"; Value = ""; VariantName = "[No Variations]"
Add component (AddParameter): Name = "Price(RMB)"; Value = "0.00"; VariantName = "[No Variations]"
Add component (AddParameter): Name = "Published"; Value = "8-Jun-2000"; VariantName = "[No Variations]"
Add component (AddParameter): Name = "Publisher"; Value = "Altium Limited"; VariantName = "[No Variations]"
Add component (AddParameter): Name = "Revision"; Value = "July-2002: Re-released for DXP Platform."; VariantName = "[No Variations]"
Added Component: Designator=LED4(LEDC1608(0603)-L)
Add component (AddParameter): Name = "PartNumber"; Value = ""; VariantName = "[No Variations]"
Add component (AddParameter): Name = "Price(RMB)"; Value = "0.00"; VariantName = "[No Variations]"
Add component (AddParameter): Name = "Published"; Value = "8-Jun-2000"; VariantName = "[No Variations]"
Add component (AddParameter): Name = "Publisher"; Value = "Altium Limited"; VariantName = "[No Variations]"
Add component (AddParameter): Name = "Revision"; Value = "July-2002: Re-released for DXP Platform."; VariantName = "[No Variations]"
Added Component: Designator=LED5(LEDC1608(0603)-L)
Add component (AddParameter): Name = "PartNumber"; Value = ""; VariantName = "[No Variations]"
Add component (AddParameter): Name = "Price(RMB)"; Value = "0.00"; VariantName = "[No Variations]"
Add component (AddParameter): Name = "Published"; Value = "8-Jun-2000"; VariantName = "[No Variations]"
Add component (AddParameter): Name = "Publisher"; Value = "Altium Limited"; VariantName = "[No Variations]"
Add component (AddParameter): Name = "Revision"; Value = "July-2002: Re-released for DXP Platform."; VariantName = "[No Variations]"
Added Component: Designator=M1(M3-MountHole)
Added Component: Designator=M2(M3-MountHole)
Added Component: Designator=M3(M3-MountHole)
Added Component: Designator=M4(M3-MountHole)
Added Component: Designator=P1(HDR2X8-F-High)
Add component (AddParameter): Name = "Revision"; Value = "V1.0"; VariantName = "[No Variations]"
Add component (AddParameter): Name = "Value"; Value = "Header-D-F 2x8P"; VariantName = "[No Variations]"
Added Component: Designator=P2(HDR1X3-M)
Add component (AddParameter): Name = "Revision"; Value = "V1.0"; VariantName = "[No Variations]"
Add component (AddParameter): Name = "Value"; Value = "Header-D-M 1x3P"; VariantName = "[No Variations]"
Added Component: Designator=P3(HDR1X8-M)
Add component (AddParameter): Name = "Revision"; Value = "V1.0"; VariantName = "[No Variations]"
Add component (AddParameter): Name = "Value"; Value = "Header-D-M 1x8P"; VariantName = "[No Variations]"
Added Component: Designator=P4(HDR1X4-M)
Add component (AddParameter): Name = "Revision"; Value = "V1.0"; VariantName = "[No Variations]"
Add component (AddParameter): Name = "Value"; Value = "Header-D-M 1x4P"; VariantName = "[No Variations]"
Added Component: Designator=P5(HDR1X12)
Add component (AddParameter): Name = "LatestRevisionDate"; Value = "17-Jul-2002"; VariantName = "[No Variations]"
Add component (AddParameter): Name = "LatestRevisionNote"; Value = "Re-released for DXP Platform."; VariantName = "[No Variations]"
Add component (AddParameter): Name = "Publisher"; Value = "Altium Limited"; VariantName = "[No Variations]"
Added Component: Designator=P6(HDR1X12)
Add component (AddParameter): Name = "LatestRevisionDate"; Value = "17-Jul-2002"; VariantName = "[No Variations]"
Add component (AddParameter): Name = "LatestRevisionNote"; Value = "Re-released for DXP Platform."; VariantName = "[No Variations]"
Add component (AddParameter): Name = "Publisher"; Value = "Altium Limited"; VariantName = "[No Variations]"
Added Component: Designator=P7(HDR1X3-M)
Add component (AddParameter): Name = "Revision"; Value = "V1.0"; VariantName = "[No Variations]"
Add component (AddParameter): Name = "Value"; Value = "Header-D-M 1x3P"; VariantName = "[No Variations]"
Added Component: Designator=P8(KF/WJ/DG 301-2p-5.0mm)
Added Component: Designator=P9(HDR1X8-M)
Add component (AddParameter): Name = "Revision"; Value = "V1.0"; VariantName = "[No Variations]"
Add component (AddParameter): Name = "Value"; Value = "Header-D-M 1x8P"; VariantName = "[No Variations]"
Added Component: Designator=P10(HDR1X4-M)
Add component (AddParameter): Name = "Revision"; Value = "V1.0"; VariantName = "[No Variations]"
Add component (AddParameter): Name = "Value"; Value = "Header-D-M 1x4P"; VariantName = "[No Variations]"
Added Component: Designator=P11(HDR2X4-F-SMT)
Add component (AddParameter): Name = "Revision"; Value = "V1.0"; VariantName = "[No Variations]"
Add component (AddParameter): Name = "Value"; Value = "Header-S-F 2x4P"; VariantName = "[No Variations]"
Added Component: Designator=P12(HDR1X12)
Add component (AddParameter): Name = "LatestRevisionDate"; Value = "17-Jul-2002"; VariantName = "[No Variations]"
Add component (AddParameter): Name = "LatestRevisionNote"; Value = "Re-released for DXP Platform."; VariantName = "[No Variations]"
Add component (AddParameter): Name = "Publisher"; Value = "Altium Limited"; VariantName = "[No Variations]"
Added Component: Designator=P13(HDR1X12)
Add component (AddParameter): Name = "LatestRevisionDate"; Value = "17-Jul-2002"; VariantName = "[No Variations]"
Add component (AddParameter): Name = "LatestRevisionNote"; Value = "Re-released for DXP Platform."; VariantName = "[No Variations]"
Add component (AddParameter): Name = "Publisher"; Value = "Altium Limited"; VariantName = "[No Variations]"
Added Component: Designator=P14(HDR1X12)
Add component (AddParameter): Name = "LatestRevisionDate"; Value = "17-Jul-2002"; VariantName = "[No Variations]"
Add component (AddParameter): Name = "LatestRevisionNote"; Value = "Re-released for DXP Platform."; VariantName = "[No Variations]"
Add component (AddParameter): Name = "Publisher"; Value = "Altium Limited"; VariantName = "[No Variations]"
Added Component: Designator=P15(HDR2X3-M-SMT)
Add component (AddParameter): Name = "Revision"; Value = "V1.0"; VariantName = "[No Variations]"
Add component (AddParameter): Name = "Value"; Value = "Header-D-M 2x3P"; VariantName = "[No Variations]"
Added Component: Designator=P16(KF/WJ/DG 301-2p-5.0mm)
Added Component: Designator=P17(HDR1X3-M)
Add component (AddParameter): Name = "Revision"; Value = "V1.0"; VariantName = "[No Variations]"
Add component (AddParameter): Name = "Value"; Value = "Header-D-M 1x3P"; VariantName = "[No Variations]"
Added Component: Designator=P18(HDR1X12)
Add component (AddParameter): Name = "LatestRevisionDate"; Value = "17-Jul-2002"; VariantName = "[No Variations]"
Add component (AddParameter): Name = "LatestRevisionNote"; Value = "Re-released for DXP Platform."; VariantName = "[No Variations]"
Add component (AddParameter): Name = "Publisher"; Value = "Altium Limited"; VariantName = "[No Variations]"
Added Component: Designator=P19(KF/WJ/DG 301-2p-5.0mm)
Added Component: Designator=P20(HDR1X4-M)
Add component (AddParameter): Name = "Revision"; Value = "V1.0"; VariantName = "[No Variations]"
Add component (AddParameter): Name = "Value"; Value = "Header-D-M 1x4P"; VariantName = "[No Variations]"
Added Component: Designator=P21(HDR2X3-M-SMT)
Add component (AddParameter): Name = "Revision"; Value = "V1.0"; VariantName = "[No Variations]"
Add component (AddParameter): Name = "Value"; Value = "Header-D-M 2x3P"; VariantName = "[No Variations]"
Added Component: Designator=P22(HDR1X12)
Add component (AddParameter): Name = "LatestRevisionDate"; Value = "17-Jul-2002"; VariantName = "[No Variations]"
Add component (AddParameter): Name = "LatestRevisionNote"; Value = "Re-released for DXP Platform."; VariantName = "[No Variations]"
Add component (AddParameter): Name = "Publisher"; Value = "Altium Limited"; VariantName = "[No Variations]"
Added Component: Designator=P23(HDR1X12)
Add component (AddParameter): Name = "LatestRevisionDate"; Value = "17-Jul-2002"; VariantName = "[No Variations]"
Add component (AddParameter): Name = "LatestRevisionNote"; Value = "Re-released for DXP Platform."; VariantName = "[No Variations]"
Add component (AddParameter): Name = "Publisher"; Value = "Altium Limited"; VariantName = "[No Variations]"
Added Component: Designator=P24(HDR1X3-M)
Add component (AddParameter): Name = "Revision"; Value = "V1.0"; VariantName = "[No Variations]"
Add component (AddParameter): Name = "Value"; Value = "Header-D-M 1x3P"; VariantName = "[No Variations]"
Added Component: Designator=P25(HDR2X3-M-SMT)
Add component (AddParameter): Name = "Revision"; Value = "V1.0"; VariantName = "[No Variations]"
Add component (AddParameter): Name = "Value"; Value = "Header-D-M 2x3P"; VariantName = "[No Variations]"
Added Component: Designator=P26(KF/WJ/DG 301-2p-5.0mm)
Added Component: Designator=P27(HDR1X3-M)
Add component (AddParameter): Name = "Revision"; Value = "V1.0"; VariantName = "[No Variations]"
Add component (AddParameter): Name = "Value"; Value = "Header-D-M 1x3P"; VariantName = "[No Variations]"
Added Component: Designator=P28(HDR2X3-M-SMT)
Add component (AddParameter): Name = "Revision"; Value = "V1.0"; VariantName = "[No Variations]"
Add component (AddParameter): Name = "Value"; Value = "Header-D-M 2x3P"; VariantName = "[No Variations]"
Added Component: Designator=P29(HDR1X5)
Add component (AddParameter): Name = "LatestRevisionDate"; Value = "17-Jul-2002"; VariantName = "[No Variations]"
Add component (AddParameter): Name = "LatestRevisionNote"; Value = "Re-released for DXP Platform."; VariantName = "[No Variations]"
Add component (AddParameter): Name = "Publisher"; Value = "Altium Limited"; VariantName = "[No Variations]"
Added Component: Designator=Q1(TO-252AA)
Added Component: Designator=Q2(SOT-23)
Add component (AddParameter): Name = "PartNumber"; Value = "S8050"; VariantName = "[No Variations]"
Add component (AddParameter): Name = "Price(RMB)"; Value = "0.000"; VariantName = "[No Variations]"
Add component (AddParameter): Name = "Published"; Value = "8-Jun-2000"; VariantName = "[No Variations]"
Add component (AddParameter): Name = "Publisher"; Value = "Altium Limited"; VariantName = "[No Variations]"
Add component (AddParameter): Name = "Revision"; Value = "July-2002: Re-released for DXP Platform."; VariantName = "[No Variations]"
Add component (AddParameter): Name = "Temperature"; Value = ""; VariantName = "[No Variations]"
Added Component: Designator=R1(RESC1608[0603]S-L)
Add component (AddParameter): Name = "Power"; Value = "1/8W"; VariantName = "[No Variations]"
Add component (AddParameter): Name = "Revision"; Value = "V1.0"; VariantName = "[No Variations]"
Add component (AddParameter): Name = "Tolerance"; Value = "±1%"; VariantName = "[No Variations]"
Add component (AddParameter): Name = "Value"; Value = "10K"; VariantName = "[No Variations]"
Added Component: Designator=R2(RESC1608[0603]S-L)
Add component (AddParameter): Name = "Power"; Value = "1/8W"; VariantName = "[No Variations]"
Add component (AddParameter): Name = "Revision"; Value = "V1.0"; VariantName = "[No Variations]"
Add component (AddParameter): Name = "Tolerance"; Value = "±1%"; VariantName = "[No Variations]"
Add component (AddParameter): Name = "Value"; Value = "100R"; VariantName = "[No Variations]"
Added Component: Designator=R3(RESC1608[0603]S-L)
Add component (AddParameter): Name = "Power"; Value = "1/8W"; VariantName = "[No Variations]"
Add component (AddParameter): Name = "Revision"; Value = "V1.0"; VariantName = "[No Variations]"
Add component (AddParameter): Name = "Tolerance"; Value = "±1%"; VariantName = "[No Variations]"
Add component (AddParameter): Name = "Value"; Value = "100R"; VariantName = "[No Variations]"
Added Component: Designator=R4(RESC1608[0603]S-L)
Add component (AddParameter): Name = "Power"; Value = "1/8W"; VariantName = "[No Variations]"
Add component (AddParameter): Name = "Revision"; Value = "V1.0"; VariantName = "[No Variations]"
Add component (AddParameter): Name = "Tolerance"; Value = "±1%"; VariantName = "[No Variations]"
Add component (AddParameter): Name = "Value"; Value = "100R"; VariantName = "[No Variations]"
Added Component: Designator=R5(RESC1608[0603]S-L)
Add component (AddParameter): Name = "Power"; Value = "1/8W"; VariantName = "[No Variations]"
Add component (AddParameter): Name = "Revision"; Value = "V1.0"; VariantName = "[No Variations]"
Add component (AddParameter): Name = "Tolerance"; Value = "±1%"; VariantName = "[No Variations]"
Add component (AddParameter): Name = "Value"; Value = "10K"; VariantName = "[No Variations]"
Added Component: Designator=R6(RESC1608[0603]S-L)
Add component (AddParameter): Name = "Power"; Value = "1/8W"; VariantName = "[No Variations]"
Add component (AddParameter): Name = "Revision"; Value = "V1.0"; VariantName = "[No Variations]"
Add component (AddParameter): Name = "Tolerance"; Value = "±1%"; VariantName = "[No Variations]"
Add component (AddParameter): Name = "Value"; Value = "100R"; VariantName = "[No Variations]"
Added Component: Designator=R7(RESC1608[0603]S-L)
Add component (AddParameter): Name = "Power"; Value = "1/8W"; VariantName = "[No Variations]"
Add component (AddParameter): Name = "Revision"; Value = "V1.0"; VariantName = "[No Variations]"
Add component (AddParameter): Name = "Tolerance"; Value = "±1%"; VariantName = "[No Variations]"
Add component (AddParameter): Name = "Value"; Value = "10K"; VariantName = "[No Variations]"
Added Component: Designator=R8(RESC1608[0603]S-L)
Add component (AddParameter): Name = "Power"; Value = "1/8W"; VariantName = "[No Variations]"
Add component (AddParameter): Name = "Revision"; Value = "V1.0"; VariantName = "[No Variations]"
Add component (AddParameter): Name = "Tolerance"; Value = "±1%"; VariantName = "[No Variations]"
Add component (AddParameter): Name = "Value"; Value = "10K"; VariantName = "[No Variations]"
Added Component: Designator=R9(RESC1608[0603]S-L)
Add component (AddParameter): Name = "Power"; Value = "1/8W"; VariantName = "[No Variations]"
Add component (AddParameter): Name = "Revision"; Value = "V1.0"; VariantName = "[No Variations]"
Add component (AddParameter): Name = "Tolerance"; Value = "±1%"; VariantName = "[No Variations]"
Add component (AddParameter): Name = "Value"; Value = "100R"; VariantName = "[No Variations]"
Added Component: Designator=R10(RESC1608[0603]S-L)
Add component (AddParameter): Name = "Power"; Value = "1/8W"; VariantName = "[No Variations]"
Add component (AddParameter): Name = "Revision"; Value = "V1.0"; VariantName = "[No Variations]"
Add component (AddParameter): Name = "Tolerance"; Value = "±1%"; VariantName = "[No Variations]"
Add component (AddParameter): Name = "Value"; Value = "100R"; VariantName = "[No Variations]"
Added Component: Designator=R11(RESC1608[0603]S-L)
Add component (AddParameter): Name = "Power"; Value = "1/8W"; VariantName = "[No Variations]"
Add component (AddParameter): Name = "Revision"; Value = "V1.0"; VariantName = "[No Variations]"
Add component (AddParameter): Name = "Tolerance"; Value = "±1%"; VariantName = "[No Variations]"
Add component (AddParameter): Name = "Value"; Value = "100R"; VariantName = "[No Variations]"
Added Component: Designator=R12(RESC1608[0603]S-L)
Add component (AddParameter): Name = "Power"; Value = "1/8W"; VariantName = "[No Variations]"
Add component (AddParameter): Name = "Revision"; Value = "V1.0"; VariantName = "[No Variations]"
Add component (AddParameter): Name = "Tolerance"; Value = "±1%"; VariantName = "[No Variations]"
Add component (AddParameter): Name = "Value"; Value = "100R"; VariantName = "[No Variations]"
Added Component: Designator=R13(RESC1608[0603]S-L)
Add component (AddParameter): Name = "Power"; Value = "1/8W"; VariantName = "[No Variations]"
Add component (AddParameter): Name = "Revision"; Value = "V1.0"; VariantName = "[No Variations]"
Add component (AddParameter): Name = "Tolerance"; Value = "±1%"; VariantName = "[No Variations]"
Add component (AddParameter): Name = "Value"; Value = "100R"; VariantName = "[No Variations]"
Added Component: Designator=R14(RESC1608[0603]S-L)
Add component (AddParameter): Name = "Power"; Value = "1/8W"; VariantName = "[No Variations]"
Add component (AddParameter): Name = "Revision"; Value = "V1.0"; VariantName = "[No Variations]"
Add component (AddParameter): Name = "Tolerance"; Value = "±1%"; VariantName = "[No Variations]"
Add component (AddParameter): Name = "Value"; Value = "100R"; VariantName = "[No Variations]"
Added Component: Designator=R15(RESC1608[0603]S-L)
Add component (AddParameter): Name = "Power"; Value = "1/8W"; VariantName = "[No Variations]"
Add component (AddParameter): Name = "Revision"; Value = "V1.0"; VariantName = "[No Variations]"
Add component (AddParameter): Name = "Tolerance"; Value = "±1%"; VariantName = "[No Variations]"
Add component (AddParameter): Name = "Value"; Value = "100R"; VariantName = "[No Variations]"
Added Component: Designator=R16(RESC1608[0603]S-L)
Add component (AddParameter): Name = "Power"; Value = "1/8W"; VariantName = "[No Variations]"
Add component (AddParameter): Name = "Revision"; Value = "V1.0"; VariantName = "[No Variations]"
Add component (AddParameter): Name = "Tolerance"; Value = "±1%"; VariantName = "[No Variations]"
Add component (AddParameter): Name = "Value"; Value = "100R"; VariantName = "[No Variations]"
Added Component: Designator=R17(RESC1608[0603]S-L)
Add component (AddParameter): Name = "Power"; Value = "1/8W"; VariantName = "[No Variations]"
Add component (AddParameter): Name = "Revision"; Value = "V1.0"; VariantName = "[No Variations]"
Add component (AddParameter): Name = "Tolerance"; Value = "±1%"; VariantName = "[No Variations]"
Add component (AddParameter): Name = "Value"; Value = "10K"; VariantName = "[No Variations]"
Added Component: Designator=R18(RESC1608[0603]S-L)
Add component (AddParameter): Name = "Power"; Value = "1/8W"; VariantName = "[No Variations]"
Add component (AddParameter): Name = "Revision"; Value = "V1.0"; VariantName = "[No Variations]"
Add component (AddParameter): Name = "Tolerance"; Value = "±1%"; VariantName = "[No Variations]"
Add component (AddParameter): Name = "Value"; Value = "100R"; VariantName = "[No Variations]"
Added Component: Designator=R19(RESC1608[0603]S-L)
Add component (AddParameter): Name = "Published"; Value = "8-Jun-2000"; VariantName = "[No Variations]"
Add component (AddParameter): Name = "Revision"; Value = "July-2002: Re-released for DXP Platform."; VariantName = "[No Variations]"
Add component (AddParameter): Name = "Tolerance"; Value = "±1%"; VariantName = "[No Variations]"
Add component (AddParameter): Name = "Value"; Value = "10R"; VariantName = "[No Variations]"
Added Component: Designator=R20(RESC1608[0603]S-L)
Add component (AddParameter): Name = "Published"; Value = "8-Jun-2000"; VariantName = "[No Variations]"
Add component (AddParameter): Name = "Revision"; Value = "July-2002: Re-released for DXP Platform."; VariantName = "[No Variations]"
Add component (AddParameter): Name = "Tolerance"; Value = "±1%"; VariantName = "[No Variations]"
Add component (AddParameter): Name = "Value"; Value = "4.7K"; VariantName = "[No Variations]"
Added Component: Designator=R21(RESC1608[0603]S-L)
Add component (AddParameter): Name = "Published"; Value = "8-Jun-2000"; VariantName = "[No Variations]"
Add component (AddParameter): Name = "Revision"; Value = "July-2002: Re-released for DXP Platform."; VariantName = "[No Variations]"
Add component (AddParameter): Name = "Tolerance"; Value = "±1%"; VariantName = "[No Variations]"
Add component (AddParameter): Name = "Value"; Value = "10K"; VariantName = "[No Variations]"
Added Component: Designator=R22(RESC1608[0603]S-L)
Add component (AddParameter): Name = "Power"; Value = "1/8W"; VariantName = "[No Variations]"
Add component (AddParameter): Name = "Revision"; Value = "V1.0"; VariantName = "[No Variations]"
Add component (AddParameter): Name = "Tolerance"; Value = "±1%"; VariantName = "[No Variations]"
Add component (AddParameter): Name = "Value"; Value = "100R"; VariantName = "[No Variations]"
Added Component: Designator=R23(RESC1608[0603]S-L)
Add component (AddParameter): Name = "Published"; Value = "8-Jun-2000"; VariantName = "[No Variations]"
Add component (AddParameter): Name = "Revision"; Value = "July-2002: Re-released for DXP Platform."; VariantName = "[No Variations]"
Add component (AddParameter): Name = "Tolerance"; Value = "±1%"; VariantName = "[No Variations]"
Add component (AddParameter): Name = "Value"; Value = "1K"; VariantName = "[No Variations]"
Added Component: Designator=R24(RESC1608[0603]S-L)
Add component (AddParameter): Name = "Published"; Value = "8-Jun-2000"; VariantName = "[No Variations]"
Add component (AddParameter): Name = "Revision"; Value = "July-2002: Re-released for DXP Platform."; VariantName = "[No Variations]"
Add component (AddParameter): Name = "Tolerance"; Value = "±1%"; VariantName = "[No Variations]"
Add component (AddParameter): Name = "Value"; Value = "1K"; VariantName = "[No Variations]"
Added Component: Designator=R25(RESC1608[0603]S-L)
Add component (AddParameter): Name = "Published"; Value = "8-Jun-2000"; VariantName = "[No Variations]"
Add component (AddParameter): Name = "Revision"; Value = "July-2002: Re-released for DXP Platform."; VariantName = "[No Variations]"
Add component (AddParameter): Name = "Tolerance"; Value = "±1%"; VariantName = "[No Variations]"
Add component (AddParameter): Name = "Value"; Value = "1K"; VariantName = "[No Variations]"
Added Component: Designator=R26(RESC1608[0603]S-L)
Add component (AddParameter): Name = "Published"; Value = "8-Jun-2000"; VariantName = "[No Variations]"
Add component (AddParameter): Name = "Revision"; Value = "July-2002: Re-released for DXP Platform."; VariantName = "[No Variations]"
Add component (AddParameter): Name = "Tolerance"; Value = "±1%"; VariantName = "[No Variations]"
Add component (AddParameter): Name = "Value"; Value = "1K"; VariantName = "[No Variations]"
Added Component: Designator=R27(RESC1608[0603]S-L)
Add component (AddParameter): Name = "Power"; Value = "1/8W"; VariantName = "[No Variations]"
Add component (AddParameter): Name = "Revision"; Value = "V1.0"; VariantName = "[No Variations]"
Add component (AddParameter): Name = "Tolerance"; Value = "±1%"; VariantName = "[No Variations]"
Add component (AddParameter): Name = "Value"; Value = "100R"; VariantName = "[No Variations]"
Added Component: Designator=R28(RESC1608[0603]S-L)
Add component (AddParameter): Name = "Power"; Value = "1/8W"; VariantName = "[No Variations]"
Add component (AddParameter): Name = "Revision"; Value = "V1.0"; VariantName = "[No Variations]"
Add component (AddParameter): Name = "Tolerance"; Value = "±1%"; VariantName = "[No Variations]"
Add component (AddParameter): Name = "Value"; Value = "100R"; VariantName = "[No Variations]"
Added Component: Designator=R29(RESC1608[0603]S-L)
Add component (AddParameter): Name = "Power"; Value = "1/8W"; VariantName = "[No Variations]"
Add component (AddParameter): Name = "Revision"; Value = "V1.0"; VariantName = "[No Variations]"
Add component (AddParameter): Name = "Tolerance"; Value = "±1%"; VariantName = "[No Variations]"
Add component (AddParameter): Name = "Value"; Value = "100R"; VariantName = "[No Variations]"
Added Component: Designator=R30(RESC1608[0603]S-L)
Add component (AddParameter): Name = "Power"; Value = "1/8W"; VariantName = "[No Variations]"
Add component (AddParameter): Name = "Revision"; Value = "V1.0"; VariantName = "[No Variations]"
Add component (AddParameter): Name = "Tolerance"; Value = "±1%"; VariantName = "[No Variations]"
Add component (AddParameter): Name = "Value"; Value = "100R"; VariantName = "[No Variations]"
Added Component: Designator=R31(RESC1608[0603]S-L)
Add component (AddParameter): Name = "Power"; Value = "1/8W"; VariantName = "[No Variations]"
Add component (AddParameter): Name = "Revision"; Value = "V1.0"; VariantName = "[No Variations]"
Add component (AddParameter): Name = "Tolerance"; Value = "±1%"; VariantName = "[No Variations]"
Add component (AddParameter): Name = "Value"; Value = "100R"; VariantName = "[No Variations]"
Added Component: Designator=R32(RESC1608[0603]S-L)
Add component (AddParameter): Name = "Power"; Value = "1/8W"; VariantName = "[No Variations]"
Add component (AddParameter): Name = "Revision"; Value = "V1.0"; VariantName = "[No Variations]"
Add component (AddParameter): Name = "Tolerance"; Value = "±1%"; VariantName = "[No Variations]"
Add component (AddParameter): Name = "Value"; Value = "100R"; VariantName = "[No Variations]"
Added Component: Designator=R33(RESC1608[0603]S-L)
Add component (AddParameter): Name = "Power"; Value = "1/8W"; VariantName = "[No Variations]"
Add component (AddParameter): Name = "Revision"; Value = "V1.0"; VariantName = "[No Variations]"
Add component (AddParameter): Name = "Tolerance"; Value = "±1%"; VariantName = "[No Variations]"
Add component (AddParameter): Name = "Value"; Value = "100R"; VariantName = "[No Variations]"
Added Component: Designator=R34(RESC1608[0603]S-L)
Add component (AddParameter): Name = "Power"; Value = "1/8W"; VariantName = "[No Variations]"
Add component (AddParameter): Name = "Revision"; Value = "V1.0"; VariantName = "[No Variations]"
Add component (AddParameter): Name = "Tolerance"; Value = "±1%"; VariantName = "[No Variations]"
Add component (AddParameter): Name = "Value"; Value = "100R"; VariantName = "[No Variations]"
Added Component: Designator=R35(RESC1608[0603]S-L)
Add component (AddParameter): Name = "Power"; Value = "1/8W"; VariantName = "[No Variations]"
Add component (AddParameter): Name = "Revision"; Value = "V1.0"; VariantName = "[No Variations]"
Add component (AddParameter): Name = "Tolerance"; Value = "±1%"; VariantName = "[No Variations]"
Add component (AddParameter): Name = "Value"; Value = "15K"; VariantName = "[No Variations]"
Added Component: Designator=R36(RESC1608[0603]S-L)
Add component (AddParameter): Name = "Power"; Value = "1/8W"; VariantName = "[No Variations]"
Add component (AddParameter): Name = "Revision"; Value = "V1.0"; VariantName = "[No Variations]"
Add component (AddParameter): Name = "Tolerance"; Value = "±1%"; VariantName = "[No Variations]"
Add component (AddParameter): Name = "Value"; Value = "20K"; VariantName = "[No Variations]"
Added Component: Designator=R37(RESPOT3296W)
Add component (AddParameter): Name = "Value"; Value = "10K"; VariantName = "[No Variations]"
Added Component: Designator=R38(RESC1608[0603]S-L)
Add component (AddParameter): Name = "Power"; Value = "1/8W"; VariantName = "[No Variations]"
Add component (AddParameter): Name = "Revision"; Value = "V1.0"; VariantName = "[No Variations]"
Add component (AddParameter): Name = "Tolerance"; Value = "±1%"; VariantName = "[No Variations]"
Add component (AddParameter): Name = "Value"; Value = "200K"; VariantName = "[No Variations]"
Added Component: Designator=R39(RESC1608[0603]S-L)
Add component (AddParameter): Name = "Power"; Value = "1/8W"; VariantName = "[No Variations]"
Add component (AddParameter): Name = "Revision"; Value = "V1.0"; VariantName = "[No Variations]"
Add component (AddParameter): Name = "Tolerance"; Value = "±1%"; VariantName = "[No Variations]"
Add component (AddParameter): Name = "Value"; Value = "3.3K"; VariantName = "[No Variations]"
Added Component: Designator=R40(RESC1608[0603]S-L)
Add component (AddParameter): Name = "Power"; Value = "1/8W"; VariantName = "[No Variations]"
Add component (AddParameter): Name = "Revision"; Value = "V1.0"; VariantName = "[No Variations]"
Add component (AddParameter): Name = "Tolerance"; Value = "±1%"; VariantName = "[No Variations]"
Add component (AddParameter): Name = "Value"; Value = "51K"; VariantName = "[No Variations]"
Added Component: Designator=R41(RESC1608[0603]S-L)
Add component (AddParameter): Name = "Power"; Value = "1/8W"; VariantName = "[No Variations]"
Add component (AddParameter): Name = "Revision"; Value = "V1.0"; VariantName = "[No Variations]"
Add component (AddParameter): Name = "Tolerance"; Value = "±1%"; VariantName = "[No Variations]"
Add component (AddParameter): Name = "Value"; Value = "20K"; VariantName = "[No Variations]"
Added Component: Designator=R42(RESC1608[0603]S-L)
Add component (AddParameter): Name = "Power"; Value = "1/8W"; VariantName = "[No Variations]"
Add component (AddParameter): Name = "Revision"; Value = "V1.0"; VariantName = "[No Variations]"
Add component (AddParameter): Name = "Tolerance"; Value = "±1%"; VariantName = "[No Variations]"
Add component (AddParameter): Name = "Value"; Value = "1.5K"; VariantName = "[No Variations]"
Added Component: Designator=R43(RESC1608[0603]S-L)
Add component (AddParameter): Name = "Power"; Value = "1/8W"; VariantName = "[No Variations]"
Add component (AddParameter): Name = "Revision"; Value = "V1.0"; VariantName = "[No Variations]"
Add component (AddParameter): Name = "Tolerance"; Value = "±1%"; VariantName = "[No Variations]"
Add component (AddParameter): Name = "Value"; Value = "200K"; VariantName = "[No Variations]"
Added Component: Designator=R44(RESC1608[0603]S-L)
Add component (AddParameter): Name = "Power"; Value = "1/8W"; VariantName = "[No Variations]"
Add component (AddParameter): Name = "Revision"; Value = "V1.0"; VariantName = "[No Variations]"
Add component (AddParameter): Name = "Tolerance"; Value = "±1%"; VariantName = "[No Variations]"
Add component (AddParameter): Name = "Value"; Value = "4.7K"; VariantName = "[No Variations]"
Added Component: Designator=R45(RESC1608[0603]S-L)
Add component (AddParameter): Name = "Power"; Value = "1/8W"; VariantName = "[No Variations]"
Add component (AddParameter): Name = "Revision"; Value = "V1.0"; VariantName = "[No Variations]"
Add component (AddParameter): Name = "Tolerance"; Value = "±1%"; VariantName = "[No Variations]"
Add component (AddParameter): Name = "Value"; Value = "10K"; VariantName = "[No Variations]"
Added Component: Designator=R46(RESC1608[0603]S-L)
Add component (AddParameter): Name = "Power"; Value = "1/8W"; VariantName = "[No Variations]"
Add component (AddParameter): Name = "Revision"; Value = "V1.0"; VariantName = "[No Variations]"
Add component (AddParameter): Name = "Tolerance"; Value = "±1%"; VariantName = "[No Variations]"
Add component (AddParameter): Name = "Value"; Value = "0R"; VariantName = "[No Variations]"
Added Component: Designator=R47(RESC1608[0603]S-L)
Add component (AddParameter): Name = "Power"; Value = "1/8W"; VariantName = "[No Variations]"
Add component (AddParameter): Name = "Revision"; Value = "V1.0"; VariantName = "[No Variations]"
Add component (AddParameter): Name = "Tolerance"; Value = "±1%"; VariantName = "[No Variations]"
Add component (AddParameter): Name = "Value"; Value = "0R"; VariantName = "[No Variations]"
Added Component: Designator=R48(RESC1608[0603]S-L)
Add component (AddParameter): Name = "Power"; Value = "1/8W"; VariantName = "[No Variations]"
Add component (AddParameter): Name = "Revision"; Value = "V1.0"; VariantName = "[No Variations]"
Add component (AddParameter): Name = "Tolerance"; Value = "±1%"; VariantName = "[No Variations]"
Add component (AddParameter): Name = "Value"; Value = "10K"; VariantName = "[No Variations]"
Added Component: Designator=R49(RESC1608[0603]S-L)
Add component (AddParameter): Name = "Power"; Value = "1/8W"; VariantName = "[No Variations]"
Add component (AddParameter): Name = "Revision"; Value = "V1.0"; VariantName = "[No Variations]"
Add component (AddParameter): Name = "Tolerance"; Value = "±1%"; VariantName = "[No Variations]"
Add component (AddParameter): Name = "Value"; Value = "10K"; VariantName = "[No Variations]"
Added Component: Designator=R50(RESC1608[0603]S-L)
Add component (AddParameter): Name = "Power"; Value = "1/8W"; VariantName = "[No Variations]"
Add component (AddParameter): Name = "Revision"; Value = "V1.0"; VariantName = "[No Variations]"
Add component (AddParameter): Name = "Tolerance"; Value = "±1%"; VariantName = "[No Variations]"
Add component (AddParameter): Name = "Value"; Value = "10K"; VariantName = "[No Variations]"
Added Component: Designator=R51(RESC1608[0603]S-L)
Add component (AddParameter): Name = "Power"; Value = "1/8W"; VariantName = "[No Variations]"
Add component (AddParameter): Name = "Revision"; Value = "V1.0"; VariantName = "[No Variations]"
Add component (AddParameter): Name = "Tolerance"; Value = "±1%"; VariantName = "[No Variations]"
Add component (AddParameter): Name = "Value"; Value = "4.7K"; VariantName = "[No Variations]"
Added Component: Designator=R52(RESC1608[0603]S-L)
Add component (AddParameter): Name = "Power"; Value = "1/8W"; VariantName = "[No Variations]"
Add component (AddParameter): Name = "Revision"; Value = "V1.0"; VariantName = "[No Variations]"
Add component (AddParameter): Name = "Tolerance"; Value = "±1%"; VariantName = "[No Variations]"
Add component (AddParameter): Name = "Value"; Value = "4.7K"; VariantName = "[No Variations]"
Added Component: Designator=S1(SS12D10)
Add component (AddParameter): Name = "Price(RMB)"; Value = "0.000"; VariantName = "[No Variations]"
Add component (AddParameter): Name = "Published"; Value = "24-Mar-1999"; VariantName = "[No Variations]"
Add component (AddParameter): Name = "Publisher"; Value = "Altium Limited"; VariantName = "[No Variations]"
Added Component: Designator=S2(Code SW-2-DIP-2.54)
Add component (AddParameter): Name = "Price(RMB)"; Value = "0.000"; VariantName = "[No Variations]"
Add component (AddParameter): Name = "Published"; Value = "24-Mar-1999"; VariantName = "[No Variations]"
Add component (AddParameter): Name = "Publisher"; Value = "Altium Limited"; VariantName = "[No Variations]"
Add component (AddParameter): Name = "Revision"; Value = "July-2002: Re-released for DXP Platform."; VariantName = "[No Variations]"
Added Component: Designator=S3(PTS810-3*4-CurvePin)
Add component (AddParameter): Name = "Price(RMB)"; Value = "0.000"; VariantName = "[No Variations]"
Add component (AddParameter): Name = "Published"; Value = "24-Mar-1999"; VariantName = "[No Variations]"
Add component (AddParameter): Name = "Publisher"; Value = "Altium Limited"; VariantName = "[No Variations]"
Added Component: Designator=S4(PTS810-3*4-CurvePin)
Add component (AddParameter): Name = "Price(RMB)"; Value = "0.000"; VariantName = "[No Variations]"
Add component (AddParameter): Name = "Published"; Value = "24-Mar-1999"; VariantName = "[No Variations]"
Add component (AddParameter): Name = "Publisher"; Value = "Altium Limited"; VariantName = "[No Variations]"
Added Component: Designator=S5(PTS810-3*4-CurvePin)
Add component (AddParameter): Name = "Price(RMB)"; Value = "0.000"; VariantName = "[No Variations]"
Add component (AddParameter): Name = "Published"; Value = "24-Mar-1999"; VariantName = "[No Variations]"
Add component (AddParameter): Name = "Publisher"; Value = "Altium Limited"; VariantName = "[No Variations]"
Added Component: Designator=S6(PTS810-3*4-CurvePin)
Add component (AddParameter): Name = "Price(RMB)"; Value = "0.000"; VariantName = "[No Variations]"
Add component (AddParameter): Name = "Published"; Value = "24-Mar-1999"; VariantName = "[No Variations]"
Add component (AddParameter): Name = "Publisher"; Value = "Altium Limited"; VariantName = "[No Variations]"
Added Component: Designator=S7(SS12D10)
Add component (AddParameter): Name = "Price(RMB)"; Value = "0.000"; VariantName = "[No Variations]"
Add component (AddParameter): Name = "Published"; Value = "24-Mar-1999"; VariantName = "[No Variations]"
Add component (AddParameter): Name = "Publisher"; Value = "Altium Limited"; VariantName = "[No Variations]"
Added Component: Designator=U1(MIMXRT1064xVL_CoreBoard - 3D)
Added Component: Designator=U2(SOT-23-5)
Added Component: Designator=U3(SOP-8E)
Added Component: Designator=U4(SOT-23-5)
Added Component: Designator=U5(SOP-8E)
Added Component: Designator=U6(SOT-23-5)
Add component (AddParameter): Name = "Imax"; Value = "2.1A"; VariantName = "[No Variations]"
Add component (AddParameter): Name = "Published"; Value = "2020-12-08"; VariantName = "[No Variations]"
Add component (AddParameter): Name = "Revision"; Value = "V1.0"; VariantName = "[No Variations]"
Added Pin To Net: NetName=3V3 Pin=C6-1
Added Pin To Net: NetName=3V3 Pin=C8-2
Added Pin To Net: NetName=3V3 Pin=P3-1
Added Pin To Net: NetName=3V3 Pin=P9-2
Added Pin To Net: NetName=3V3 Pin=P15-2
Added Pin To Net: NetName=3V3 Pin=P20-1
Added Pin To Net: NetName=3V3 Pin=P21-2
Added Pin To Net: NetName=3V3 Pin=P25-2
Added Pin To Net: NetName=3V3 Pin=P28-2
Added Pin To Net: NetName=3V3 Pin=R7-2
Added Pin To Net: NetName=3V3 Pin=R8-2
Added Pin To Net: NetName=3V3 Pin=R19-1
Added Pin To Net: NetName=3V3 Pin=R23-2
Added Pin To Net: NetName=3V3 Pin=R24-2
Added Pin To Net: NetName=3V3 Pin=R25-2
Added Pin To Net: NetName=3V3 Pin=R26-2
Added Pin To Net: NetName=3V3 Pin=R51-2
Added Pin To Net: NetName=3V3 Pin=S7-3
Added Pin To Net: NetName=3V3 Pin=U2-5
Added Net: Name=3V3
Added Pin To Net: NetName=B0 Pin=P9-3
Added Pin To Net: NetName=B0 Pin=U1-23
Added Net: Name=B0
Added Pin To Net: NetName=B1 Pin=P9-4
Added Pin To Net: NetName=B1 Pin=U1-24
Added Net: Name=B1
Added Pin To Net: NetName=B2 Pin=P9-5
Added Pin To Net: NetName=B2 Pin=U1-25
Added Net: Name=B2
Added Pin To Net: NetName=B3 Pin=P9-7
Added Pin To Net: NetName=B3 Pin=U1-26
Added Net: Name=B3
Added Pin To Net: NetName=B11 Pin=R20-1
Added Pin To Net: NetName=B11 Pin=R21-1
Added Pin To Net: NetName=B11 Pin=U1-47
Added Net: Name=B11
Added Pin To Net: NetName=B12 Pin=P10-4
Added Pin To Net: NetName=B12 Pin=U1-29
Added Net: Name=B12
Added Pin To Net: NetName=B13 Pin=P10-3
Added Pin To Net: NetName=B13 Pin=U1-27
Added Net: Name=B13
Added Pin To Net: NetName=B14 Pin=R28-1
Added Pin To Net: NetName=B14 Pin=U1-30
Added Net: Name=B14
Added Pin To Net: NetName=B16 Pin=R30-1
Added Pin To Net: NetName=B16 Pin=U1-32
Added Net: Name=B16
Added Pin To Net: NetName=B17 Pin=R32-1
Added Pin To Net: NetName=B17 Pin=U1-31
Added Net: Name=B17
Added Pin To Net: NetName=B18 Pin=P20-3
Added Pin To Net: NetName=B18 Pin=U1-34
Added Net: Name=B18
Added Pin To Net: NetName=B19 Pin=P20-4
Added Pin To Net: NetName=B19 Pin=U1-33
Added Net: Name=B19
Added Pin To Net: NetName=B20 Pin=P1-15
Added Pin To Net: NetName=B20 Pin=U1-36
Added Net: Name=B20
Added Pin To Net: NetName=B22 Pin=P1-5
Added Pin To Net: NetName=B22 Pin=U1-38
Added Net: Name=B22
Added Pin To Net: NetName=B24 Pin=P1-2
Added Pin To Net: NetName=B24 Pin=U1-40
Added Net: Name=B24
Added Pin To Net: NetName=B25 Pin=P1-4
Added Pin To Net: NetName=B25 Pin=U1-39
Added Net: Name=B25
Added Pin To Net: NetName=B26 Pin=P1-6
Added Pin To Net: NetName=B26 Pin=U1-42
Added Net: Name=B26
Added Pin To Net: NetName=B27 Pin=P1-8
Added Pin To Net: NetName=B27 Pin=U1-41
Added Net: Name=B27
Added Pin To Net: NetName=B28 Pin=P1-10
Added Pin To Net: NetName=B28 Pin=U1-46
Added Net: Name=B28
Added Pin To Net: NetName=B29 Pin=P1-12
Added Pin To Net: NetName=B29 Pin=U1-45
Added Net: Name=B29
Added Pin To Net: NetName=B30 Pin=P1-14
Added Pin To Net: NetName=B30 Pin=U1-43
Added Net: Name=B30
Added Pin To Net: NetName=B31 Pin=P1-16
Added Pin To Net: NetName=B31 Pin=U1-44
Added Net: Name=B31
Added Pin To Net: NetName=C0 Pin=P28-3
Added Pin To Net: NetName=C0 Pin=U1-82
Added Net: Name=C0
Added Pin To Net: NetName=C1 Pin=P28-4
Added Pin To Net: NetName=C1 Pin=U1-79
Added Net: Name=C1
Added Pin To Net: NetName=C2 Pin=P25-3
Added Pin To Net: NetName=C2 Pin=U1-80
Added Net: Name=C2
Added Pin To Net: NetName=C3 Pin=P21-3
Added Pin To Net: NetName=C3 Pin=U1-77
Added Net: Name=C3
Added Pin To Net: NetName=C4 Pin=P21-4
Added Pin To Net: NetName=C4 Pin=U1-78
Added Net: Name=C4
Added Pin To Net: NetName=C5 Pin=P15-3
Added Pin To Net: NetName=C5 Pin=U1-75
Added Net: Name=C5
Added Pin To Net: NetName=C6 Pin=R18-2
Added Pin To Net: NetName=C6 Pin=U1-76
Added Net: Name=C6
Added Pin To Net: NetName=C9 Pin=R2-2
Added Pin To Net: NetName=C9 Pin=U1-71
Added Net: Name=C9
Added Pin To Net: NetName=C10 Pin=R6-2
Added Pin To Net: NetName=C10 Pin=U1-72
Added Net: Name=C10
Added Pin To Net: NetName=C12 Pin=R26-1
Added Pin To Net: NetName=C12 Pin=R34-1
Added Pin To Net: NetName=C12 Pin=U1-70
Added Net: Name=C12
Added Pin To Net: NetName=C13 Pin=R24-1
Added Pin To Net: NetName=C13 Pin=R31-1
Added Pin To Net: NetName=C13 Pin=U1-67
Added Net: Name=C13
Added Pin To Net: NetName=C14 Pin=R25-1
Added Pin To Net: NetName=C14 Pin=R33-1
Added Pin To Net: NetName=C14 Pin=U1-68
Added Net: Name=C14
Added Pin To Net: NetName=C15 Pin=R23-1
Added Pin To Net: NetName=C15 Pin=R29-1
Added Pin To Net: NetName=C15 Pin=U1-65
Added Net: Name=C15
Added Pin To Net: NetName=C16 Pin=P4-4
Added Pin To Net: NetName=C16 Pin=U1-66
Added Net: Name=C16
Added Pin To Net: NetName=C17 Pin=P4-3
Added Pin To Net: NetName=C17 Pin=U1-63
Added Net: Name=C17
Added Pin To Net: NetName=C18 Pin=P9-8
Added Pin To Net: NetName=C18 Pin=U1-64
Added Net: Name=C18
Added Pin To Net: NetName=C19 Pin=P9-6
Added Pin To Net: NetName=C19 Pin=U1-61
Added Net: Name=C19
Added Pin To Net: NetName=C20 Pin=P3-6
Added Pin To Net: NetName=C20 Pin=U1-62
Added Net: Name=C20
Added Pin To Net: NetName=C21 Pin=P3-5
Added Pin To Net: NetName=C21 Pin=U1-59
Added Net: Name=C21
Added Pin To Net: NetName=C22 Pin=P3-4
Added Pin To Net: NetName=C22 Pin=U1-60
Added Net: Name=C22
Added Pin To Net: NetName=C23 Pin=P3-3
Added Pin To Net: NetName=C23 Pin=U1-57
Added Net: Name=C23
Added Pin To Net: NetName=C24 Pin=P25-4
Added Pin To Net: NetName=C24 Pin=U1-58
Added Net: Name=C24
Added Pin To Net: NetName=C25 Pin=P15-4
Added Pin To Net: NetName=C25 Pin=U1-55
Added Net: Name=C25
Added Pin To Net: NetName=C26 Pin=R27-1
Added Pin To Net: NetName=C26 Pin=U1-56
Added Net: Name=C26
Added Pin To Net: NetName=C27 Pin=R22-1
Added Pin To Net: NetName=C27 Pin=U1-53
Added Net: Name=C27
Added Pin To Net: NetName=C28 Pin=P1-9
Added Pin To Net: NetName=C28 Pin=U1-54
Added Net: Name=C28
Added Pin To Net: NetName=C29 Pin=P1-11
Added Pin To Net: NetName=C29 Pin=U1-51
Added Net: Name=C29
Added Pin To Net: NetName=C30 Pin=R11-2
Added Pin To Net: NetName=C30 Pin=U1-52
Added Net: Name=C30
Added Pin To Net: NetName=C31 Pin=R15-2
Added Pin To Net: NetName=C31 Pin=U1-50
Added Net: Name=C31
Added Pin To Net: NetName=CR Pin=U1-9
Added Pin To Net: NetName=CR Pin=U2-3
Added Pin To Net: NetName=CR Pin=U4-3
Added Pin To Net: NetName=CR Pin=U6-4
Added Net: Name=CR
Added Pin To Net: NetName=CSI_3V3 Pin=C13-1
Added Pin To Net: NetName=CSI_3V3 Pin=C15-2
Added Pin To Net: NetName=CSI_3V3 Pin=P1-1
Added Pin To Net: NetName=CSI_3V3 Pin=R52-2
Added Pin To Net: NetName=CSI_3V3 Pin=U4-5
Added Net: Name=CSI_3V3
Added Pin To Net: NetName=CTRL Pin=P5-3
Added Pin To Net: NetName=CTRL Pin=P12-3
Added Pin To Net: NetName=CTRL Pin=P18-3
Added Pin To Net: NetName=CTRL Pin=P22-3
Added Pin To Net: NetName=CTRL Pin=S7-2
Added Net: Name=CTRL
Added Pin To Net: NetName=D0 Pin=R9-1
Added Pin To Net: NetName=D0 Pin=U1-14
Added Net: Name=D0
Added Pin To Net: NetName=D1 Pin=R10-1
Added Pin To Net: NetName=D1 Pin=U1-13
Added Net: Name=D1
Added Pin To Net: NetName=D2 Pin=R3-1
Added Pin To Net: NetName=D2 Pin=U1-12
Added Net: Name=D2
Added Pin To Net: NetName=D3 Pin=R4-1
Added Pin To Net: NetName=D3 Pin=U1-11
Added Net: Name=D3
Added Pin To Net: NetName=D4 Pin=P11-2
Added Pin To Net: NetName=D4 Pin=U1-10
Added Net: Name=D4
Added Pin To Net: NetName=D12 Pin=R16-2
Added Pin To Net: NetName=D12 Pin=U1-15
Added Net: Name=D12
Added Pin To Net: NetName=D13 Pin=R14-2
Added Pin To Net: NetName=D13 Pin=U1-16
Added Net: Name=D13
Added Pin To Net: NetName=D14 Pin=R13-1
Added Pin To Net: NetName=D14 Pin=U1-17
Added Net: Name=D14
Added Pin To Net: NetName=D15 Pin=R12-1
Added Pin To Net: NetName=D15 Pin=U1-18
Added Net: Name=D15
Added Pin To Net: NetName=D16 Pin=P11-1
Added Pin To Net: NetName=D16 Pin=R7-1
Added Pin To Net: NetName=D16 Pin=U1-19
Added Net: Name=D16
Added Pin To Net: NetName=D17 Pin=P11-3
Added Pin To Net: NetName=D17 Pin=U1-20
Added Net: Name=D17
Added Pin To Net: NetName=D26 Pin=P11-4
Added Pin To Net: NetName=D26 Pin=U1-84
Added Net: Name=D26
Added Pin To Net: NetName=D27 Pin=P11-8
Added Pin To Net: NetName=D27 Pin=R8-1
Added Pin To Net: NetName=D27 Pin=U1-81
Added Net: Name=D27
Added Pin To Net: NetName=GND Pin=C1-2
Added Pin To Net: NetName=GND Pin=C2-1
Added Pin To Net: NetName=GND Pin=C6-2
Added Pin To Net: NetName=GND Pin=C7-1
Added Pin To Net: NetName=GND Pin=C8-1
Added Pin To Net: NetName=GND Pin=C13-2
Added Pin To Net: NetName=GND Pin=C14-1
Added Pin To Net: NetName=GND Pin=C15-1
Added Pin To Net: NetName=GND Pin=C17-2
Added Pin To Net: NetName=GND Pin=C18-1
Added Pin To Net: NetName=GND Pin=C22-1
Added Pin To Net: NetName=GND Pin=LED2-C
Added Pin To Net: NetName=GND Pin=LED3-C
Added Pin To Net: NetName=GND Pin=LED4-C
Added Pin To Net: NetName=GND Pin=LED5-C
Added Pin To Net: NetName=GND Pin=P1-3
Added Pin To Net: NetName=GND Pin=P1-13
Added Pin To Net: NetName=GND Pin=P3-2
Added Pin To Net: NetName=GND Pin=P4-2
Added Pin To Net: NetName=GND Pin=P9-1
Added Pin To Net: NetName=GND Pin=P10-2
Added Pin To Net: NetName=GND Pin=P11-5
Added Pin To Net: NetName=GND Pin=P11-6
Added Pin To Net: NetName=GND Pin=P15-1
Added Pin To Net: NetName=GND Pin=P20-2
Added Pin To Net: NetName=GND Pin=P21-1
Added Pin To Net: NetName=GND Pin=P25-1
Added Pin To Net: NetName=GND Pin=P28-1
Added Pin To Net: NetName=GND Pin=R5-2
Added Pin To Net: NetName=GND Pin=R43-1
Added Pin To Net: NetName=GND Pin=R44-1
Added Pin To Net: NetName=GND Pin=R45-1
Added Pin To Net: NetName=GND Pin=R46-2
Added Pin To Net: NetName=GND Pin=R47-2
Added Pin To Net: NetName=GND Pin=S2-3
Added Pin To Net: NetName=GND Pin=S2-4
Added Pin To Net: NetName=GND Pin=S3-1
Added Pin To Net: NetName=GND Pin=S3-1
Added Pin To Net: NetName=GND Pin=S4-1
Added Pin To Net: NetName=GND Pin=S4-1
Added Pin To Net: NetName=GND Pin=S5-1
Added Pin To Net: NetName=GND Pin=S5-1
Added Pin To Net: NetName=GND Pin=S6-1
Added Pin To Net: NetName=GND Pin=S6-1
Added Pin To Net: NetName=GND Pin=U1-1
Added Pin To Net: NetName=GND Pin=U1-2
Added Pin To Net: NetName=GND Pin=U1-83
Added Pin To Net: NetName=GND Pin=U2-2
Added Pin To Net: NetName=GND Pin=U4-2
Added Pin To Net: NetName=GND Pin=U5-0
Added Pin To Net: NetName=GND Pin=U5-7
Added Pin To Net: NetName=GND Pin=U6-2
Added Net: Name=GND
Added Pin To Net: NetName=M1+ Pin=P6-4
Added Pin To Net: NetName=M1+ Pin=P6-5
Added Pin To Net: NetName=M1+ Pin=P6-6
Added Pin To Net: NetName=M1+ Pin=P8-2
Added Net: Name=M1+
Added Pin To Net: NetName=M1- Pin=P6-7
Added Pin To Net: NetName=M1- Pin=P6-8
Added Pin To Net: NetName=M1- Pin=P6-9
Added Pin To Net: NetName=M1- Pin=P8-1
Added Net: Name=M1-
Added Pin To Net: NetName=M2+ Pin=P13-4
Added Pin To Net: NetName=M2+ Pin=P13-5
Added Pin To Net: NetName=M2+ Pin=P13-6
Added Pin To Net: NetName=M2+ Pin=P16-2
Added Net: Name=M2+
Added Pin To Net: NetName=M2- Pin=P13-7
Added Pin To Net: NetName=M2- Pin=P13-8
Added Pin To Net: NetName=M2- Pin=P13-9
Added Pin To Net: NetName=M2- Pin=P16-1
Added Net: Name=M2-
Added Pin To Net: NetName=M3+ Pin=P23-4
Added Pin To Net: NetName=M3+ Pin=P23-5
Added Pin To Net: NetName=M3+ Pin=P23-6
Added Pin To Net: NetName=M3+ Pin=P26-2
Added Net: Name=M3+
Added Pin To Net: NetName=M3- Pin=P23-7
Added Pin To Net: NetName=M3- Pin=P23-8
Added Pin To Net: NetName=M3- Pin=P23-9
Added Pin To Net: NetName=M3- Pin=P26-1
Added Net: Name=M3-
Added Pin To Net: NetName=M4+ Pin=P14-4
Added Pin To Net: NetName=M4+ Pin=P14-5
Added Pin To Net: NetName=M4+ Pin=P14-6
Added Pin To Net: NetName=M4+ Pin=P19-2
Added Net: Name=M4+
Added Pin To Net: NetName=M4- Pin=P14-7
Added Pin To Net: NetName=M4- Pin=P14-8
Added Pin To Net: NetName=M4- Pin=P14-9
Added Pin To Net: NetName=M4- Pin=P19-1
Added Net: Name=M4-
Added Pin To Net: NetName=NetB1_1 Pin=B1-1
Added Pin To Net: NetName=NetB1_1 Pin=R19-2
Added Net: Name=NetB1_1
Added Pin To Net: NetName=NetB1_2 Pin=B1-2
Added Pin To Net: NetName=NetB1_2 Pin=Q2-3
Added Net: Name=NetB1_2
Added Pin To Net: NetName=NetC3_1 Pin=C3-1
Added Pin To Net: NetName=NetC3_1 Pin=U3-1
Added Net: Name=NetC3_1
Added Pin To Net: NetName=NetC3_2 Pin=C3-2
Added Pin To Net: NetName=NetC3_2 Pin=L1-1
Added Pin To Net: NetName=NetC3_2 Pin=U3-8
Added Net: Name=NetC3_2
Added Pin To Net: NetName=NetC12_2 Pin=C12-2
Added Pin To Net: NetName=NetC12_2 Pin=R36-1
Added Net: Name=NetC12_2
Added Pin To Net: NetName=NetC16_1 Pin=C16-1
Added Pin To Net: NetName=NetC16_1 Pin=U5-1
Added Net: Name=NetC16_1
Added Pin To Net: NetName=NetC16_2 Pin=C16-2
Added Pin To Net: NetName=NetC16_2 Pin=L2-1
Added Pin To Net: NetName=NetC16_2 Pin=U5-8
Added Net: Name=NetC16_2
Added Pin To Net: NetName=NetC19_1 Pin=C19-1
Added Pin To Net: NetName=NetC19_1 Pin=C20-2
Added Pin To Net: NetName=NetC19_1 Pin=C21-2
Added Pin To Net: NetName=NetC19_1 Pin=D2-K
Added Pin To Net: NetName=NetC19_1 Pin=U5-2
Added Pin To Net: NetName=NetC19_1 Pin=U5-3
Added Net: Name=NetC19_1
Added Pin To Net: NetName=NetC22_2 Pin=C22-2
Added Pin To Net: NetName=NetC22_2 Pin=R41-1
Added Net: Name=NetC22_2
Added Pin To Net: NetName=NetD1_A Pin=D1-A
Added Pin To Net: NetName=NetD1_A Pin=R17-2
Added Pin To Net: NetName=NetD1_A Pin=S1-1
Added Net: Name=NetD1_A
Added Pin To Net: NetName=NetD1_K Pin=D1-K
Added Pin To Net: NetName=NetD1_K Pin=DCIN1-1
Added Pin To Net: NetName=NetD1_K Pin=Q1-3
Added Pin To Net: NetName=NetD1_K Pin=S1-3
Added Net: Name=NetD1_K
Added Pin To Net: NetName=NetLED1_A Pin=LED1-A
Added Pin To Net: NetName=NetLED1_A Pin=R48-1
Added Net: Name=NetLED1_A
Added Pin To Net: NetName=NetLED2_A Pin=LED2-A
Added Pin To Net: NetName=NetLED2_A Pin=R49-1
Added Net: Name=NetLED2_A
Added Pin To Net: NetName=NetLED3_A Pin=LED3-A
Added Pin To Net: NetName=NetLED3_A Pin=R50-1
Added Net: Name=NetLED3_A
Added Pin To Net: NetName=NetLED4_A Pin=LED4-A
Added Pin To Net: NetName=NetLED4_A Pin=R51-1
Added Net: Name=NetLED4_A
Added Pin To Net: NetName=NetLED5_A Pin=LED5-A
Added Pin To Net: NetName=NetLED5_A Pin=R52-1
Added Net: Name=NetLED5_A
Added Pin To Net: NetName=NetP1_7 Pin=P1-7
Added Pin To Net: NetName=NetP1_7 Pin=R5-1
Added Net: Name=NetP1_7
Added Pin To Net: NetName=NetP2_1 Pin=P2-1
Added Pin To Net: NetName=NetP2_1 Pin=R2-1
Added Net: Name=NetP2_1
Added Pin To Net: NetName=NetP5_1 Pin=P5-1
Added Pin To Net: NetName=NetP5_1 Pin=R3-2
Added Net: Name=NetP5_1
Added Pin To Net: NetName=NetP5_2 Pin=P5-2
Added Pin To Net: NetName=NetP5_2 Pin=R4-2
Added Net: Name=NetP5_2
Added Pin To Net: NetName=NetP7_1 Pin=P7-1
Added Pin To Net: NetName=NetP7_1 Pin=R6-1
Added Net: Name=NetP7_1
Added Pin To Net: NetName=NetP12_1 Pin=P12-1
Added Pin To Net: NetName=NetP12_1 Pin=R9-2
Added Net: Name=NetP12_1
Added Pin To Net: NetName=NetP12_2 Pin=P12-2
Added Pin To Net: NetName=NetP12_2 Pin=R10-2
Added Net: Name=NetP12_2
Added Pin To Net: NetName=NetP17_1 Pin=P17-1
Added Pin To Net: NetName=NetP17_1 Pin=R11-1
Added Net: Name=NetP17_1
Added Pin To Net: NetName=NetP18_1 Pin=P18-1
Added Pin To Net: NetName=NetP18_1 Pin=R14-1
Added Net: Name=NetP18_1
Added Pin To Net: NetName=NetP18_2 Pin=P18-2
Added Pin To Net: NetName=NetP18_2 Pin=R16-1
Added Net: Name=NetP18_2
Added Pin To Net: NetName=NetP22_1 Pin=P22-1
Added Pin To Net: NetName=NetP22_1 Pin=R12-2
Added Net: Name=NetP22_1
Added Pin To Net: NetName=NetP22_2 Pin=P22-2
Added Pin To Net: NetName=NetP22_2 Pin=R13-2
Added Net: Name=NetP22_2
Added Pin To Net: NetName=NetP24_1 Pin=P24-1
Added Pin To Net: NetName=NetP24_1 Pin=R15-1
Added Net: Name=NetP24_1
Added Pin To Net: NetName=NetP27_1 Pin=P27-1
Added Pin To Net: NetName=NetP27_1 Pin=R18-1
Added Net: Name=NetP27_1
Added Pin To Net: NetName=NetP29_1 Pin=P29-1
Added Pin To Net: NetName=NetP29_1 Pin=R28-2
Added Net: Name=NetP29_1
Added Pin To Net: NetName=NetP29_2 Pin=P29-2
Added Pin To Net: NetName=NetP29_2 Pin=R30-2
Added Net: Name=NetP29_2
Added Pin To Net: NetName=NetP29_3 Pin=P29-3
Added Pin To Net: NetName=NetP29_3 Pin=R32-2
Added Net: Name=NetP29_3
Added Pin To Net: NetName=NetQ1_2 Pin=Q1-2
Added Pin To Net: NetName=NetQ1_2 Pin=S1-2
Added Net: Name=NetQ1_2
Added Pin To Net: NetName=NetQ2_1 Pin=Q2-1
Added Pin To Net: NetName=NetQ2_1 Pin=R20-2
Added Net: Name=NetQ2_1
Added Pin To Net: NetName=NetQ2_2 Pin=Q2-2
Added Pin To Net: NetName=NetQ2_2 Pin=R21-2
Added Net: Name=NetQ2_2
Added Pin To Net: NetName=NetR22_2 Pin=R22-2
Added Pin To Net: NetName=NetR22_2 Pin=S2-1
Added Net: Name=NetR22_2
Added Pin To Net: NetName=NetR27_2 Pin=R27-2
Added Pin To Net: NetName=NetR27_2 Pin=S2-2
Added Net: Name=NetR27_2
Added Pin To Net: NetName=NetR29_2 Pin=R29-2
Added Pin To Net: NetName=NetR29_2 Pin=S3-2
Added Pin To Net: NetName=NetR29_2 Pin=S3-2
Added Net: Name=NetR29_2
Added Pin To Net: NetName=NetR31_2 Pin=R31-2
Added Pin To Net: NetName=NetR31_2 Pin=S4-2
Added Pin To Net: NetName=NetR31_2 Pin=S4-2
Added Net: Name=NetR31_2
Added Pin To Net: NetName=NetR33_2 Pin=R33-2
Added Pin To Net: NetName=NetR33_2 Pin=S5-2
Added Pin To Net: NetName=NetR33_2 Pin=S5-2
Added Net: Name=NetR33_2
Added Pin To Net: NetName=NetR34_2 Pin=R34-2
Added Pin To Net: NetName=NetR34_2 Pin=S6-2
Added Pin To Net: NetName=NetR34_2 Pin=S6-2
Added Net: Name=NetR34_2
Added Pin To Net: NetName=NetR35_1 Pin=R35-1
Added Pin To Net: NetName=NetR35_1 Pin=R37-1
Added Pin To Net: NetName=NetR35_1 Pin=R37-ADJ
Added Net: Name=NetR35_1
Added Pin To Net: NetName=NetR36_2 Pin=R36-2
Added Pin To Net: NetName=NetR36_2 Pin=U3-6
Added Net: Name=NetR36_2
Added Pin To Net: NetName=NetR37_2 Pin=R37-2
Added Pin To Net: NetName=NetR37_2 Pin=R39-2
Added Pin To Net: NetName=NetR37_2 Pin=U3-5
Added Net: Name=NetR37_2
Added Pin To Net: NetName=NetR38_2 Pin=R38-2
Added Pin To Net: NetName=NetR38_2 Pin=U3-4
Added Net: Name=NetR38_2
Added Pin To Net: NetName=NetR40_1 Pin=R40-1
Added Pin To Net: NetName=NetR40_1 Pin=R42-2
Added Net: Name=NetR40_1
Added Pin To Net: NetName=NetR41_2 Pin=R41-2
Added Pin To Net: NetName=NetR41_2 Pin=U5-6
Added Net: Name=NetR41_2
Added Pin To Net: NetName=NetR42_1 Pin=R42-1
Added Pin To Net: NetName=NetR42_1 Pin=R45-2
Added Pin To Net: NetName=NetR42_1 Pin=U5-5
Added Net: Name=NetR42_1
Added Pin To Net: NetName=NetR43_2 Pin=R43-2
Added Pin To Net: NetName=NetR43_2 Pin=U5-4
Added Net: Name=NetR43_2
Added Pin To Net: NetName=NetR44_2 Pin=R44-2
Added Pin To Net: NetName=NetR44_2 Pin=U6-3
Added Net: Name=NetR44_2
Added Pin To Net: NetName=PGND Pin=C4-2
Added Pin To Net: NetName=PGND Pin=C5-1
Added Pin To Net: NetName=PGND Pin=C9-2
Added Pin To Net: NetName=PGND Pin=C10-1
Added Pin To Net: NetName=PGND Pin=C11-1
Added Pin To Net: NetName=PGND Pin=C12-1
Added Pin To Net: NetName=PGND Pin=C19-2
Added Pin To Net: NetName=PGND Pin=C20-1
Added Pin To Net: NetName=PGND Pin=C21-1
Added Pin To Net: NetName=PGND Pin=DCIN1-2
Added Pin To Net: NetName=PGND Pin=LED1-C
Added Pin To Net: NetName=PGND Pin=P2-3
Added Pin To Net: NetName=PGND Pin=P5-10
Added Pin To Net: NetName=PGND Pin=P5-11
Added Pin To Net: NetName=PGND Pin=P5-12
Added Pin To Net: NetName=PGND Pin=P6-1
Added Pin To Net: NetName=PGND Pin=P6-2
Added Pin To Net: NetName=PGND Pin=P6-3
Added Pin To Net: NetName=PGND Pin=P6-10
Added Pin To Net: NetName=PGND Pin=P6-11
Added Pin To Net: NetName=PGND Pin=P6-12
Added Pin To Net: NetName=PGND Pin=P7-3
Added Pin To Net: NetName=PGND Pin=P12-10
Added Pin To Net: NetName=PGND Pin=P12-11
Added Pin To Net: NetName=PGND Pin=P12-12
Added Pin To Net: NetName=PGND Pin=P13-1
Added Pin To Net: NetName=PGND Pin=P13-2
Added Pin To Net: NetName=PGND Pin=P13-3
Added Pin To Net: NetName=PGND Pin=P13-10
Added Pin To Net: NetName=PGND Pin=P13-11
Added Pin To Net: NetName=PGND Pin=P13-12
Added Pin To Net: NetName=PGND Pin=P14-1
Added Pin To Net: NetName=PGND Pin=P14-2
Added Pin To Net: NetName=PGND Pin=P14-3
Added Pin To Net: NetName=PGND Pin=P14-10
Added Pin To Net: NetName=PGND Pin=P14-11
Added Pin To Net: NetName=PGND Pin=P14-12
Added Pin To Net: NetName=PGND Pin=P17-3
Added Pin To Net: NetName=PGND Pin=P18-10
Added Pin To Net: NetName=PGND Pin=P18-11
Added Pin To Net: NetName=PGND Pin=P18-12
Added Pin To Net: NetName=PGND Pin=P22-10
Added Pin To Net: NetName=PGND Pin=P22-11
Added Pin To Net: NetName=PGND Pin=P22-12
Added Pin To Net: NetName=PGND Pin=P23-1
Added Pin To Net: NetName=PGND Pin=P23-2
Added Pin To Net: NetName=PGND Pin=P23-3
Added Pin To Net: NetName=PGND Pin=P23-10
Added Pin To Net: NetName=PGND Pin=P23-11
Added Pin To Net: NetName=PGND Pin=P23-12
Added Pin To Net: NetName=PGND Pin=P24-3
Added Pin To Net: NetName=PGND Pin=P27-3
Added Pin To Net: NetName=PGND Pin=P29-5
Added Pin To Net: NetName=PGND Pin=R17-1
Added Pin To Net: NetName=PGND Pin=R38-1
Added Pin To Net: NetName=PGND Pin=R39-1
Added Pin To Net: NetName=PGND Pin=R46-1
Added Pin To Net: NetName=PGND Pin=R47-1
Added Pin To Net: NetName=PGND Pin=U3-0
Added Pin To Net: NetName=PGND Pin=U3-7
Added Net: Name=PGND
Added Pin To Net: NetName=VCC_5V_EXT Pin=P4-1
Added Pin To Net: NetName=VCC_5V_EXT Pin=P10-1
Added Pin To Net: NetName=VCC_5V_EXT Pin=P11-7
Added Pin To Net: NetName=VCC_5V_EXT Pin=R49-2
Added Pin To Net: NetName=VCC_5V_EXT Pin=U6-1
Added Net: Name=VCC_5V_EXT
Added Pin To Net: NetName=VCC_5V Pin=C1-1
Added Pin To Net: NetName=VCC_5V Pin=C2-2
Added Pin To Net: NetName=VCC_5V Pin=C7-2
Added Pin To Net: NetName=VCC_5V Pin=C14-2
Added Pin To Net: NetName=VCC_5V Pin=C17-1
Added Pin To Net: NetName=VCC_5V Pin=C18-2
Added Pin To Net: NetName=VCC_5V Pin=L2-2
Added Pin To Net: NetName=VCC_5V Pin=R40-2
Added Pin To Net: NetName=VCC_5V Pin=R50-2
Added Pin To Net: NetName=VCC_5V Pin=U1-5
Added Pin To Net: NetName=VCC_5V Pin=U1-6
Added Pin To Net: NetName=VCC_5V Pin=U2-1
Added Pin To Net: NetName=VCC_5V Pin=U4-1
Added Pin To Net: NetName=VCC_5V Pin=U6-5
Added Net: Name=VCC_5V
Added Pin To Net: NetName=VCC_Servo Pin=C4-1
Added Pin To Net: NetName=VCC_Servo Pin=C5-2
Added Pin To Net: NetName=VCC_Servo Pin=L1-2
Added Pin To Net: NetName=VCC_Servo Pin=P17-2
Added Pin To Net: NetName=VCC_Servo Pin=P24-2
Added Pin To Net: NetName=VCC_Servo Pin=P27-2
Added Pin To Net: NetName=VCC_Servo Pin=R35-2
Added Pin To Net: NetName=VCC_Servo Pin=R48-2
Added Net: Name=VCC_Servo
Added Pin To Net: NetName=VCCBAT Pin=C9-1
Added Pin To Net: NetName=VCCBAT Pin=C10-2
Added Pin To Net: NetName=VCCBAT Pin=C11-2
Added Pin To Net: NetName=VCCBAT Pin=D2-A
Added Pin To Net: NetName=VCCBAT Pin=P2-2
Added Pin To Net: NetName=VCCBAT Pin=P5-4
Added Pin To Net: NetName=VCCBAT Pin=P5-5
Added Pin To Net: NetName=VCCBAT Pin=P5-6
Added Pin To Net: NetName=VCCBAT Pin=P5-7
Added Pin To Net: NetName=VCCBAT Pin=P5-8
Added Pin To Net: NetName=VCCBAT Pin=P5-9
Added Pin To Net: NetName=VCCBAT Pin=P7-2
Added Pin To Net: NetName=VCCBAT Pin=P12-4
Added Pin To Net: NetName=VCCBAT Pin=P12-5
Added Pin To Net: NetName=VCCBAT Pin=P12-6
Added Pin To Net: NetName=VCCBAT Pin=P12-7
Added Pin To Net: NetName=VCCBAT Pin=P12-8
Added Pin To Net: NetName=VCCBAT Pin=P12-9
Added Pin To Net: NetName=VCCBAT Pin=P18-4
Added Pin To Net: NetName=VCCBAT Pin=P18-5
Added Pin To Net: NetName=VCCBAT Pin=P18-6
Added Pin To Net: NetName=VCCBAT Pin=P18-7
Added Pin To Net: NetName=VCCBAT Pin=P18-8
Added Pin To Net: NetName=VCCBAT Pin=P18-9
Added Pin To Net: NetName=VCCBAT Pin=P22-4
Added Pin To Net: NetName=VCCBAT Pin=P22-5
Added Pin To Net: NetName=VCCBAT Pin=P22-6
Added Pin To Net: NetName=VCCBAT Pin=P22-7
Added Pin To Net: NetName=VCCBAT Pin=P22-8
Added Pin To Net: NetName=VCCBAT Pin=P22-9
Added Pin To Net: NetName=VCCBAT Pin=P29-4
Added Pin To Net: NetName=VCCBAT Pin=Q1-1
Added Pin To Net: NetName=VCCBAT Pin=U3-2
Added Pin To Net: NetName=VCCBAT Pin=U3-3
Added Net: Name=VCCBAT
Added Class: Name=RT1064_CoreBoard
Added Class: Name=RT1064_Device
Added Class: Name=RT1064_Interaction
Added Class: Name=RT1064_Power
