Added Component: Designator=B1(BEEP 9x5.5mm)
Added Component: Designator=C?(CAPC1608[0603]S-L)
Add component (AddParameter): Name = "Revision"; Value = "V1.0"; VariantName = "[No Variations]"
Add component (AddParameter): Name = "Type"; Value = "X7R"; VariantName = "[No Variations]"
Add component (AddParameter): Name = "Value"; Value = "100nF"; VariantName = "[No Variations]"
Add component (AddParameter): Name = "Voltage"; Value = "50V"; VariantName = "[No Variations]"
Added Component: Designator=C?(CAPC1608[0603]S-L)
Add component (AddParameter): Name = "Revision"; Value = "V1.0"; VariantName = "[No Variations]"
Add component (AddParameter): Name = "Type"; Value = "X7R"; VariantName = "[No Variations]"
Add component (AddParameter): Name = "Value"; Value = "100nF"; VariantName = "[No Variations]"
Add component (AddParameter): Name = "Voltage"; Value = "50V"; VariantName = "[No Variations]"
Added Component: Designator=C?(CAPC1608[0603]S-L)
Add component (AddParameter): Name = "Revision"; Value = "V1.0"; VariantName = "[No Variations]"
Add component (AddParameter): Name = "Type"; Value = "X7R"; VariantName = "[No Variations]"
Add component (AddParameter): Name = "Value"; Value = "4.7nF"; VariantName = "[No Variations]"
Add component (AddParameter): Name = "Voltage"; Value = "50V"; VariantName = "[No Variations]"
Added Component: Designator=C?(CAPC3216[1206]S)
Add component (AddParameter): Name = "Revision"; Value = "V1.0"; VariantName = "[No Variations]"
Add component (AddParameter): Name = "Type"; Value = "X5R"; VariantName = "[No Variations]"
Add component (AddParameter): Name = "Value"; Value = "4.7uF"; VariantName = "[No Variations]"
Add component (AddParameter): Name = "Voltage"; Value = "25V"; VariantName = "[No Variations]"
Added Component: Designator=C?(CAPC1608[0603]S-L)
Add component (AddParameter): Name = "Revision"; Value = "V1.0"; VariantName = "[No Variations]"
Add component (AddParameter): Name = "Type"; Value = "X7R"; VariantName = "[No Variations]"
Add component (AddParameter): Name = "Value"; Value = "100nF"; VariantName = "[No Variations]"
Add component (AddParameter): Name = "Voltage"; Value = "50V"; VariantName = "[No Variations]"
Added Component: Designator=C?(CAPC3216[1206]S)
Add component (AddParameter): Name = "Revision"; Value = "V1.0"; VariantName = "[No Variations]"
Add component (AddParameter): Name = "Type"; Value = "X5R"; VariantName = "[No Variations]"
Add component (AddParameter): Name = "Value"; Value = "4.7uF"; VariantName = "[No Variations]"
Add component (AddParameter): Name = "Voltage"; Value = "25V"; VariantName = "[No Variations]"
Added Component: Designator=C?(CAP-T-S 3216)
Add component (AddParameter): Name = "Revision"; Value = "July-2002: Re-released for DXP Platform."; VariantName = "[No Variations]"
Add component (AddParameter): Name = "Type"; Value = "TanCap"; VariantName = "[No Variations]"
Add component (AddParameter): Name = "Value"; Value = "10uF"; VariantName = "[No Variations]"
Add component (AddParameter): Name = "Voltage"; Value = "16V"; VariantName = "[No Variations]"
Added Component: Designator=C?(CAPC1608[0603]S-L)
Add component (AddParameter): Name = "Revision"; Value = "V1.0"; VariantName = "[No Variations]"
Add component (AddParameter): Name = "Type"; Value = "X7R"; VariantName = "[No Variations]"
Add component (AddParameter): Name = "Value"; Value = "4.7nF"; VariantName = "[No Variations]"
Add component (AddParameter): Name = "Voltage"; Value = "50V"; VariantName = "[No Variations]"
Added Component: Designator=C?(CAP-T-S 3216)
Add component (AddParameter): Name = "Revision"; Value = "July-2002: Re-released for DXP Platform."; VariantName = "[No Variations]"
Add component (AddParameter): Name = "Type"; Value = "TanCap"; VariantName = "[No Variations]"
Add component (AddParameter): Name = "Value"; Value = "10uF"; VariantName = "[No Variations]"
Add component (AddParameter): Name = "Voltage"; Value = "16V"; VariantName = "[No Variations]"
Added Component: Designator=C?(CAPC1608[0603]S-L)
Add component (AddParameter): Name = "Revision"; Value = "V1.0"; VariantName = "[No Variations]"
Add component (AddParameter): Name = "Type"; Value = "X7R"; VariantName = "[No Variations]"
Add component (AddParameter): Name = "Value"; Value = "100nF"; VariantName = "[No Variations]"
Add component (AddParameter): Name = "Voltage"; Value = "50V"; VariantName = "[No Variations]"
Added Component: Designator=C?(CAPC1608[0603]S-L)
Add component (AddParameter): Name = "Revision"; Value = "V1.0"; VariantName = "[No Variations]"
Add component (AddParameter): Name = "Type"; Value = "X7R"; VariantName = "[No Variations]"
Add component (AddParameter): Name = "Value"; Value = "100nF"; VariantName = "[No Variations]"
Add component (AddParameter): Name = "Voltage"; Value = "50V"; VariantName = "[No Variations]"
Added Component: Designator=C?(CAPC1608[0603]S-L)
Add component (AddParameter): Name = "Revision"; Value = "V1.0"; VariantName = "[No Variations]"
Add component (AddParameter): Name = "Type"; Value = "X7R"; VariantName = "[No Variations]"
Add component (AddParameter): Name = "Value"; Value = "100nF"; VariantName = "[No Variations]"
Add component (AddParameter): Name = "Voltage"; Value = "50V"; VariantName = "[No Variations]"
Added Component: Designator=C?(CAP-E-S 6.3)
Add component (AddParameter): Name = "Revision"; Value = "V1.0"; VariantName = "[No Variations]"
Add component (AddParameter): Name = "Type"; Value = "铝电解"; VariantName = "[No Variations]"
Add component (AddParameter): Name = "Value"; Value = "220uF"; VariantName = "[No Variations]"
Add component (AddParameter): Name = "Voltage"; Value = "25V"; VariantName = "[No Variations]"
Added Component: Designator=C?(CAPC1608[0603]S-L)
Add component (AddParameter): Name = "Revision"; Value = "V1.0"; VariantName = "[No Variations]"
Add component (AddParameter): Name = "Type"; Value = "X7R"; VariantName = "[No Variations]"
Add component (AddParameter): Name = "Value"; Value = "100nF"; VariantName = "[No Variations]"
Add component (AddParameter): Name = "Voltage"; Value = "50V"; VariantName = "[No Variations]"
Added Component: Designator=C?(CAPC1608[0603]S-L)
Add component (AddParameter): Name = "Revision"; Value = "V1.0"; VariantName = "[No Variations]"
Add component (AddParameter): Name = "Type"; Value = "X7R"; VariantName = "[No Variations]"
Add component (AddParameter): Name = "Value"; Value = "1uF"; VariantName = "[No Variations]"
Add component (AddParameter): Name = "Voltage"; Value = "16V"; VariantName = "[No Variations]"
Added Component: Designator=C?(CAP-T-S 3216)
Add component (AddParameter): Name = "Revision"; Value = "July-2002: Re-released for DXP Platform."; VariantName = "[No Variations]"
Add component (AddParameter): Name = "Type"; Value = "TanCap"; VariantName = "[No Variations]"
Add component (AddParameter): Name = "Value"; Value = "10uF"; VariantName = "[No Variations]"
Add component (AddParameter): Name = "Voltage"; Value = "16V"; VariantName = "[No Variations]"
Added Component: Designator=C?(CAPC1608[0603]S-L)
Add component (AddParameter): Name = "Revision"; Value = "V1.0"; VariantName = "[No Variations]"
Add component (AddParameter): Name = "Type"; Value = "X7R"; VariantName = "[No Variations]"
Add component (AddParameter): Name = "Value"; Value = "100nF"; VariantName = "[No Variations]"
Add component (AddParameter): Name = "Voltage"; Value = "50V"; VariantName = "[No Variations]"
Added Component: Designator=C?(CAPC3216[1206]S)
Add component (AddParameter): Name = "Revision"; Value = "V1.0"; VariantName = "[No Variations]"
Add component (AddParameter): Name = "Type"; Value = "X5R"; VariantName = "[No Variations]"
Add component (AddParameter): Name = "Value"; Value = "47uF"; VariantName = "[No Variations]"
Add component (AddParameter): Name = "Voltage"; Value = "10V"; VariantName = "[No Variations]"
Added Component: Designator=C?(CAPC3216[1206]S)
Add component (AddParameter): Name = "Revision"; Value = "V1.0"; VariantName = "[No Variations]"
Add component (AddParameter): Name = "Type"; Value = "X5R"; VariantName = "[No Variations]"
Add component (AddParameter): Name = "Value"; Value = "47uF"; VariantName = "[No Variations]"
Add component (AddParameter): Name = "Voltage"; Value = "10V"; VariantName = "[No Variations]"
Added Component: Designator=C?(CAP-E-S 6.3)
Add component (AddParameter): Name = "Revision"; Value = "V1.0"; VariantName = "[No Variations]"
Add component (AddParameter): Name = "Type"; Value = "铝电解"; VariantName = "[No Variations]"
Add component (AddParameter): Name = "Value"; Value = "220uF"; VariantName = "[No Variations]"
Add component (AddParameter): Name = "Voltage"; Value = "25V"; VariantName = "[No Variations]"
Added Component: Designator=C?(CAP-E-S 6.3)
Add component (AddParameter): Name = "Revision"; Value = "V1.0"; VariantName = "[No Variations]"
Add component (AddParameter): Name = "Type"; Value = "铝电解"; VariantName = "[No Variations]"
Add component (AddParameter): Name = "Value"; Value = "220uF"; VariantName = "[No Variations]"
Add component (AddParameter): Name = "Voltage"; Value = "25V"; VariantName = "[No Variations]"
Added Component: Designator=C?(CAP-E-S 6.3)
Add component (AddParameter): Name = "Revision"; Value = "V1.0"; VariantName = "[No Variations]"
Add component (AddParameter): Name = "Type"; Value = "铝电解"; VariantName = "[No Variations]"
Add component (AddParameter): Name = "Value"; Value = "220uF"; VariantName = "[No Variations]"
Add component (AddParameter): Name = "Voltage"; Value = "25V"; VariantName = "[No Variations]"
Added Component: Designator=D?(SMA-L[DO-214AC])
Add component (AddParameter): Name = "Revision"; Value = "V1.0"; VariantName = "[No Variations]"
Add component (AddParameter): Name = "Value"; Value = "SS54"; VariantName = "[No Variations]"
Added Component: Designator=D?(SOD-123-L)
Add component (AddParameter): Name = "Price(RMB)"; Value = "0.000"; VariantName = "[No Variations]"
Add component (AddParameter): Name = "Published"; Value = "8-Jun-2000"; VariantName = "[No Variations]"
Add component (AddParameter): Name = "Publisher"; Value = "Altium Limited"; VariantName = "[No Variations]"
Add component (AddParameter): Name = "Revision"; Value = "July-2002: Re-released for DXP Platform."; VariantName = "[No Variations]"
Added Component: Designator=DCIN1(PCBComponent_1)
Added Component: Designator=J1(Fe-HDR1X12/2.54-S)
Added Component: Designator=J2(Fe-HDR1X12/2.54-S)
Added Component: Designator=J3(Fe-HDR1X12/2.54-S)
Added Component: Designator=J4(Fe-HDR1X12/2.54-S)
Added Component: Designator=J5(Fe-HDR1X12/2.54-S)
Added Component: Designator=J6(Fe-HDR1X12/2.54-S)
Added Component: Designator=J7(Fe-HDR1X12/2.54-S)
Added Component: Designator=J8(Fe-HDR1X12/2.54-S)
Added Component: Designator=L?(0630 TPC 7*7*3)
Add component (AddParameter): Name = "DCR"; Value = ".5m"; VariantName = "[No Variations]"
Add component (AddParameter): Name = "Imax"; Value = "5A"; VariantName = "[No Variations]"
Add component (AddParameter): Name = "Price(RMB)"; Value = "0.000"; VariantName = "[No Variations]"
Add component (AddParameter): Name = "Published"; Value = "8-Jun-2000"; VariantName = "[No Variations]"
Add component (AddParameter): Name = "Publisher"; Value = "Altium Limited"; VariantName = "[No Variations]"
Add component (AddParameter): Name = "Revision"; Value = "July-2002: Re-released for DXP Platform."; VariantName = "[No Variations]"
Add component (AddParameter): Name = "Value"; Value = "4.7uH"; VariantName = "[No Variations]"
Added Component: Designator=L?(0630 TPC 7*7*3)
Add component (AddParameter): Name = "DCR"; Value = ".5m"; VariantName = "[No Variations]"
Add component (AddParameter): Name = "Imax"; Value = "5A"; VariantName = "[No Variations]"
Add component (AddParameter): Name = "Price(RMB)"; Value = "0.000"; VariantName = "[No Variations]"
Add component (AddParameter): Name = "Published"; Value = "8-Jun-2000"; VariantName = "[No Variations]"
Add component (AddParameter): Name = "Publisher"; Value = "Altium Limited"; VariantName = "[No Variations]"
Add component (AddParameter): Name = "Revision"; Value = "July-2002: Re-released for DXP Platform."; VariantName = "[No Variations]"
Add component (AddParameter): Name = "Value"; Value = "4.7uH"; VariantName = "[No Variations]"
Added Component: Designator=LED?(LEDC1608(0603)-L)
Add component (AddParameter): Name = "PartNumber"; Value = ""; VariantName = "[No Variations]"
Add component (AddParameter): Name = "Price(RMB)"; Value = "0.00"; VariantName = "[No Variations]"
Add component (AddParameter): Name = "Published"; Value = "8-Jun-2000"; VariantName = "[No Variations]"
Add component (AddParameter): Name = "Publisher"; Value = "Altium Limited"; VariantName = "[No Variations]"
Add component (AddParameter): Name = "Revision"; Value = "July-2002: Re-released for DXP Platform."; VariantName = "[No Variations]"
Added Component: Designator=LED?(LEDC1608(0603)-L)
Add component (AddParameter): Name = "PartNumber"; Value = ""; VariantName = "[No Variations]"
Add component (AddParameter): Name = "Price(RMB)"; Value = "0.00"; VariantName = "[No Variations]"
Add component (AddParameter): Name = "Published"; Value = "8-Jun-2000"; VariantName = "[No Variations]"
Add component (AddParameter): Name = "Publisher"; Value = "Altium Limited"; VariantName = "[No Variations]"
Add component (AddParameter): Name = "Revision"; Value = "July-2002: Re-released for DXP Platform."; VariantName = "[No Variations]"
Added Component: Designator=LED?(LEDC1608(0603)-L)
Add component (AddParameter): Name = "PartNumber"; Value = ""; VariantName = "[No Variations]"
Add component (AddParameter): Name = "Price(RMB)"; Value = "0.00"; VariantName = "[No Variations]"
Add component (AddParameter): Name = "Published"; Value = "8-Jun-2000"; VariantName = "[No Variations]"
Add component (AddParameter): Name = "Publisher"; Value = "Altium Limited"; VariantName = "[No Variations]"
Add component (AddParameter): Name = "Revision"; Value = "July-2002: Re-released for DXP Platform."; VariantName = "[No Variations]"
Added Component: Designator=LED?(LEDC1608(0603)-L)
Add component (AddParameter): Name = "PartNumber"; Value = ""; VariantName = "[No Variations]"
Add component (AddParameter): Name = "Price(RMB)"; Value = "0.00"; VariantName = "[No Variations]"
Add component (AddParameter): Name = "Published"; Value = "8-Jun-2000"; VariantName = "[No Variations]"
Add component (AddParameter): Name = "Publisher"; Value = "Altium Limited"; VariantName = "[No Variations]"
Add component (AddParameter): Name = "Revision"; Value = "July-2002: Re-released for DXP Platform."; VariantName = "[No Variations]"
Added Component: Designator=LED?(LEDC1608(0603)-L)
Add component (AddParameter): Name = "PartNumber"; Value = ""; VariantName = "[No Variations]"
Add component (AddParameter): Name = "Price(RMB)"; Value = "0.00"; VariantName = "[No Variations]"
Add component (AddParameter): Name = "Published"; Value = "8-Jun-2000"; VariantName = "[No Variations]"
Add component (AddParameter): Name = "Publisher"; Value = "Altium Limited"; VariantName = "[No Variations]"
Add component (AddParameter): Name = "Revision"; Value = "July-2002: Re-released for DXP Platform."; VariantName = "[No Variations]"
Added Component: Designator=M?(M3-MountHole)
Added Component: Designator=M?(M3-MountHole)
Added Component: Designator=M?(M3-MountHole)
Added Component: Designator=M?(M3-MountHole)
Added Component: Designator=P1(Cam_HDR2X8-F-SMT)
Add component (AddParameter): Name = "Revision"; Value = "V1.0"; VariantName = "[No Variations]"
Add component (AddParameter): Name = "Value"; Value = "Header-D-F 2x8P"; VariantName = "[No Variations]"
Added Component: Designator=P3(Fe-HDR1X8/2.54-S)
Add component (AddParameter): Name = "Revision"; Value = "V1.0"; VariantName = "[No Variations]"
Add component (AddParameter): Name = "Value"; Value = "Header-D-M 1x8P"; VariantName = "[No Variations]"
Added Component: Designator=P4(PH2.0W-4P)
Add component (AddParameter): Name = "Revision"; Value = "V1.0"; VariantName = "[No Variations]"
Add component (AddParameter): Name = "Value"; Value = "Header-D-M 1x4P"; VariantName = "[No Variations]"
Added Component: Designator=P5(XT30-M)
Added Component: Designator=P6(Fe-HDR1X8/2.54-S)
Add component (AddParameter): Name = "Revision"; Value = "V1.0"; VariantName = "[No Variations]"
Add component (AddParameter): Name = "Value"; Value = "Header-D-M 1x8P"; VariantName = "[No Variations]"
Added Component: Designator=P8(PH2.0W-4P)
Add component (AddParameter): Name = "Revision"; Value = "V1.0"; VariantName = "[No Variations]"
Add component (AddParameter): Name = "Value"; Value = "Header-D-M 1x4P"; VariantName = "[No Variations]"
Added Component: Designator=P9(IDC2.54-6P)
Add component (AddParameter): Name = "Revision"; Value = "V1.0"; VariantName = "[No Variations]"
Add component (AddParameter): Name = "Value"; Value = "Header-D-M 2x3P"; VariantName = "[No Variations]"
Added Component: Designator=P10(XT30-M)
Added Component: Designator=P12(Fe-HDR1X3/2.54-S)
Add component (AddParameter): Name = "Revision"; Value = "V1.0"; VariantName = "[No Variations]"
Add component (AddParameter): Name = "Value"; Value = "Header-D-M 1x3P"; VariantName = "[No Variations]"
Added Component: Designator=P13(XT30-M)
Added Component: Designator=P14(IDC2.54-6P)
Add component (AddParameter): Name = "Revision"; Value = "V1.0"; VariantName = "[No Variations]"
Add component (AddParameter): Name = "Value"; Value = "Header-D-M 2x3P"; VariantName = "[No Variations]"
Added Component: Designator=P15(Fe-HDR1X3/2.54-S)
Add component (AddParameter): Name = "Revision"; Value = "V1.0"; VariantName = "[No Variations]"
Add component (AddParameter): Name = "Value"; Value = "Header-D-M 1x3P"; VariantName = "[No Variations]"
Added Component: Designator=P16(IDC2.54-6P)
Add component (AddParameter): Name = "Revision"; Value = "V1.0"; VariantName = "[No Variations]"
Add component (AddParameter): Name = "Value"; Value = "Header-D-M 2x3P"; VariantName = "[No Variations]"
Added Component: Designator=P17(XT30-M)
Added Component: Designator=P18(Fe-HDR1X3/2.54-S)
Add component (AddParameter): Name = "Revision"; Value = "V1.0"; VariantName = "[No Variations]"
Add component (AddParameter): Name = "Value"; Value = "Header-D-M 1x3P"; VariantName = "[No Variations]"
Added Component: Designator=P19(IDC2.54-6P)
Add component (AddParameter): Name = "Revision"; Value = "V1.0"; VariantName = "[No Variations]"
Add component (AddParameter): Name = "Value"; Value = "Header-D-M 2x3P"; VariantName = "[No Variations]"
Added Component: Designator=P29(HDR1X5)
Add component (AddParameter): Name = "LatestRevisionDate"; Value = "17-Jul-2002"; VariantName = "[No Variations]"
Add component (AddParameter): Name = "LatestRevisionNote"; Value = "Re-released for DXP Platform."; VariantName = "[No Variations]"
Add component (AddParameter): Name = "Publisher"; Value = "Altium Limited"; VariantName = "[No Variations]"
Added Component: Designator=P?(HDR1X4-M)
Add component (AddParameter): Name = "Revision"; Value = "V1.0"; VariantName = "[No Variations]"
Add component (AddParameter): Name = "Value"; Value = "Header-D-M 1x4P"; VariantName = "[No Variations]"
Added Component: Designator=P?(HDR1X3-M)
Add component (AddParameter): Name = "Revision"; Value = "V1.0"; VariantName = "[No Variations]"
Add component (AddParameter): Name = "Value"; Value = "Header-D-M 1x3P"; VariantName = "[No Variations]"
Added Component: Designator=P?(HDR2X4-F-SMT)
Add component (AddParameter): Name = "Revision"; Value = "V1.0"; VariantName = "[No Variations]"
Add component (AddParameter): Name = "Value"; Value = "Header-S-F 2x4P"; VariantName = "[No Variations]"
Added Component: Designator=P?(HDR1X3-M)
Add component (AddParameter): Name = "Revision"; Value = "V1.0"; VariantName = "[No Variations]"
Add component (AddParameter): Name = "Value"; Value = "Header-D-M 1x3P"; VariantName = "[No Variations]"
Added Component: Designator=Q?(SOT-23)
Add component (AddParameter): Name = "PartNumber"; Value = "S8050"; VariantName = "[No Variations]"
Add component (AddParameter): Name = "Price(RMB)"; Value = "0.000"; VariantName = "[No Variations]"
Add component (AddParameter): Name = "Published"; Value = "8-Jun-2000"; VariantName = "[No Variations]"
Add component (AddParameter): Name = "Publisher"; Value = "Altium Limited"; VariantName = "[No Variations]"
Add component (AddParameter): Name = "Revision"; Value = "July-2002: Re-released for DXP Platform."; VariantName = "[No Variations]"
Add component (AddParameter): Name = "Temperature"; Value = ""; VariantName = "[No Variations]"
Added Component: Designator=Q?(TO-252AA)
Added Component: Designator=R?(RESC1608[0603]S-L)
Add component (AddParameter): Name = "Power"; Value = "1/8W"; VariantName = "[No Variations]"
Add component (AddParameter): Name = "Revision"; Value = "V1.0"; VariantName = "[No Variations]"
Add component (AddParameter): Name = "Tolerance"; Value = "±1%"; VariantName = "[No Variations]"
Add component (AddParameter): Name = "Value"; Value = "20K"; VariantName = "[No Variations]"
Added Component: Designator=R?(RESC1608[0603]S-L)
Add component (AddParameter): Name = "Power"; Value = "1/8W"; VariantName = "[No Variations]"
Add component (AddParameter): Name = "Revision"; Value = "V1.0"; VariantName = "[No Variations]"
Add component (AddParameter): Name = "Tolerance"; Value = "±1%"; VariantName = "[No Variations]"
Add component (AddParameter): Name = "Value"; Value = "10K"; VariantName = "[No Variations]"
Added Component: Designator=R?(RESC1608[0603]S-L)
Add component (AddParameter): Name = "Power"; Value = "1/8W"; VariantName = "[No Variations]"
Add component (AddParameter): Name = "Revision"; Value = "V1.0"; VariantName = "[No Variations]"
Add component (AddParameter): Name = "Tolerance"; Value = "±1%"; VariantName = "[No Variations]"
Add component (AddParameter): Name = "Value"; Value = "100R"; VariantName = "[No Variations]"
Added Component: Designator=R?(RESC1608[0603]S-L)
Add component (AddParameter): Name = "Power"; Value = "1/8W"; VariantName = "[No Variations]"
Add component (AddParameter): Name = "Revision"; Value = "V1.0"; VariantName = "[No Variations]"
Add component (AddParameter): Name = "Tolerance"; Value = "±1%"; VariantName = "[No Variations]"
Add component (AddParameter): Name = "Value"; Value = "3.3K"; VariantName = "[No Variations]"
Added Component: Designator=R?(RESC1608[0603]S-L)
Add component (AddParameter): Name = "Power"; Value = "1/8W"; VariantName = "[No Variations]"
Add component (AddParameter): Name = "Revision"; Value = "V1.0"; VariantName = "[No Variations]"
Add component (AddParameter): Name = "Tolerance"; Value = "±1%"; VariantName = "[No Variations]"
Add component (AddParameter): Name = "Value"; Value = "10K"; VariantName = "[No Variations]"
Added Component: Designator=R?(RESC1608[0603]S-L)
Add component (AddParameter): Name = "Power"; Value = "1/8W"; VariantName = "[No Variations]"
Add component (AddParameter): Name = "Revision"; Value = "V1.0"; VariantName = "[No Variations]"
Add component (AddParameter): Name = "Tolerance"; Value = "±1%"; VariantName = "[No Variations]"
Add component (AddParameter): Name = "Value"; Value = "200K"; VariantName = "[No Variations]"
Added Component: Designator=R?(RESC1608[0603]S-L)
Add component (AddParameter): Name = "Power"; Value = "1/8W"; VariantName = "[No Variations]"
Add component (AddParameter): Name = "Revision"; Value = "V1.0"; VariantName = "[No Variations]"
Add component (AddParameter): Name = "Tolerance"; Value = "±1%"; VariantName = "[No Variations]"
Add component (AddParameter): Name = "Value"; Value = "1K"; VariantName = "[No Variations]"
Added Component: Designator=R?(RESC1608[0603]S-L)
Add component (AddParameter): Name = "Power"; Value = "1/8W"; VariantName = "[No Variations]"
Add component (AddParameter): Name = "Revision"; Value = "V1.0"; VariantName = "[No Variations]"
Add component (AddParameter): Name = "Tolerance"; Value = "±1%"; VariantName = "[No Variations]"
Add component (AddParameter): Name = "Value"; Value = "100R"; VariantName = "[No Variations]"
Added Component: Designator=R?(RESC1608[0603]S-L)
Add component (AddParameter): Name = "Power"; Value = "1/8W"; VariantName = "[No Variations]"
Add component (AddParameter): Name = "Revision"; Value = "V1.0"; VariantName = "[No Variations]"
Add component (AddParameter): Name = "Tolerance"; Value = "±1%"; VariantName = "[No Variations]"
Add component (AddParameter): Name = "Value"; Value = "100R"; VariantName = "[No Variations]"
Added Component: Designator=R?(RESC1608[0603]S-L)
Add component (AddParameter): Name = "Power"; Value = "1/8W"; VariantName = "[No Variations]"
Add component (AddParameter): Name = "Revision"; Value = "V1.0"; VariantName = "[No Variations]"
Add component (AddParameter): Name = "Tolerance"; Value = "±1%"; VariantName = "[No Variations]"
Add component (AddParameter): Name = "Value"; Value = "100R"; VariantName = "[No Variations]"
Added Component: Designator=R?(RESC1608[0603]S-L)
Add component (AddParameter): Name = "Power"; Value = "1/8W"; VariantName = "[No Variations]"
Add component (AddParameter): Name = "Revision"; Value = "V1.0"; VariantName = "[No Variations]"
Add component (AddParameter): Name = "Tolerance"; Value = "±1%"; VariantName = "[No Variations]"
Add component (AddParameter): Name = "Value"; Value = "100R"; VariantName = "[No Variations]"
Added Component: Designator=R?(RESC1608[0603]S-L)
Add component (AddParameter): Name = "Power"; Value = "1/8W"; VariantName = "[No Variations]"
Add component (AddParameter): Name = "Revision"; Value = "V1.0"; VariantName = "[No Variations]"
Add component (AddParameter): Name = "Tolerance"; Value = "±1%"; VariantName = "[No Variations]"
Add component (AddParameter): Name = "Value"; Value = "1K"; VariantName = "[No Variations]"
Added Component: Designator=R?(RESC1608[0603]S-L)
Add component (AddParameter): Name = "Power"; Value = "1/8W"; VariantName = "[No Variations]"
Add component (AddParameter): Name = "Revision"; Value = "V1.0"; VariantName = "[No Variations]"
Add component (AddParameter): Name = "Tolerance"; Value = "±1%"; VariantName = "[No Variations]"
Add component (AddParameter): Name = "Value"; Value = "100R"; VariantName = "[No Variations]"
Added Component: Designator=R?(RESC1608[0603]S-L)
Add component (AddParameter): Name = "Power"; Value = "1/8W"; VariantName = "[No Variations]"
Add component (AddParameter): Name = "Revision"; Value = "V1.0"; VariantName = "[No Variations]"
Add component (AddParameter): Name = "Tolerance"; Value = "±1%"; VariantName = "[No Variations]"
Add component (AddParameter): Name = "Value"; Value = "4.7K"; VariantName = "[No Variations]"
Added Component: Designator=R?(RESC1608[0603]S-L)
Add component (AddParameter): Name = "Power"; Value = "1/8W"; VariantName = "[No Variations]"
Add component (AddParameter): Name = "Revision"; Value = "V1.0"; VariantName = "[No Variations]"
Add component (AddParameter): Name = "Tolerance"; Value = "±1%"; VariantName = "[No Variations]"
Add component (AddParameter): Name = "Value"; Value = "51K"; VariantName = "[No Variations]"
Added Component: Designator=R?(RESC1608[0603]S-L)
Add component (AddParameter): Name = "Power"; Value = "1/8W"; VariantName = "[No Variations]"
Add component (AddParameter): Name = "Revision"; Value = "V1.0"; VariantName = "[No Variations]"
Add component (AddParameter): Name = "Tolerance"; Value = "±1%"; VariantName = "[No Variations]"
Add component (AddParameter): Name = "Value"; Value = "15K"; VariantName = "[No Variations]"
Added Component: Designator=R?(RESC1608[0603]S-L)
Add component (AddParameter): Name = "Power"; Value = "1/8W"; VariantName = "[No Variations]"
Add component (AddParameter): Name = "Revision"; Value = "V1.0"; VariantName = "[No Variations]"
Add component (AddParameter): Name = "Tolerance"; Value = "±1%"; VariantName = "[No Variations]"
Add component (AddParameter): Name = "Value"; Value = "1.5K"; VariantName = "[No Variations]"
Added Component: Designator=R?(RESC1608[0603]S-L)
Add component (AddParameter): Name = "Power"; Value = "1/8W"; VariantName = "[No Variations]"
Add component (AddParameter): Name = "Revision"; Value = "V1.0"; VariantName = "[No Variations]"
Add component (AddParameter): Name = "Tolerance"; Value = "±1%"; VariantName = "[No Variations]"
Add component (AddParameter): Name = "Value"; Value = "0R"; VariantName = "[No Variations]"
Added Component: Designator=R?(RESPOT3296W)
Add component (AddParameter): Name = "Value"; Value = "10K"; VariantName = "[No Variations]"
Added Component: Designator=R?(RESC1608[0603]S-L)
Add component (AddParameter): Name = "Power"; Value = "1/8W"; VariantName = "[No Variations]"
Add component (AddParameter): Name = "Revision"; Value = "V1.0"; VariantName = "[No Variations]"
Add component (AddParameter): Name = "Tolerance"; Value = "±1%"; VariantName = "[No Variations]"
Add component (AddParameter): Name = "Value"; Value = "20K"; VariantName = "[No Variations]"
Added Component: Designator=R?(RESC1608[0603]S-L)
Add component (AddParameter): Name = "Power"; Value = "1/8W"; VariantName = "[No Variations]"
Add component (AddParameter): Name = "Revision"; Value = "V1.0"; VariantName = "[No Variations]"
Add component (AddParameter): Name = "Tolerance"; Value = "±1%"; VariantName = "[No Variations]"
Add component (AddParameter): Name = "Value"; Value = "10K"; VariantName = "[No Variations]"
Added Component: Designator=R?(RESC1608[0603]S-L)
Add component (AddParameter): Name = "Power"; Value = "1/8W"; VariantName = "[No Variations]"
Add component (AddParameter): Name = "Revision"; Value = "V1.0"; VariantName = "[No Variations]"
Add component (AddParameter): Name = "Tolerance"; Value = "±1%"; VariantName = "[No Variations]"
Add component (AddParameter): Name = "Value"; Value = "4.7K"; VariantName = "[No Variations]"
Added Component: Designator=R?(RESC1608[0603]S-L)
Add component (AddParameter): Name = "Power"; Value = "1/8W"; VariantName = "[No Variations]"
Add component (AddParameter): Name = "Revision"; Value = "V1.0"; VariantName = "[No Variations]"
Add component (AddParameter): Name = "Tolerance"; Value = "±1%"; VariantName = "[No Variations]"
Add component (AddParameter): Name = "Value"; Value = "200K"; VariantName = "[No Variations]"
Added Component: Designator=R?(RESC1608[0603]S-L)
Add component (AddParameter): Name = "Power"; Value = "1/8W"; VariantName = "[No Variations]"
Add component (AddParameter): Name = "Revision"; Value = "V1.0"; VariantName = "[No Variations]"
Add component (AddParameter): Name = "Tolerance"; Value = "±1%"; VariantName = "[No Variations]"
Add component (AddParameter): Name = "Value"; Value = "4.7K"; VariantName = "[No Variations]"
Added Component: Designator=R?(RESC1608[0603]S-L)
Add component (AddParameter): Name = "Power"; Value = "1/8W"; VariantName = "[No Variations]"
Add component (AddParameter): Name = "Revision"; Value = "V1.0"; VariantName = "[No Variations]"
Add component (AddParameter): Name = "Tolerance"; Value = "±1%"; VariantName = "[No Variations]"
Add component (AddParameter): Name = "Value"; Value = "0R"; VariantName = "[No Variations]"
Added Component: Designator=R?(RESC1608[0603]S-L)
Add component (AddParameter): Name = "Power"; Value = "1/8W"; VariantName = "[No Variations]"
Add component (AddParameter): Name = "Revision"; Value = "V1.0"; VariantName = "[No Variations]"
Add component (AddParameter): Name = "Tolerance"; Value = "±1%"; VariantName = "[No Variations]"
Add component (AddParameter): Name = "Value"; Value = "10K"; VariantName = "[No Variations]"
Added Component: Designator=R?(RESC1608[0603]S-L)
Add component (AddParameter): Name = "Power"; Value = "1/8W"; VariantName = "[No Variations]"
Add component (AddParameter): Name = "Revision"; Value = "V1.0"; VariantName = "[No Variations]"
Add component (AddParameter): Name = "Tolerance"; Value = "±1%"; VariantName = "[No Variations]"
Add component (AddParameter): Name = "Value"; Value = "100R"; VariantName = "[No Variations]"
Added Component: Designator=R?(RESC1608[0603]S-L)
Add component (AddParameter): Name = "Power"; Value = "1/8W"; VariantName = "[No Variations]"
Add component (AddParameter): Name = "Revision"; Value = "V1.0"; VariantName = "[No Variations]"
Add component (AddParameter): Name = "Tolerance"; Value = "±1%"; VariantName = "[No Variations]"
Add component (AddParameter): Name = "Value"; Value = "100R"; VariantName = "[No Variations]"
Added Component: Designator=R?(RESC1608[0603]S-L)
Add component (AddParameter): Name = "Power"; Value = "1/8W"; VariantName = "[No Variations]"
Add component (AddParameter): Name = "Revision"; Value = "V1.0"; VariantName = "[No Variations]"
Add component (AddParameter): Name = "Tolerance"; Value = "±1%"; VariantName = "[No Variations]"
Add component (AddParameter): Name = "Value"; Value = "100R"; VariantName = "[No Variations]"
Added Component: Designator=R?(RESC1608[0603]S-L)
Add component (AddParameter): Name = "Power"; Value = "1/8W"; VariantName = "[No Variations]"
Add component (AddParameter): Name = "Revision"; Value = "V1.0"; VariantName = "[No Variations]"
Add component (AddParameter): Name = "Tolerance"; Value = "±1%"; VariantName = "[No Variations]"
Add component (AddParameter): Name = "Value"; Value = "10K"; VariantName = "[No Variations]"
Added Component: Designator=R?(RESC1608[0603]S-L)
Add component (AddParameter): Name = "Power"; Value = "1/8W"; VariantName = "[No Variations]"
Add component (AddParameter): Name = "Revision"; Value = "V1.0"; VariantName = "[No Variations]"
Add component (AddParameter): Name = "Tolerance"; Value = "±1%"; VariantName = "[No Variations]"
Add component (AddParameter): Name = "Value"; Value = "100R"; VariantName = "[No Variations]"
Added Component: Designator=R?(RESC1608[0603]S-L)
Add component (AddParameter): Name = "Power"; Value = "1/8W"; VariantName = "[No Variations]"
Add component (AddParameter): Name = "Revision"; Value = "V1.0"; VariantName = "[No Variations]"
Add component (AddParameter): Name = "Tolerance"; Value = "±1%"; VariantName = "[No Variations]"
Add component (AddParameter): Name = "Value"; Value = "100R"; VariantName = "[No Variations]"
Added Component: Designator=R?(RESC1608[0603]S-L)
Add component (AddParameter): Name = "Power"; Value = "1/8W"; VariantName = "[No Variations]"
Add component (AddParameter): Name = "Revision"; Value = "V1.0"; VariantName = "[No Variations]"
Add component (AddParameter): Name = "Tolerance"; Value = "±1%"; VariantName = "[No Variations]"
Add component (AddParameter): Name = "Value"; Value = "100R"; VariantName = "[No Variations]"
Added Component: Designator=R?(RESC1608[0603]S-L)
Add component (AddParameter): Name = "Power"; Value = "1/8W"; VariantName = "[No Variations]"
Add component (AddParameter): Name = "Revision"; Value = "V1.0"; VariantName = "[No Variations]"
Add component (AddParameter): Name = "Tolerance"; Value = "±1%"; VariantName = "[No Variations]"
Add component (AddParameter): Name = "Value"; Value = "100R"; VariantName = "[No Variations]"
Added Component: Designator=R?(RESC1608[0603]S-L)
Add component (AddParameter): Name = "Power"; Value = "1/8W"; VariantName = "[No Variations]"
Add component (AddParameter): Name = "Revision"; Value = "V1.0"; VariantName = "[No Variations]"
Add component (AddParameter): Name = "Tolerance"; Value = "±1%"; VariantName = "[No Variations]"
Add component (AddParameter): Name = "Value"; Value = "100R"; VariantName = "[No Variations]"
Added Component: Designator=R?(RESC1608[0603]S-L)
Add component (AddParameter): Name = "Power"; Value = "1/8W"; VariantName = "[No Variations]"
Add component (AddParameter): Name = "Revision"; Value = "V1.0"; VariantName = "[No Variations]"
Add component (AddParameter): Name = "Tolerance"; Value = "±1%"; VariantName = "[No Variations]"
Add component (AddParameter): Name = "Value"; Value = "10K"; VariantName = "[No Variations]"
Added Component: Designator=R?(RESC1608[0603]S-L)
Add component (AddParameter): Name = "Power"; Value = "1/8W"; VariantName = "[No Variations]"
Add component (AddParameter): Name = "Revision"; Value = "V1.0"; VariantName = "[No Variations]"
Add component (AddParameter): Name = "Tolerance"; Value = "±1%"; VariantName = "[No Variations]"
Add component (AddParameter): Name = "Value"; Value = "100R"; VariantName = "[No Variations]"
Added Component: Designator=R?(RESC1608[0603]S-L)
Add component (AddParameter): Name = "Power"; Value = "1/8W"; VariantName = "[No Variations]"
Add component (AddParameter): Name = "Revision"; Value = "V1.0"; VariantName = "[No Variations]"
Add component (AddParameter): Name = "Tolerance"; Value = "±1%"; VariantName = "[No Variations]"
Add component (AddParameter): Name = "Value"; Value = "100R"; VariantName = "[No Variations]"
Added Component: Designator=R?(RESC1608[0603]S-L)
Add component (AddParameter): Name = "Power"; Value = "1/8W"; VariantName = "[No Variations]"
Add component (AddParameter): Name = "Revision"; Value = "V1.0"; VariantName = "[No Variations]"
Add component (AddParameter): Name = "Tolerance"; Value = "±1%"; VariantName = "[No Variations]"
Add component (AddParameter): Name = "Value"; Value = "100R"; VariantName = "[No Variations]"
Added Component: Designator=R?(RESC1608[0603]S-L)
Add component (AddParameter): Name = "Power"; Value = "1/8W"; VariantName = "[No Variations]"
Add component (AddParameter): Name = "Revision"; Value = "V1.0"; VariantName = "[No Variations]"
Add component (AddParameter): Name = "Tolerance"; Value = "±1%"; VariantName = "[No Variations]"
Add component (AddParameter): Name = "Value"; Value = "100R"; VariantName = "[No Variations]"
Added Component: Designator=R?(RESC1608[0603]S-L)
Add component (AddParameter): Name = "Power"; Value = "1/8W"; VariantName = "[No Variations]"
Add component (AddParameter): Name = "Revision"; Value = "V1.0"; VariantName = "[No Variations]"
Add component (AddParameter): Name = "Tolerance"; Value = "±1%"; VariantName = "[No Variations]"
Add component (AddParameter): Name = "Value"; Value = "1K"; VariantName = "[No Variations]"
Added Component: Designator=R?(RESC1608[0603]S-L)
Add component (AddParameter): Name = "Power"; Value = "1/8W"; VariantName = "[No Variations]"
Add component (AddParameter): Name = "Revision"; Value = "V1.0"; VariantName = "[No Variations]"
Add component (AddParameter): Name = "Tolerance"; Value = "±1%"; VariantName = "[No Variations]"
Add component (AddParameter): Name = "Value"; Value = "10K"; VariantName = "[No Variations]"
Added Component: Designator=R?(RESC1608[0603]S-L)
Add component (AddParameter): Name = "Power"; Value = "1/8W"; VariantName = "[No Variations]"
Add component (AddParameter): Name = "Revision"; Value = "V1.0"; VariantName = "[No Variations]"
Add component (AddParameter): Name = "Tolerance"; Value = "±1%"; VariantName = "[No Variations]"
Add component (AddParameter): Name = "Value"; Value = "100R"; VariantName = "[No Variations]"
Added Component: Designator=R?(RESC1608[0603]S-L)
Add component (AddParameter): Name = "Power"; Value = "1/8W"; VariantName = "[No Variations]"
Add component (AddParameter): Name = "Revision"; Value = "V1.0"; VariantName = "[No Variations]"
Add component (AddParameter): Name = "Tolerance"; Value = "±1%"; VariantName = "[No Variations]"
Add component (AddParameter): Name = "Value"; Value = "10R"; VariantName = "[No Variations]"
Added Component: Designator=R?(RESC1608[0603]S-L)
Add component (AddParameter): Name = "Power"; Value = "1/8W"; VariantName = "[No Variations]"
Add component (AddParameter): Name = "Revision"; Value = "V1.0"; VariantName = "[No Variations]"
Add component (AddParameter): Name = "Tolerance"; Value = "±1%"; VariantName = "[No Variations]"
Add component (AddParameter): Name = "Value"; Value = "1K"; VariantName = "[No Variations]"
Added Component: Designator=R?(RESC1608[0603]S-L)
Add component (AddParameter): Name = "Power"; Value = "1/8W"; VariantName = "[No Variations]"
Add component (AddParameter): Name = "Revision"; Value = "V1.0"; VariantName = "[No Variations]"
Add component (AddParameter): Name = "Tolerance"; Value = "±1%"; VariantName = "[No Variations]"
Add component (AddParameter): Name = "Value"; Value = "4.7K"; VariantName = "[No Variations]"
Added Component: Designator=R?(RESC1608[0603]S-L)
Add component (AddParameter): Name = "Power"; Value = "1/8W"; VariantName = "[No Variations]"
Add component (AddParameter): Name = "Revision"; Value = "V1.0"; VariantName = "[No Variations]"
Add component (AddParameter): Name = "Tolerance"; Value = "±1%"; VariantName = "[No Variations]"
Add component (AddParameter): Name = "Value"; Value = "100R"; VariantName = "[No Variations]"
Added Component: Designator=R?(RESC1608[0603]S-L)
Add component (AddParameter): Name = "Power"; Value = "1/8W"; VariantName = "[No Variations]"
Add component (AddParameter): Name = "Revision"; Value = "V1.0"; VariantName = "[No Variations]"
Add component (AddParameter): Name = "Tolerance"; Value = "±1%"; VariantName = "[No Variations]"
Add component (AddParameter): Name = "Value"; Value = "100R"; VariantName = "[No Variations]"
Added Component: Designator=R?(RESC1608[0603]S-L)
Add component (AddParameter): Name = "Power"; Value = "1/8W"; VariantName = "[No Variations]"
Add component (AddParameter): Name = "Revision"; Value = "V1.0"; VariantName = "[No Variations]"
Add component (AddParameter): Name = "Tolerance"; Value = "±1%"; VariantName = "[No Variations]"
Add component (AddParameter): Name = "Value"; Value = "100R"; VariantName = "[No Variations]"
Added Component: Designator=R?(RESC1608[0603]S-L)
Add component (AddParameter): Name = "Power"; Value = "1/8W"; VariantName = "[No Variations]"
Add component (AddParameter): Name = "Revision"; Value = "V1.0"; VariantName = "[No Variations]"
Add component (AddParameter): Name = "Tolerance"; Value = "±1%"; VariantName = "[No Variations]"
Add component (AddParameter): Name = "Value"; Value = "100R"; VariantName = "[No Variations]"
Added Component: Designator=R?(RESC1608[0603]S-L)
Add component (AddParameter): Name = "Power"; Value = "1/8W"; VariantName = "[No Variations]"
Add component (AddParameter): Name = "Revision"; Value = "V1.0"; VariantName = "[No Variations]"
Add component (AddParameter): Name = "Tolerance"; Value = "±1%"; VariantName = "[No Variations]"
Add component (AddParameter): Name = "Value"; Value = "10K"; VariantName = "[No Variations]"
Added Component: Designator=R?(RESC1608[0603]S-L)
Add component (AddParameter): Name = "Power"; Value = "1/8W"; VariantName = "[No Variations]"
Add component (AddParameter): Name = "Revision"; Value = "V1.0"; VariantName = "[No Variations]"
Add component (AddParameter): Name = "Tolerance"; Value = "±1%"; VariantName = "[No Variations]"
Add component (AddParameter): Name = "Value"; Value = "10K"; VariantName = "[No Variations]"
Added Component: Designator=S?(PTS810-3*4-CurvePin)
Add component (AddParameter): Name = "Price(RMB)"; Value = "0.000"; VariantName = "[No Variations]"
Add component (AddParameter): Name = "Published"; Value = "24-Mar-1999"; VariantName = "[No Variations]"
Add component (AddParameter): Name = "Publisher"; Value = "Altium Limited"; VariantName = "[No Variations]"
Added Component: Designator=S?(PTS810-3*4-CurvePin)
Add component (AddParameter): Name = "Price(RMB)"; Value = "0.000"; VariantName = "[No Variations]"
Add component (AddParameter): Name = "Published"; Value = "24-Mar-1999"; VariantName = "[No Variations]"
Add component (AddParameter): Name = "Publisher"; Value = "Altium Limited"; VariantName = "[No Variations]"
Added Component: Designator=S?(SS12D10)
Add component (AddParameter): Name = "Price(RMB)"; Value = "0.000"; VariantName = "[No Variations]"
Add component (AddParameter): Name = "Published"; Value = "24-Mar-1999"; VariantName = "[No Variations]"
Add component (AddParameter): Name = "Publisher"; Value = "Altium Limited"; VariantName = "[No Variations]"
Added Component: Designator=S?(Code SW-2-DIP-2.54)
Add component (AddParameter): Name = "Price(RMB)"; Value = "0.000"; VariantName = "[No Variations]"
Add component (AddParameter): Name = "Published"; Value = "24-Mar-1999"; VariantName = "[No Variations]"
Add component (AddParameter): Name = "Publisher"; Value = "Altium Limited"; VariantName = "[No Variations]"
Add component (AddParameter): Name = "Revision"; Value = "July-2002: Re-released for DXP Platform."; VariantName = "[No Variations]"
Added Component: Designator=S?(SS12D10)
Add component (AddParameter): Name = "Price(RMB)"; Value = "0.000"; VariantName = "[No Variations]"
Add component (AddParameter): Name = "Published"; Value = "24-Mar-1999"; VariantName = "[No Variations]"
Add component (AddParameter): Name = "Publisher"; Value = "Altium Limited"; VariantName = "[No Variations]"
Added Component: Designator=S?(PTS810-3*4-CurvePin)
Add component (AddParameter): Name = "Price(RMB)"; Value = "0.000"; VariantName = "[No Variations]"
Add component (AddParameter): Name = "Published"; Value = "24-Mar-1999"; VariantName = "[No Variations]"
Add component (AddParameter): Name = "Publisher"; Value = "Altium Limited"; VariantName = "[No Variations]"
Added Component: Designator=S?(PTS810-3*4-CurvePin)
Add component (AddParameter): Name = "Price(RMB)"; Value = "0.000"; VariantName = "[No Variations]"
Add component (AddParameter): Name = "Published"; Value = "24-Mar-1999"; VariantName = "[No Variations]"
Add component (AddParameter): Name = "Publisher"; Value = "Altium Limited"; VariantName = "[No Variations]"
Added Component: Designator=U1(MIMXRT1064xVL_CoreBoard - 3D)
Added Component: Designator=U?(SOT-23-5)
Added Component: Designator=U?(SOP-8E)
Added Component: Designator=U?(SOT-23-5)
Add component (AddParameter): Name = "Imax"; Value = "2.1A"; VariantName = "[No Variations]"
Add component (AddParameter): Name = "Published"; Value = "2020-12-08"; VariantName = "[No Variations]"
Add component (AddParameter): Name = "Revision"; Value = "V1.0"; VariantName = "[No Variations]"
Added Component: Designator=U?(SOT-23-5)
Added Component: Designator=U?(SOP-8E)
Added Pin To Net: NetName=3V3 Pin=C?-1
Added Pin To Net: NetName=3V3 Pin=C?-2
Added Pin To Net: NetName=3V3 Pin=P3-1
Added Pin To Net: NetName=3V3 Pin=P6-2
Added Pin To Net: NetName=3V3 Pin=P9-2
Added Pin To Net: NetName=3V3 Pin=P14-2
Added Pin To Net: NetName=3V3 Pin=P16-2
Added Pin To Net: NetName=3V3 Pin=P19-2
Added Pin To Net: NetName=3V3 Pin=P?-1
Added Pin To Net: NetName=3V3 Pin=R?-1
Added Pin To Net: NetName=3V3 Pin=R?-1
Added Pin To Net: NetName=3V3 Pin=R?-1
Added Pin To Net: NetName=3V3 Pin=R?-1
Added Pin To Net: NetName=3V3 Pin=R?-2
Added Pin To Net: NetName=3V3 Pin=R?-2
Added Pin To Net: NetName=3V3 Pin=R?-2
Added Pin To Net: NetName=3V3 Pin=R?-2
Added Pin To Net: NetName=3V3 Pin=S?-3
Added Pin To Net: NetName=3V3 Pin=U?-5
Added Net: Name=3V3
Added Pin To Net: NetName=B0 Pin=P6-3
Added Pin To Net: NetName=B0 Pin=U1-23
Added Net: Name=B0
Added Pin To Net: NetName=B1 Pin=P6-4
Added Pin To Net: NetName=B1 Pin=U1-24
Added Net: Name=B1
Added Pin To Net: NetName=B2 Pin=P6-5
Added Pin To Net: NetName=B2 Pin=U1-25
Added Net: Name=B2
Added Pin To Net: NetName=B3 Pin=P6-7
Added Pin To Net: NetName=B3 Pin=U1-26
Added Net: Name=B3
Added Pin To Net: NetName=B11 Pin=R?-2
Added Pin To Net: NetName=B11 Pin=R?-2
Added Pin To Net: NetName=B11 Pin=U1-47
Added Net: Name=B11
Added Pin To Net: NetName=B12 Pin=P8-4
Added Pin To Net: NetName=B12 Pin=U1-29
Added Net: Name=B12
Added Pin To Net: NetName=B13 Pin=P8-3
Added Pin To Net: NetName=B13 Pin=U1-27
Added Net: Name=B13
Added Pin To Net: NetName=B14 Pin=R?-2
Added Pin To Net: NetName=B14 Pin=U1-30
Added Net: Name=B14
Added Pin To Net: NetName=B16 Pin=R?-2
Added Pin To Net: NetName=B16 Pin=U1-32
Added Net: Name=B16
Added Pin To Net: NetName=B17 Pin=R?-2
Added Pin To Net: NetName=B17 Pin=U1-31
Added Net: Name=B17
Added Pin To Net: NetName=B18 Pin=P?-3
Added Pin To Net: NetName=B18 Pin=U1-34
Added Net: Name=B18
Added Pin To Net: NetName=B19 Pin=P?-4
Added Pin To Net: NetName=B19 Pin=U1-33
Added Net: Name=B19
Added Pin To Net: NetName=B20 Pin=P1-15
Added Pin To Net: NetName=B20 Pin=U1-36
Added Net: Name=B20
Added Pin To Net: NetName=B22 Pin=P1-5
Added Pin To Net: NetName=B22 Pin=U1-38
Added Net: Name=B22
Added Pin To Net: NetName=B24 Pin=P1-2
Added Pin To Net: NetName=B24 Pin=U1-40
Added Net: Name=B24
Added Pin To Net: NetName=B25 Pin=P1-4
Added Pin To Net: NetName=B25 Pin=U1-39
Added Net: Name=B25
Added Pin To Net: NetName=B26 Pin=P1-6
Added Pin To Net: NetName=B26 Pin=U1-42
Added Net: Name=B26
Added Pin To Net: NetName=B27 Pin=P1-8
Added Pin To Net: NetName=B27 Pin=U1-41
Added Net: Name=B27
Added Pin To Net: NetName=B28 Pin=P1-10
Added Pin To Net: NetName=B28 Pin=U1-46
Added Net: Name=B28
Added Pin To Net: NetName=B29 Pin=P1-12
Added Pin To Net: NetName=B29 Pin=U1-45
Added Net: Name=B29
Added Pin To Net: NetName=B30 Pin=P1-14
Added Pin To Net: NetName=B30 Pin=U1-43
Added Net: Name=B30
Added Pin To Net: NetName=B31 Pin=P1-16
Added Pin To Net: NetName=B31 Pin=U1-44
Added Net: Name=B31
Added Pin To Net: NetName=C0 Pin=P19-3
Added Pin To Net: NetName=C0 Pin=U1-82
Added Net: Name=C0
Added Pin To Net: NetName=C1 Pin=P19-4
Added Pin To Net: NetName=C1 Pin=U1-79
Added Net: Name=C1
Added Pin To Net: NetName=C2 Pin=P16-3
Added Pin To Net: NetName=C2 Pin=U1-80
Added Net: Name=C2
Added Pin To Net: NetName=C3 Pin=P14-3
Added Pin To Net: NetName=C3 Pin=U1-77
Added Net: Name=C3
Added Pin To Net: NetName=C4 Pin=P14-4
Added Pin To Net: NetName=C4 Pin=U1-78
Added Net: Name=C4
Added Pin To Net: NetName=C5 Pin=P9-3
Added Pin To Net: NetName=C5 Pin=U1-75
Added Net: Name=C5
Added Pin To Net: NetName=C6 Pin=R?-2
Added Pin To Net: NetName=C6 Pin=U1-76
Added Net: Name=C6
Added Pin To Net: NetName=C9 Pin=R?-2
Added Pin To Net: NetName=C9 Pin=U1-71
Added Net: Name=C9
Added Pin To Net: NetName=C10 Pin=R?-2
Added Pin To Net: NetName=C10 Pin=U1-72
Added Net: Name=C10
Added Pin To Net: NetName=C12 Pin=R?-2
Added Pin To Net: NetName=C12 Pin=R?-2
Added Pin To Net: NetName=C12 Pin=U1-70
Added Net: Name=C12
Added Pin To Net: NetName=C13 Pin=R?-2
Added Pin To Net: NetName=C13 Pin=R?-2
Added Pin To Net: NetName=C13 Pin=U1-67
Added Net: Name=C13
Added Pin To Net: NetName=C14 Pin=R?-2
Added Pin To Net: NetName=C14 Pin=R?-2
Added Pin To Net: NetName=C14 Pin=U1-68
Added Net: Name=C14
Added Pin To Net: NetName=C15 Pin=R?-2
Added Pin To Net: NetName=C15 Pin=R?-2
Added Pin To Net: NetName=C15 Pin=U1-65
Added Net: Name=C15
Added Pin To Net: NetName=C16 Pin=P4-4
Added Pin To Net: NetName=C16 Pin=U1-66
Added Net: Name=C16
Added Pin To Net: NetName=C17 Pin=P4-3
Added Pin To Net: NetName=C17 Pin=U1-63
Added Net: Name=C17
Added Pin To Net: NetName=C18 Pin=P6-8
Added Pin To Net: NetName=C18 Pin=U1-64
Added Net: Name=C18
Added Pin To Net: NetName=C19 Pin=P6-6
Added Pin To Net: NetName=C19 Pin=U1-61
Added Net: Name=C19
Added Pin To Net: NetName=C20 Pin=P3-6
Added Pin To Net: NetName=C20 Pin=U1-62
Added Net: Name=C20
Added Pin To Net: NetName=C21 Pin=P3-5
Added Pin To Net: NetName=C21 Pin=U1-59
Added Net: Name=C21
Added Pin To Net: NetName=C22 Pin=P3-4
Added Pin To Net: NetName=C22 Pin=U1-60
Added Net: Name=C22
Added Pin To Net: NetName=C23 Pin=P3-3
Added Pin To Net: NetName=C23 Pin=U1-57
Added Net: Name=C23
Added Pin To Net: NetName=C24 Pin=P16-4
Added Pin To Net: NetName=C24 Pin=U1-58
Added Net: Name=C24
Added Pin To Net: NetName=C25 Pin=P9-4
Added Pin To Net: NetName=C25 Pin=U1-55
Added Net: Name=C25
Added Pin To Net: NetName=C26 Pin=R?-2
Added Pin To Net: NetName=C26 Pin=U1-56
Added Net: Name=C26
Added Pin To Net: NetName=C27 Pin=R?-2
Added Pin To Net: NetName=C27 Pin=U1-53
Added Net: Name=C27
Added Pin To Net: NetName=C28 Pin=P1-9
Added Pin To Net: NetName=C28 Pin=U1-54
Added Net: Name=C28
Added Pin To Net: NetName=C29 Pin=P1-11
Added Pin To Net: NetName=C29 Pin=U1-51
Added Net: Name=C29
Added Pin To Net: NetName=C30 Pin=R?-2
Added Pin To Net: NetName=C30 Pin=U1-52
Added Net: Name=C30
Added Pin To Net: NetName=C31 Pin=R?-2
Added Pin To Net: NetName=C31 Pin=U1-50
Added Net: Name=C31
Added Pin To Net: NetName=CR Pin=U1-9
Added Pin To Net: NetName=CR Pin=U?-3
Added Pin To Net: NetName=CR Pin=U?-3
Added Pin To Net: NetName=CR Pin=U?-4
Added Net: Name=CR
Added Pin To Net: NetName=CSI_3V3 Pin=C?-1
Added Pin To Net: NetName=CSI_3V3 Pin=C?-2
Added Pin To Net: NetName=CSI_3V3 Pin=P1-1
Added Pin To Net: NetName=CSI_3V3 Pin=R?-2
Added Pin To Net: NetName=CSI_3V3 Pin=U?-5
Added Net: Name=CSI_3V3
Added Pin To Net: NetName=CTRL Pin=J1-3
Added Pin To Net: NetName=CTRL Pin=J3-3
Added Pin To Net: NetName=CTRL Pin=J6-3
Added Pin To Net: NetName=CTRL Pin=J7-3
Added Pin To Net: NetName=CTRL Pin=S?-2
Added Net: Name=CTRL
Added Pin To Net: NetName=D0 Pin=R?-1
Added Pin To Net: NetName=D0 Pin=U1-14
Added Net: Name=D0
Added Pin To Net: NetName=D1 Pin=R?-1
Added Pin To Net: NetName=D1 Pin=U1-13
Added Net: Name=D1
Added Pin To Net: NetName=D2 Pin=R?-1
Added Pin To Net: NetName=D2 Pin=U1-12
Added Net: Name=D2
Added Pin To Net: NetName=D3 Pin=R?-1
Added Pin To Net: NetName=D3 Pin=U1-11
Added Net: Name=D3
Added Pin To Net: NetName=D4 Pin=P?-2
Added Pin To Net: NetName=D4 Pin=U1-10
Added Net: Name=D4
Added Pin To Net: NetName=D12 Pin=R?-1
Added Pin To Net: NetName=D12 Pin=U1-15
Added Net: Name=D12
Added Pin To Net: NetName=D13 Pin=R?-1
Added Pin To Net: NetName=D13 Pin=U1-16
Added Net: Name=D13
Added Pin To Net: NetName=D14 Pin=R?-1
Added Pin To Net: NetName=D14 Pin=U1-17
Added Net: Name=D14
Added Pin To Net: NetName=D15 Pin=R?-1
Added Pin To Net: NetName=D15 Pin=U1-18
Added Net: Name=D15
Added Pin To Net: NetName=D16 Pin=P?-1
Added Pin To Net: NetName=D16 Pin=R?-1
Added Pin To Net: NetName=D16 Pin=U1-19
Added Net: Name=D16
Added Pin To Net: NetName=D17 Pin=P?-3
Added Pin To Net: NetName=D17 Pin=U1-20
Added Net: Name=D17
Added Pin To Net: NetName=D26 Pin=P?-4
Added Pin To Net: NetName=D26 Pin=U1-84
Added Net: Name=D26
Added Pin To Net: NetName=D27 Pin=P?-8
Added Pin To Net: NetName=D27 Pin=R?-1
Added Pin To Net: NetName=D27 Pin=U1-81
Added Net: Name=D27
Added Pin To Net: NetName=GND Pin=C?-1
Added Pin To Net: NetName=GND Pin=C?-1
Added Pin To Net: NetName=GND Pin=C?-1
Added Pin To Net: NetName=GND Pin=C?-1
Added Pin To Net: NetName=GND Pin=C?-1
Added Pin To Net: NetName=GND Pin=C?-1
Added Pin To Net: NetName=GND Pin=C?-1
Added Pin To Net: NetName=GND Pin=C?-2
Added Pin To Net: NetName=GND Pin=C?-2
Added Pin To Net: NetName=GND Pin=C?-2
Added Pin To Net: NetName=GND Pin=C?-2
Added Pin To Net: NetName=GND Pin=LED?-C
Added Pin To Net: NetName=GND Pin=LED?-C
Added Pin To Net: NetName=GND Pin=LED?-C
Added Pin To Net: NetName=GND Pin=LED?-C
Added Pin To Net: NetName=GND Pin=P1-3
Added Pin To Net: NetName=GND Pin=P1-13
Added Pin To Net: NetName=GND Pin=P3-2
Added Pin To Net: NetName=GND Pin=P4-2
Added Pin To Net: NetName=GND Pin=P6-1
Added Pin To Net: NetName=GND Pin=P8-2
Added Pin To Net: NetName=GND Pin=P9-1
Added Pin To Net: NetName=GND Pin=P14-1
Added Pin To Net: NetName=GND Pin=P16-1
Added Pin To Net: NetName=GND Pin=P19-1
Added Pin To Net: NetName=GND Pin=P?-2
Added Pin To Net: NetName=GND Pin=P?-5
Added Pin To Net: NetName=GND Pin=P?-6
Added Pin To Net: NetName=GND Pin=R?-1
Added Pin To Net: NetName=GND Pin=R?-1
Added Pin To Net: NetName=GND Pin=R?-1
Added Pin To Net: NetName=GND Pin=R?-2
Added Pin To Net: NetName=GND Pin=R?-2
Added Pin To Net: NetName=GND Pin=R?-2
Added Pin To Net: NetName=GND Pin=S?-1
Added Pin To Net: NetName=GND Pin=S?-1
Added Pin To Net: NetName=GND Pin=S?-1
Added Pin To Net: NetName=GND Pin=S?-1
Added Pin To Net: NetName=GND Pin=S?-1
Added Pin To Net: NetName=GND Pin=S?-1
Added Pin To Net: NetName=GND Pin=S?-1
Added Pin To Net: NetName=GND Pin=S?-1
Added Pin To Net: NetName=GND Pin=S?-3
Added Pin To Net: NetName=GND Pin=S?-4
Added Pin To Net: NetName=GND Pin=U1-1
Added Pin To Net: NetName=GND Pin=U1-2
Added Pin To Net: NetName=GND Pin=U1-83
Added Pin To Net: NetName=GND Pin=U?-0
Added Pin To Net: NetName=GND Pin=U?-2
Added Pin To Net: NetName=GND Pin=U?-2
Added Pin To Net: NetName=GND Pin=U?-2
Added Pin To Net: NetName=GND Pin=U?-7
Added Net: Name=GND
Added Pin To Net: NetName=M1+ Pin=J2-4
Added Pin To Net: NetName=M1+ Pin=J2-5
Added Pin To Net: NetName=M1+ Pin=J2-6
Added Pin To Net: NetName=M1+ Pin=P5-1
Added Net: Name=M1+
Added Pin To Net: NetName=M1- Pin=J2-7
Added Pin To Net: NetName=M1- Pin=J2-8
Added Pin To Net: NetName=M1- Pin=J2-9
Added Pin To Net: NetName=M1- Pin=P5-2
Added Net: Name=M1-
Added Pin To Net: NetName=M2+ Pin=J4-4
Added Pin To Net: NetName=M2+ Pin=J4-5
Added Pin To Net: NetName=M2+ Pin=J4-6
Added Pin To Net: NetName=M2+ Pin=P10-1
Added Net: Name=M2+
Added Pin To Net: NetName=M2- Pin=J4-7
Added Pin To Net: NetName=M2- Pin=J4-8
Added Pin To Net: NetName=M2- Pin=J4-9
Added Pin To Net: NetName=M2- Pin=P10-2
Added Net: Name=M2-
Added Pin To Net: NetName=M3+ Pin=J8-4
Added Pin To Net: NetName=M3+ Pin=J8-5
Added Pin To Net: NetName=M3+ Pin=J8-6
Added Pin To Net: NetName=M3+ Pin=P17-1
Added Net: Name=M3+
Added Pin To Net: NetName=M3- Pin=J8-7
Added Pin To Net: NetName=M3- Pin=J8-8
Added Pin To Net: NetName=M3- Pin=J8-9
Added Pin To Net: NetName=M3- Pin=P17-2
Added Net: Name=M3-
Added Pin To Net: NetName=M4+ Pin=J5-4
Added Pin To Net: NetName=M4+ Pin=J5-5
Added Pin To Net: NetName=M4+ Pin=J5-6
Added Pin To Net: NetName=M4+ Pin=P13-1
Added Net: Name=M4+
Added Pin To Net: NetName=M4- Pin=J5-7
Added Pin To Net: NetName=M4- Pin=J5-8
Added Pin To Net: NetName=M4- Pin=J5-9
Added Pin To Net: NetName=M4- Pin=P13-2
Added Net: Name=M4-
Added Pin To Net: NetName=NetB1_1 Pin=B1-1
Added Pin To Net: NetName=NetB1_1 Pin=R?-1
Added Net: Name=NetB1_1
Added Pin To Net: NetName=NetB1_2 Pin=B1-2
Added Pin To Net: NetName=NetB1_2 Pin=Q?-3
Added Net: Name=NetB1_2
Added Pin To Net: NetName=NetC?_1 Pin=C?-1
Added Pin To Net: NetName=NetC?_1 Pin=C?-2
Added Pin To Net: NetName=NetC?_1 Pin=C?-2
Added Pin To Net: NetName=NetC?_1 Pin=D?-K
Added Pin To Net: NetName=NetC?_1 Pin=U?-2
Added Pin To Net: NetName=NetC?_1 Pin=U?-3
Added Net: Name=NetC?_1
Add Net: Net with name "NetC?_1" already exists
Add Net: Net with name "NetC?_1" already exists
Added Pin To Net: NetName=NetC?_2 Pin=C?-2
Added Pin To Net: NetName=NetC?_2 Pin=U?-1
Added Net: Name=NetC?_2
Add Net: Net with name "NetC?_2" already exists
Add Net: Net with name "NetC?_2" already exists
Add Net: Net with name "NetC?_2" already exists
Added Pin To Net: NetName=NetD?_A Pin=D?-A
Added Pin To Net: NetName=NetD?_A Pin=R?-2
Added Pin To Net: NetName=NetD?_A Pin=S?-1
Added Net: Name=NetD?_A
Added Pin To Net: NetName=NetD?_K Pin=D?-K
Added Pin To Net: NetName=NetD?_K Pin=DCIN1-1
Added Pin To Net: NetName=NetD?_K Pin=Q?-3
Added Pin To Net: NetName=NetD?_K Pin=S?-3
Added Net: Name=NetD?_K
Added Pin To Net: NetName=NetJ1_1 Pin=J1-1
Added Pin To Net: NetName=NetJ1_1 Pin=R?-2
Added Net: Name=NetJ1_1
Added Pin To Net: NetName=NetJ1_2 Pin=J1-2
Added Pin To Net: NetName=NetJ1_2 Pin=R?-2
Added Net: Name=NetJ1_2
Added Pin To Net: NetName=NetJ3_1 Pin=J3-1
Added Pin To Net: NetName=NetJ3_1 Pin=R?-2
Added Net: Name=NetJ3_1
Added Pin To Net: NetName=NetJ3_2 Pin=J3-2
Added Pin To Net: NetName=NetJ3_2 Pin=R?-2
Added Net: Name=NetJ3_2
Added Pin To Net: NetName=NetJ6_1 Pin=J6-1
Added Pin To Net: NetName=NetJ6_1 Pin=R?-2
Added Net: Name=NetJ6_1
Added Pin To Net: NetName=NetJ6_2 Pin=J6-2
Added Pin To Net: NetName=NetJ6_2 Pin=R?-2
Added Net: Name=NetJ6_2
Added Pin To Net: NetName=NetJ7_1 Pin=J7-1
Added Pin To Net: NetName=NetJ7_1 Pin=R?-2
Added Net: Name=NetJ7_1
Added Pin To Net: NetName=NetJ7_2 Pin=J7-2
Added Pin To Net: NetName=NetJ7_2 Pin=R?-2
Added Net: Name=NetJ7_2
Added Pin To Net: NetName=NetLED?_A Pin=LED?-A
Added Pin To Net: NetName=NetLED?_A Pin=R?-1
Added Net: Name=NetLED?_A
Add Net: Net with name "NetLED?_A" already exists
Add Net: Net with name "NetLED?_A" already exists
Add Net: Net with name "NetLED?_A" already exists
Add Net: Net with name "NetLED?_A" already exists
Added Pin To Net: NetName=NetP1_7 Pin=P1-7
Added Pin To Net: NetName=NetP1_7 Pin=R?-1
Added Net: Name=NetP1_7
Added Pin To Net: NetName=NetP12_1 Pin=P12-1
Added Pin To Net: NetName=NetP12_1 Pin=R?-1
Added Net: Name=NetP12_1
Added Pin To Net: NetName=NetP15_1 Pin=P15-1
Added Pin To Net: NetName=NetP15_1 Pin=R?-1
Added Net: Name=NetP15_1
Added Pin To Net: NetName=NetP18_1 Pin=P18-1
Added Pin To Net: NetName=NetP18_1 Pin=R?-1
Added Net: Name=NetP18_1
Added Pin To Net: NetName=NetP29_1 Pin=P29-1
Added Pin To Net: NetName=NetP29_1 Pin=R?-1
Added Net: Name=NetP29_1
Added Pin To Net: NetName=NetP29_2 Pin=P29-2
Added Pin To Net: NetName=NetP29_2 Pin=R?-1
Added Net: Name=NetP29_2
Added Pin To Net: NetName=NetP29_3 Pin=P29-3
Added Pin To Net: NetName=NetP29_3 Pin=R?-1
Added Net: Name=NetP29_3
Added Pin To Net: NetName=NetP?_1 Pin=P?-1
Added Pin To Net: NetName=NetP?_1 Pin=R?-1
Added Net: Name=NetP?_1
Add Net: Net with name "NetP?_1" already exists
Added Pin To Net: NetName=NetQ?_1 Pin=Q?-1
Added Pin To Net: NetName=NetQ?_1 Pin=R?-1
Added Net: Name=NetQ?_1
Added Pin To Net: NetName=NetQ?_2 Pin=Q?-2
Added Pin To Net: NetName=NetQ?_2 Pin=S?-2
Added Net: Name=NetQ?_2
Add Net: Net with name "NetQ?_2" already exists
Added Pin To Net: NetName=NetR?_1 Pin=R?-1
Added Pin To Net: NetName=NetR?_1 Pin=S?-2
Added Pin To Net: NetName=NetR?_1 Pin=S?-2
Added Net: Name=NetR?_1
Add Net: Net with name "NetR?_1" already exists
Add Net: Net with name "NetR?_1" already exists
Add Net: Net with name "NetR?_1" already exists
Add Net: Net with name "NetR?_1" already exists
Add Net: Net with name "NetR?_1" already exists
Add Net: Net with name "NetR?_1" already exists
Add Net: Net with name "NetR?_1" already exists
Add Net: Net with name "NetR?_1" already exists
Added Pin To Net: NetName=NetR?_2 Pin=R?-2
Added Pin To Net: NetName=NetR?_2 Pin=R?-2
Added Pin To Net: NetName=NetR?_2 Pin=U?-5
Added Net: Name=NetR?_2
Add Net: Net with name "NetR?_2" already exists
Add Net: Net with name "NetR?_2" already exists
Add Net: Net with name "NetR?_2" already exists
Add Net: Net with name "NetR?_2" already exists
Add Net: Net with name "NetR?_2" already exists
Added Pin To Net: NetName=PGND Pin=C?-1
Added Pin To Net: NetName=PGND Pin=C?-1
Added Pin To Net: NetName=PGND Pin=C?-1
Added Pin To Net: NetName=PGND Pin=C?-1
Added Pin To Net: NetName=PGND Pin=C?-1
Added Pin To Net: NetName=PGND Pin=C?-1
Added Pin To Net: NetName=PGND Pin=C?-2
Added Pin To Net: NetName=PGND Pin=C?-2
Added Pin To Net: NetName=PGND Pin=C?-2
Added Pin To Net: NetName=PGND Pin=DCIN1-2
Added Pin To Net: NetName=PGND Pin=J1-10
Added Pin To Net: NetName=PGND Pin=J1-11
Added Pin To Net: NetName=PGND Pin=J1-12
Added Pin To Net: NetName=PGND Pin=J2-1
Added Pin To Net: NetName=PGND Pin=J2-2
Added Pin To Net: NetName=PGND Pin=J2-3
Added Pin To Net: NetName=PGND Pin=J2-10
Added Pin To Net: NetName=PGND Pin=J2-11
Added Pin To Net: NetName=PGND Pin=J2-12
Added Pin To Net: NetName=PGND Pin=J3-10
Added Pin To Net: NetName=PGND Pin=J3-11
Added Pin To Net: NetName=PGND Pin=J3-12
Added Pin To Net: NetName=PGND Pin=J4-1
Added Pin To Net: NetName=PGND Pin=J4-2
Added Pin To Net: NetName=PGND Pin=J4-3
Added Pin To Net: NetName=PGND Pin=J4-10
Added Pin To Net: NetName=PGND Pin=J4-11
Added Pin To Net: NetName=PGND Pin=J4-12
Added Pin To Net: NetName=PGND Pin=J5-1
Added Pin To Net: NetName=PGND Pin=J5-2
Added Pin To Net: NetName=PGND Pin=J5-3
Added Pin To Net: NetName=PGND Pin=J5-10
Added Pin To Net: NetName=PGND Pin=J5-11
Added Pin To Net: NetName=PGND Pin=J5-12
Added Pin To Net: NetName=PGND Pin=J6-10
Added Pin To Net: NetName=PGND Pin=J6-11
Added Pin To Net: NetName=PGND Pin=J6-12
Added Pin To Net: NetName=PGND Pin=J7-10
Added Pin To Net: NetName=PGND Pin=J7-11
Added Pin To Net: NetName=PGND Pin=J7-12
Added Pin To Net: NetName=PGND Pin=J8-1
Added Pin To Net: NetName=PGND Pin=J8-2
Added Pin To Net: NetName=PGND Pin=J8-3
Added Pin To Net: NetName=PGND Pin=J8-10
Added Pin To Net: NetName=PGND Pin=J8-11
Added Pin To Net: NetName=PGND Pin=J8-12
Added Pin To Net: NetName=PGND Pin=LED?-C
Added Pin To Net: NetName=PGND Pin=P12-3
Added Pin To Net: NetName=PGND Pin=P15-3
Added Pin To Net: NetName=PGND Pin=P18-3
Added Pin To Net: NetName=PGND Pin=P29-5
Added Pin To Net: NetName=PGND Pin=P?-3
Added Pin To Net: NetName=PGND Pin=P?-3
Added Pin To Net: NetName=PGND Pin=R?-1
Added Pin To Net: NetName=PGND Pin=R?-1
Added Pin To Net: NetName=PGND Pin=R?-1
Added Pin To Net: NetName=PGND Pin=R?-1
Added Pin To Net: NetName=PGND Pin=R?-1
Added Pin To Net: NetName=PGND Pin=U?-0
Added Pin To Net: NetName=PGND Pin=U?-7
Added Net: Name=PGND
Added Pin To Net: NetName=VCC_5V_EXT Pin=P4-1
Added Pin To Net: NetName=VCC_5V_EXT Pin=P8-1
Added Pin To Net: NetName=VCC_5V_EXT Pin=P?-7
Added Pin To Net: NetName=VCC_5V_EXT Pin=R?-2
Added Pin To Net: NetName=VCC_5V_EXT Pin=U?-1
Added Net: Name=VCC_5V_EXT
Added Pin To Net: NetName=VCC_5V Pin=C?-1
Added Pin To Net: NetName=VCC_5V Pin=C?-1
Added Pin To Net: NetName=VCC_5V Pin=C?-2
Added Pin To Net: NetName=VCC_5V Pin=C?-2
Added Pin To Net: NetName=VCC_5V Pin=C?-2
Added Pin To Net: NetName=VCC_5V Pin=C?-2
Added Pin To Net: NetName=VCC_5V Pin=L?-2
Added Pin To Net: NetName=VCC_5V Pin=R?-2
Added Pin To Net: NetName=VCC_5V Pin=R?-2
Added Pin To Net: NetName=VCC_5V Pin=U1-5
Added Pin To Net: NetName=VCC_5V Pin=U1-6
Added Pin To Net: NetName=VCC_5V Pin=U?-1
Added Pin To Net: NetName=VCC_5V Pin=U?-1
Added Pin To Net: NetName=VCC_5V Pin=U?-5
Added Net: Name=VCC_5V
Added Pin To Net: NetName=VCC_Servo Pin=C?-1
Added Pin To Net: NetName=VCC_Servo Pin=C?-2
Added Pin To Net: NetName=VCC_Servo Pin=L?-2
Added Pin To Net: NetName=VCC_Servo Pin=P12-2
Added Pin To Net: NetName=VCC_Servo Pin=P15-2
Added Pin To Net: NetName=VCC_Servo Pin=P18-2
Added Pin To Net: NetName=VCC_Servo Pin=R?-2
Added Pin To Net: NetName=VCC_Servo Pin=R?-2
Added Net: Name=VCC_Servo
Added Pin To Net: NetName=VCCBAT Pin=C?-1
Added Pin To Net: NetName=VCCBAT Pin=C?-2
Added Pin To Net: NetName=VCCBAT Pin=C?-2
Added Pin To Net: NetName=VCCBAT Pin=D?-A
Added Pin To Net: NetName=VCCBAT Pin=J1-4
Added Pin To Net: NetName=VCCBAT Pin=J1-5
Added Pin To Net: NetName=VCCBAT Pin=J1-6
Added Pin To Net: NetName=VCCBAT Pin=J1-7
Added Pin To Net: NetName=VCCBAT Pin=J1-8
Added Pin To Net: NetName=VCCBAT Pin=J1-9
Added Pin To Net: NetName=VCCBAT Pin=J3-4
Added Pin To Net: NetName=VCCBAT Pin=J3-5
Added Pin To Net: NetName=VCCBAT Pin=J3-6
Added Pin To Net: NetName=VCCBAT Pin=J3-7
Added Pin To Net: NetName=VCCBAT Pin=J3-8
Added Pin To Net: NetName=VCCBAT Pin=J3-9
Added Pin To Net: NetName=VCCBAT Pin=J6-4
Added Pin To Net: NetName=VCCBAT Pin=J6-5
Added Pin To Net: NetName=VCCBAT Pin=J6-6
Added Pin To Net: NetName=VCCBAT Pin=J6-7
Added Pin To Net: NetName=VCCBAT Pin=J6-8
Added Pin To Net: NetName=VCCBAT Pin=J6-9
Added Pin To Net: NetName=VCCBAT Pin=J7-4
Added Pin To Net: NetName=VCCBAT Pin=J7-5
Added Pin To Net: NetName=VCCBAT Pin=J7-6
Added Pin To Net: NetName=VCCBAT Pin=J7-7
Added Pin To Net: NetName=VCCBAT Pin=J7-8
Added Pin To Net: NetName=VCCBAT Pin=J7-9
Added Pin To Net: NetName=VCCBAT Pin=P29-4
Added Pin To Net: NetName=VCCBAT Pin=P?-2
Added Pin To Net: NetName=VCCBAT Pin=P?-2
Added Pin To Net: NetName=VCCBAT Pin=Q?-1
Added Pin To Net: NetName=VCCBAT Pin=U?-2
Added Pin To Net: NetName=VCCBAT Pin=U?-3
Added Net: Name=VCCBAT
Added Class: Name=RT1064_CoreBoard
Added Class: Name=RT1064_Device
Added Class: Name=RT1064_Interaction
Added Class: Name=RT1064_Power
