Change Component Footprint: Designator=P3 Old Footprint=HDR1X12 New Footprint=KFHB9500-2P
Change Component Footprint: Designator=P4 Old Footprint=HDR1X12 New Footprint=XH6/2.54mm/90
Change Component Footprint: Designator=P1 Old Footprint=HDR1X12 New Footprint=XT30-M
Change Component Footprint: Designator=P2 Old Footprint=HDR1X12 New Footprint=XT30-M
Change Component Comment : Designator=P4 Old Comment=Header 12 New Comment=Header-D-M 2x3P
Change Component Comment : Designator=P1 Old Comment=Header 12 New Comment=KF/WJ/DG 30x connecter
Change Component Comment : Designator=P2 Old Comment=Header 12 New Comment=KF/WJ/DG 30x connecter
Change Component Comment : Designator=P3 Old Comment=Header 12 New Comment=KF/WJ/DG 30x connecter
Change component parameters: Designator = "P1" ("P1"); Footprint = "HDR1X12"; UniqueID = "\LANXXUTE" ("\LANXXUTE")
Change component parameters: Designator = "P2" ("P2"); Footprint = "HDR1X12"; UniqueID = "\DBCVWIHW" ("\DBCVWIHW")
Change component parameters: Designator = "P3" ("P3"); Footprint = "HDR1X12"; UniqueID = "\HTJGTHDB" ("\HTJGTHDB")
Change component parameters: Designator = "P4" ("P4"); Footprint = "HDR1X12"; UniqueID = "\SIICNJYA" ("\SIICNJYA")
Change component parameters (AddParameter): Name = "Revision"; Value = "V1.0"; VariantName = "[No Variations]"
Change component parameters (AddParameter): Name = "Value"; Value = "Header-D-M 2x3P"; VariantName = "[No Variations]"
Added Component: Designator=S1(SS-12F23)
Add component (AddParameter): Name = "Price(RMB)"; Value = "0.000"; VariantName = "[No Variations]"
Add component (AddParameter): Name = "Published"; Value = "24-Mar-1999"; VariantName = "[No Variations]"
Add component (AddParameter): Name = "Publisher"; Value = "Altium Limited"; VariantName = "[No Variations]"
Added Pin To Net: NetName=3V3 Pin=D4-K
Added Pin To Net: NetName=3V3 Pin=R2-2
Added Pin To Net: NetName=3V3 Pin=R3-2
Added Pin To Net: NetName=3V3 Pin=S1-3
Added Net: Name=3V3
Added Pin To Net: NetName=DVDD Pin=C6-2
Added Pin To Net: NetName=DVDD Pin=U1-8
Added Pin To Net: NetName=DVDD Pin=U2-14
Added Net: Name=DVDD
Added Pin To Net: NetName=GND Pin=C3-2
Added Pin To Net: NetName=GND Pin=C4-2
Added Pin To Net: NetName=GND Pin=C5-1
Added Pin To Net: NetName=GND Pin=C6-1
Added Pin To Net: NetName=GND Pin=C9-2
Added Pin To Net: NetName=GND Pin=C10-2
Added Pin To Net: NetName=GND Pin=C11-1
Added Pin To Net: NetName=GND Pin=C12-1
Added Pin To Net: NetName=GND Pin=C13-2
Added Pin To Net: NetName=GND Pin=D2-2
Added Pin To Net: NetName=GND Pin=D4-A
Added Pin To Net: NetName=GND Pin=D5-2
Added Pin To Net: NetName=GND Pin=P3-2
Added Pin To Net: NetName=GND Pin=P4-3
Added Pin To Net: NetName=GND Pin=P4-4
Added Pin To Net: NetName=GND Pin=Q3-3
Added Pin To Net: NetName=GND Pin=Q3-3
Added Pin To Net: NetName=GND Pin=Q3-3
Added Pin To Net: NetName=GND Pin=Q4-3
Added Pin To Net: NetName=GND Pin=Q4-3
Added Pin To Net: NetName=GND Pin=Q4-3
Added Pin To Net: NetName=GND Pin=Q7-3
Added Pin To Net: NetName=GND Pin=Q7-3
Added Pin To Net: NetName=GND Pin=Q7-3
Added Pin To Net: NetName=GND Pin=Q8-3
Added Pin To Net: NetName=GND Pin=Q8-3
Added Pin To Net: NetName=GND Pin=Q8-3
Added Pin To Net: NetName=GND Pin=R4-2
Added Pin To Net: NetName=GND Pin=R5-1
Added Pin To Net: NetName=GND Pin=R6-2
Added Pin To Net: NetName=GND Pin=R7-1
Added Pin To Net: NetName=GND Pin=U1-0
Added Pin To Net: NetName=GND Pin=U1-5
Added Pin To Net: NetName=GND Pin=U1-16
Added Pin To Net: NetName=GND Pin=U1-20
Added Pin To Net: NetName=GND Pin=U1-21
Added Pin To Net: NetName=GND Pin=U2-1
Added Pin To Net: NetName=GND Pin=U2-4
Added Pin To Net: NetName=GND Pin=U2-7
Added Pin To Net: NetName=GND Pin=U2-10
Added Pin To Net: NetName=GND Pin=U2-13
Added Pin To Net: NetName=GND Pin=U3-0
Added Pin To Net: NetName=GND Pin=U3-5
Added Pin To Net: NetName=GND Pin=U3-16
Added Pin To Net: NetName=GND Pin=U3-20
Added Pin To Net: NetName=GND Pin=U3-21
Added Net: Name=GND
Added Pin To Net: NetName=L_EN_IN Pin=P4-5
Added Pin To Net: NetName=L_EN_IN Pin=R6-1
Added Pin To Net: NetName=L_EN_IN Pin=U2-5
Added Net: Name=L_EN_IN
Added Pin To Net: NetName=L_EN Pin=U1-14
Added Pin To Net: NetName=L_EN Pin=U2-6
Added Net: Name=L_EN
Added Pin To Net: NetName=L_PH_IN Pin=P4-1
Added Pin To Net: NetName=L_PH_IN Pin=R4-1
Added Pin To Net: NetName=L_PH_IN Pin=U2-2
Added Net: Name=L_PH_IN
Added Pin To Net: NetName=L_PH Pin=U1-15
Added Pin To Net: NetName=L_PH Pin=U2-3
Added Net: Name=L_PH
Added Pin To Net: NetName=L  A Pin=P2-1
Added Pin To Net: NetName=L  A Pin=Q2-3
Added Pin To Net: NetName=L  A Pin=Q2-3
Added Pin To Net: NetName=L  A Pin=Q2-3
Added Pin To Net: NetName=L  A Pin=Q4-1
Added Pin To Net: NetName=L  A Pin=Q4-1
Added Pin To Net: NetName=L  A Pin=Q4-1
Added Pin To Net: NetName=L  A Pin=Q4-1
Added Pin To Net: NetName=L  A Pin=Q4-1
Added Pin To Net: NetName=L  A Pin=Q4-1
Added Pin To Net: NetName=L  A Pin=U1-23
Added Net: Name=L  A
Added Pin To Net: NetName=L  B Pin=P2-2
Added Pin To Net: NetName=L  B Pin=Q1-3
Added Pin To Net: NetName=L  B Pin=Q1-3
Added Pin To Net: NetName=L  B Pin=Q1-3
Added Pin To Net: NetName=L  B Pin=Q3-1
Added Pin To Net: NetName=L  B Pin=Q3-1
Added Pin To Net: NetName=L  B Pin=Q3-1
Added Pin To Net: NetName=L  B Pin=Q3-1
Added Pin To Net: NetName=L  B Pin=Q3-1
Added Pin To Net: NetName=L  B Pin=Q3-1
Added Pin To Net: NetName=L  B Pin=U1-18
Added Net: Name=L  B
Added Pin To Net: NetName=NetC1_1 Pin=C1-1
Added Pin To Net: NetName=NetC1_1 Pin=U1-4
Added Net: Name=NetC1_1
Added Pin To Net: NetName=NetC1_2 Pin=C1-2
Added Pin To Net: NetName=NetC1_2 Pin=U1-3
Added Net: Name=NetC1_2
Added Pin To Net: NetName=NetC2_1 Pin=C2-1
Added Pin To Net: NetName=NetC2_1 Pin=U1-2
Added Net: Name=NetC2_1
Added Pin To Net: NetName=NetC2_2 Pin=C2-2
Added Pin To Net: NetName=NetC2_2 Pin=C3-1
Added Pin To Net: NetName=NetC2_2 Pin=C4-1
Added Pin To Net: NetName=NetC2_2 Pin=D1-2
Added Pin To Net: NetName=NetC2_2 Pin=U1-1
Added Net: Name=NetC2_2
Added Pin To Net: NetName=NetC5_2 Pin=C5-2
Added Pin To Net: NetName=NetC5_2 Pin=U1-6
Added Pin To Net: NetName=NetC5_2 Pin=U1-7
Added Pin To Net: NetName=NetC5_2 Pin=U1-12
Added Net: Name=NetC5_2
Added Pin To Net: NetName=NetC7_1 Pin=C7-1
Added Pin To Net: NetName=NetC7_1 Pin=U3-4
Added Net: Name=NetC7_1
Added Pin To Net: NetName=NetC7_2 Pin=C7-2
Added Pin To Net: NetName=NetC7_2 Pin=U3-3
Added Net: Name=NetC7_2
Added Pin To Net: NetName=NetC8_1 Pin=C8-1
Added Pin To Net: NetName=NetC8_1 Pin=U3-2
Added Net: Name=NetC8_1
Added Pin To Net: NetName=NetC8_2 Pin=C8-2
Added Pin To Net: NetName=NetC8_2 Pin=C9-1
Added Pin To Net: NetName=NetC8_2 Pin=C10-1
Added Pin To Net: NetName=NetC8_2 Pin=D3-2
Added Pin To Net: NetName=NetC8_2 Pin=U3-1
Added Net: Name=NetC8_2
Added Pin To Net: NetName=NetC11_2 Pin=C11-2
Added Pin To Net: NetName=NetC11_2 Pin=U3-6
Added Pin To Net: NetName=NetC11_2 Pin=U3-7
Added Pin To Net: NetName=NetC11_2 Pin=U3-12
Added Net: Name=NetC11_2
Added Pin To Net: NetName=NetC12_2 Pin=C12-2
Added Pin To Net: NetName=NetC12_2 Pin=U3-8
Added Net: Name=NetC12_2
Added Pin To Net: NetName=NetD2_1 Pin=D2-1
Added Pin To Net: NetName=NetD2_1 Pin=R1-2
Added Net: Name=NetD2_1
Added Pin To Net: NetName=NetD5_1 Pin=D5-1
Added Pin To Net: NetName=NetD5_1 Pin=R3-1
Added Net: Name=NetD5_1
Added Pin To Net: NetName=NetQ1_2 Pin=Q1-2
Added Pin To Net: NetName=NetQ1_2 Pin=U1-17
Added Net: Name=NetQ1_2
Added Pin To Net: NetName=NetQ2_2 Pin=Q2-2
Added Pin To Net: NetName=NetQ2_2 Pin=U1-24
Added Net: Name=NetQ2_2
Added Pin To Net: NetName=NetQ3_2 Pin=Q3-2
Added Pin To Net: NetName=NetQ3_2 Pin=U1-19
Added Net: Name=NetQ3_2
Added Pin To Net: NetName=NetQ4_2 Pin=Q4-2
Added Pin To Net: NetName=NetQ4_2 Pin=U1-22
Added Net: Name=NetQ4_2
Added Pin To Net: NetName=NetQ5_2 Pin=Q5-2
Added Pin To Net: NetName=NetQ5_2 Pin=U3-17
Added Net: Name=NetQ5_2
Added Pin To Net: NetName=NetQ6_2 Pin=Q6-2
Added Pin To Net: NetName=NetQ6_2 Pin=U3-24
Added Net: Name=NetQ6_2
Added Pin To Net: NetName=NetQ7_2 Pin=Q7-2
Added Pin To Net: NetName=NetQ7_2 Pin=U3-19
Added Net: Name=NetQ7_2
Added Pin To Net: NetName=NetQ8_2 Pin=Q8-2
Added Pin To Net: NetName=NetQ8_2 Pin=U3-22
Added Net: Name=NetQ8_2
Added Pin To Net: NetName=nSLEEP Pin=R1-1
Added Pin To Net: NetName=nSLEEP Pin=S1-2
Added Pin To Net: NetName=nSLEEP Pin=U1-13
Added Pin To Net: NetName=nSLEEP Pin=U3-13
Added Net: Name=nSLEEP
Added Pin To Net: NetName=R_EN_IN Pin=P4-6
Added Pin To Net: NetName=R_EN_IN Pin=R7-2
Added Pin To Net: NetName=R_EN_IN Pin=U2-9
Added Net: Name=R_EN_IN
Added Pin To Net: NetName=R_EN Pin=U2-8
Added Pin To Net: NetName=R_EN Pin=U3-14
Added Net: Name=R_EN
Added Pin To Net: NetName=R_PH_IN Pin=P4-2
Added Pin To Net: NetName=R_PH_IN Pin=R5-2
Added Pin To Net: NetName=R_PH_IN Pin=U2-12
Added Net: Name=R_PH_IN
Added Pin To Net: NetName=R_PH Pin=U2-11
Added Pin To Net: NetName=R_PH Pin=U3-15
Added Net: Name=R_PH
Added Pin To Net: NetName=R  A Pin=P1-1
Added Pin To Net: NetName=R  A Pin=Q6-3
Added Pin To Net: NetName=R  A Pin=Q6-3
Added Pin To Net: NetName=R  A Pin=Q6-3
Added Pin To Net: NetName=R  A Pin=Q8-1
Added Pin To Net: NetName=R  A Pin=Q8-1
Added Pin To Net: NetName=R  A Pin=Q8-1
Added Pin To Net: NetName=R  A Pin=Q8-1
Added Pin To Net: NetName=R  A Pin=Q8-1
Added Pin To Net: NetName=R  A Pin=Q8-1
Added Pin To Net: NetName=R  A Pin=U3-23
Added Net: Name=R  A
Added Pin To Net: NetName=R  B Pin=P1-2
Added Pin To Net: NetName=R  B Pin=Q5-3
Added Pin To Net: NetName=R  B Pin=Q5-3
Added Pin To Net: NetName=R  B Pin=Q5-3
Added Pin To Net: NetName=R  B Pin=Q7-1
Added Pin To Net: NetName=R  B Pin=Q7-1
Added Pin To Net: NetName=R  B Pin=Q7-1
Added Pin To Net: NetName=R  B Pin=Q7-1
Added Pin To Net: NetName=R  B Pin=Q7-1
Added Pin To Net: NetName=R  B Pin=Q7-1
Added Pin To Net: NetName=R  B Pin=U3-18
Added Net: Name=R  B
Added Pin To Net: NetName=VM Pin=C13-1
Added Pin To Net: NetName=VM Pin=D1-1
Added Pin To Net: NetName=VM Pin=D3-1
Added Pin To Net: NetName=VM Pin=P3-1
Added Pin To Net: NetName=VM Pin=Q1-1
Added Pin To Net: NetName=VM Pin=Q1-1
Added Pin To Net: NetName=VM Pin=Q1-1
Added Pin To Net: NetName=VM Pin=Q1-1
Added Pin To Net: NetName=VM Pin=Q1-1
Added Pin To Net: NetName=VM Pin=Q1-1
Added Pin To Net: NetName=VM Pin=Q2-1
Added Pin To Net: NetName=VM Pin=Q2-1
Added Pin To Net: NetName=VM Pin=Q2-1
Added Pin To Net: NetName=VM Pin=Q2-1
Added Pin To Net: NetName=VM Pin=Q2-1
Added Pin To Net: NetName=VM Pin=Q2-1
Added Pin To Net: NetName=VM Pin=Q5-1
Added Pin To Net: NetName=VM Pin=Q5-1
Added Pin To Net: NetName=VM Pin=Q5-1
Added Pin To Net: NetName=VM Pin=Q5-1
Added Pin To Net: NetName=VM Pin=Q5-1
Added Pin To Net: NetName=VM Pin=Q5-1
Added Pin To Net: NetName=VM Pin=Q6-1
Added Pin To Net: NetName=VM Pin=Q6-1
Added Pin To Net: NetName=VM Pin=Q6-1
Added Pin To Net: NetName=VM Pin=Q6-1
Added Pin To Net: NetName=VM Pin=Q6-1
Added Pin To Net: NetName=VM Pin=Q6-1
Added Pin To Net: NetName=VM Pin=R2-1
Added Net: Name=VM
Added Class: Name=DRV8701ESheet
